11-06 12:27 werkzeug     INFO     [31m[1mWARNING: This is a development server. Do not use it in a production deployment. Use a production WSGI server instead.[0m
 * Running on http://127.0.0.1:5000
11-06 12:27 werkzeug     INFO     [33mPress CTRL+C to quit[0m
11-06 12:27 werkzeug     INFO      * Restarting with stat
11-06 12:27 werkzeug     WARNING   * Debugger is active!
11-06 12:27 werkzeug     INFO      * Debugger PIN: 863-880-111
11-06 12:27 werkzeug     INFO      * Detected change in '/home/tony/flaskprojects/melamineapi/api/api.py', reloading
11-06 12:27 werkzeug     INFO      * Restarting with stat
11-06 12:27 werkzeug     WARNING   * Debugger is active!
11-06 12:27 werkzeug     INFO      * Debugger PIN: 646-771-619
11-06 12:27 werkzeug     INFO     [31m[1mWARNING: This is a development server. Do not use it in a production deployment. Use a production WSGI server instead.[0m
 * Running on http://127.0.0.1:5000
11-06 12:27 werkzeug     INFO     [33mPress CTRL+C to quit[0m
11-06 12:27 werkzeug     INFO      * Restarting with stat
11-06 12:27 werkzeug     WARNING   * Debugger is active!
11-06 12:27 werkzeug     INFO      * Debugger PIN: 863-880-111
11-06 12:32 werkzeug     INFO      * Detected change in '/home/tony/flaskprojects/melamineapi/api/models/user.py', reloading
11-06 12:32 werkzeug     INFO      * Restarting with stat
11-06 12:32 werkzeug     WARNING   * Debugger is active!
11-06 12:32 werkzeug     INFO      * Debugger PIN: 863-880-111
11-06 12:36 werkzeug     INFO      * Detected change in '/home/tony/flaskprojects/melamineapi/api/models/lesion.py', reloading
11-06 12:36 werkzeug     INFO      * Restarting with stat
11-06 12:36 werkzeug     WARNING   * Debugger is active!
11-06 12:36 werkzeug     INFO      * Debugger PIN: 863-880-111
11-06 17:58 werkzeug     INFO     [31m[1mWARNING: This is a development server. Do not use it in a production deployment. Use a production WSGI server instead.[0m
 * Running on http://127.0.0.1:5000
11-06 17:58 werkzeug     INFO     [33mPress CTRL+C to quit[0m
11-06 17:58 werkzeug     INFO      * Restarting with stat
11-06 17:58 werkzeug     WARNING   * Debugger is active!
11-06 17:58 werkzeug     INFO      * Debugger PIN: 863-880-111
11-06 17:59 werkzeug     INFO     127.0.0.1 - - [06/Nov/2022 17:59:54] "[35m[1mPOST /api/users HTTP/1.1[0m" 500 -
11-06 18:00 werkzeug     INFO     127.0.0.1 - - [06/Nov/2022 18:00:27] "[35m[1mPOST /api/users HTTP/1.1[0m" 500 -
11-06 18:03 werkzeug     INFO     127.0.0.1 - - [06/Nov/2022 18:03:16] "[35m[1mPOST /api/users HTTP/1.1[0m" 500 -
11-06 18:04 werkzeug     INFO      * Detected change in '/home/tony/flaskprojects/melamineapi/api/api.py', reloading
11-06 18:04 werkzeug     INFO      * Restarting with stat
11-06 18:04 werkzeug     WARNING   * Debugger is active!
11-06 18:04 werkzeug     INFO      * Debugger PIN: 863-880-111
11-06 18:04 werkzeug     INFO     127.0.0.1 - - [06/Nov/2022 18:04:23] "[35m[1mPOST /api/users HTTP/1.1[0m" 500 -
11-06 18:04 werkzeug     INFO      * Detected change in '/home/tony/flaskprojects/melamineapi/api/api.py', reloading
11-06 18:04 werkzeug     INFO      * Restarting with stat
11-06 18:04 werkzeug     WARNING   * Debugger is active!
11-06 18:04 werkzeug     INFO      * Debugger PIN: 863-880-111
11-06 18:04 werkzeug     INFO     127.0.0.1 - - [06/Nov/2022 18:04:57] "POST /api/users HTTP/1.1" 200 -
11-06 18:05 werkzeug     INFO      * Detected change in '/home/tony/flaskprojects/melamineapi/api/resources/users_resource.py', reloading
11-06 18:05 werkzeug     INFO      * Restarting with stat
11-06 18:05 werkzeug     WARNING   * Debugger is active!
11-06 18:05 werkzeug     INFO      * Debugger PIN: 863-880-111
11-06 18:05 werkzeug     INFO     127.0.0.1 - - [06/Nov/2022 18:05:48] "[31m[1mPOST /api/users HTTP/1.1[0m" 403 -
11-06 18:06 werkzeug     INFO     127.0.0.1 - - [06/Nov/2022 18:06:52] "[35m[1mPOST /api/users HTTP/1.1[0m" 201 -
11-06 18:25 werkzeug     INFO      * Detected change in '/home/tony/flaskprojects/melamineapi/api/resources/users_resource.py', reloading
11-06 18:25 werkzeug     INFO      * Restarting with stat
11-06 18:25 werkzeug     INFO      * Restarting with stat
11-06 18:25 werkzeug     WARNING   * Debugger is active!
11-06 18:25 werkzeug     INFO      * Debugger PIN: 863-880-111
11-06 18:26 werkzeug     INFO     127.0.0.1 - - [06/Nov/2022 18:26:02] "[33mPOST /api/users HTTP/1.1[0m" 404 -
11-06 18:26 werkzeug     INFO     127.0.0.1 - - [06/Nov/2022 18:26:11] "[31m[1mPOST /api/users/signup HTTP/1.1[0m" 403 -
11-06 18:26 werkzeug     INFO     127.0.0.1 - - [06/Nov/2022 18:26:15] "[35m[1mPOST /api/users/signup HTTP/1.1[0m" 201 -
11-06 18:55 werkzeug     INFO     [31m[1mWARNING: This is a development server. Do not use it in a production deployment. Use a production WSGI server instead.[0m
 * Running on http://127.0.0.1:5000
11-06 18:55 werkzeug     INFO     [33mPress CTRL+C to quit[0m
11-06 18:55 werkzeug     INFO      * Restarting with stat
11-06 18:55 werkzeug     WARNING   * Debugger is active!
11-06 18:55 werkzeug     INFO      * Debugger PIN: 863-880-111
11-06 18:55 werkzeug     INFO     127.0.0.1 - - [06/Nov/2022 18:55:19] "[31m[1mPOST /api/users/signup HTTP/1.1[0m" 403 -
11-06 18:55 werkzeug     INFO     127.0.0.1 - - [06/Nov/2022 18:55:26] "[31m[1mPOST /api/users/signup HTTP/1.1[0m" 403 -
11-06 18:55 werkzeug     INFO     127.0.0.1 - - [06/Nov/2022 18:55:34] "[35m[1mPOST /api/users/signup HTTP/1.1[0m" 201 -
11-06 18:55 werkzeug     INFO     127.0.0.1 - - [06/Nov/2022 18:55:48] "[35m[1mPOST /api/users/login HTTP/1.1[0m" 500 -
11-06 18:56 werkzeug     INFO      * Detected change in '/home/tony/flaskprojects/melamineapi/api/resources/users_resource.py', reloading
11-06 18:56 werkzeug     INFO      * Restarting with stat
11-06 18:56 werkzeug     WARNING   * Debugger is active!
11-06 18:56 werkzeug     INFO      * Debugger PIN: 863-880-111
11-06 18:56 werkzeug     INFO     127.0.0.1 - - [06/Nov/2022 18:56:30] "[35m[1mPOST /api/users/login HTTP/1.1[0m" 500 -
11-06 18:56 werkzeug     INFO      * Detected change in '/home/tony/flaskprojects/melamineapi/api/resources/users_resource.py', reloading
11-06 18:56 werkzeug     INFO      * Restarting with stat
11-06 18:56 werkzeug     WARNING   * Debugger is active!
11-06 18:56 werkzeug     INFO      * Debugger PIN: 863-880-111
11-06 18:56 werkzeug     INFO     127.0.0.1 - - [06/Nov/2022 18:56:39] "[31m[1mPOST /api/users/login HTTP/1.1[0m" 401 -
11-06 18:56 werkzeug     INFO     127.0.0.1 - - [06/Nov/2022 18:56:45] "[31m[1mPOST /api/users/login HTTP/1.1[0m" 401 -
11-06 18:56 werkzeug     INFO     127.0.0.1 - - [06/Nov/2022 18:56:54] "[31m[1mPOST /api/users/login HTTP/1.1[0m" 401 -
11-06 18:57 werkzeug     INFO      * Detected change in '/home/tony/flaskprojects/melamineapi/api/resources/users_resource.py', reloading
11-06 18:57 werkzeug     INFO      * Restarting with stat
11-06 18:57 werkzeug     WARNING   * Debugger is active!
11-06 18:57 werkzeug     INFO      * Debugger PIN: 863-880-111
11-06 18:57 werkzeug     INFO     127.0.0.1 - - [06/Nov/2022 18:57:30] "POST /api/users/login HTTP/1.1" 200 -
11-06 18:57 werkzeug     INFO      * Detected change in '/home/tony/flaskprojects/melamineapi/api/resources/users_resource.py', reloading
11-06 18:57 werkzeug     INFO      * Restarting with stat
11-06 18:57 werkzeug     WARNING   * Debugger is active!
11-06 18:57 werkzeug     INFO      * Debugger PIN: 863-880-111
11-06 18:58 werkzeug     INFO     127.0.0.1 - - [06/Nov/2022 18:58:00] "POST /api/users/login HTTP/1.1" 200 -
11-06 18:58 werkzeug     INFO      * Detected change in '/home/tony/flaskprojects/melamineapi/api/resources/users_resource.py', reloading
11-06 18:58 werkzeug     INFO      * Restarting with stat
11-06 18:58 werkzeug     WARNING   * Debugger is active!
11-06 18:58 werkzeug     INFO      * Debugger PIN: 863-880-111
11-06 18:58 werkzeug     INFO     127.0.0.1 - - [06/Nov/2022 18:58:15] "[31m[1mPOST /api/users/login HTTP/1.1[0m" 401 -
11-06 18:58 werkzeug     INFO      * Detected change in '/home/tony/flaskprojects/melamineapi/api/resources/users_resource.py', reloading
11-06 18:58 werkzeug     INFO      * Restarting with stat
11-06 18:58 werkzeug     WARNING   * Debugger is active!
11-06 18:58 werkzeug     INFO      * Debugger PIN: 863-880-111
11-06 18:58 werkzeug     INFO     127.0.0.1 - - [06/Nov/2022 18:58:34] "POST /api/users/login HTTP/1.1" 200 -
11-06 18:59 werkzeug     INFO      * Detected change in '/home/tony/flaskprojects/melamineapi/api/resources/users_resource.py', reloading
11-06 18:59 werkzeug     INFO      * Restarting with stat
11-06 18:59 werkzeug     WARNING   * Debugger is active!
11-06 18:59 werkzeug     INFO      * Debugger PIN: 863-880-111
11-06 18:59 werkzeug     INFO     127.0.0.1 - - [06/Nov/2022 18:59:33] "[35m[1mPOST /api/users/login HTTP/1.1[0m" 500 -
11-06 19:00 werkzeug     INFO      * Detected change in '/home/tony/flaskprojects/melamineapi/api/resources/users_resource.py', reloading
11-06 19:00 werkzeug     INFO      * Restarting with stat
11-06 19:00 werkzeug     WARNING   * Debugger is active!
11-06 19:00 werkzeug     INFO      * Debugger PIN: 863-880-111
11-06 19:00 werkzeug     INFO     127.0.0.1 - - [06/Nov/2022 19:00:05] "POST /api/users/login HTTP/1.1" 200 -
11-06 19:10 werkzeug     INFO      * Detected change in '/home/tony/flaskprojects/melamineapi/api/resources/users_resource.py', reloading
11-06 19:10 werkzeug     INFO      * Restarting with stat
11-06 19:10 werkzeug     WARNING   * Debugger is active!
11-06 19:10 werkzeug     INFO      * Debugger PIN: 863-880-111
11-06 19:11 werkzeug     INFO      * Detected change in '/home/tony/flaskprojects/melamineapi/api/api.py', reloading
11-06 19:11 werkzeug     INFO      * Restarting with stat
11-06 19:11 werkzeug     WARNING   * Debugger is active!
11-06 19:11 werkzeug     INFO      * Debugger PIN: 863-880-111
11-06 19:13 werkzeug     INFO      * Detected change in '/home/tony/flaskprojects/melamineapi/api/resources/users_resource.py', reloading
11-06 19:13 werkzeug     INFO      * Restarting with stat
11-06 19:13 werkzeug     WARNING   * Debugger is active!
11-06 19:13 werkzeug     INFO      * Debugger PIN: 863-880-111
11-06 19:13 werkzeug     INFO      * Detected change in '/home/tony/flaskprojects/melamineapi/api/api.py', reloading
11-06 19:13 werkzeug     INFO      * Restarting with stat
11-06 19:13 werkzeug     WARNING   * Debugger is active!
11-06 19:13 werkzeug     INFO      * Debugger PIN: 863-880-111
11-06 19:13 werkzeug     INFO     127.0.0.1 - - [06/Nov/2022 19:13:47] "[35m[1mPOST /api/users/logout HTTP/1.1[0m" 500 -
11-06 19:15 werkzeug     INFO      * Detected change in '/home/tony/flaskprojects/melamineapi/api/api.py', reloading
11-06 19:15 werkzeug     INFO      * Restarting with stat
11-06 19:15 werkzeug     WARNING   * Debugger is active!
11-06 19:15 werkzeug     INFO      * Debugger PIN: 863-880-111
11-06 19:15 werkzeug     INFO     127.0.0.1 - - [06/Nov/2022 19:15:13] "[35m[1mPOST /api/users/logout HTTP/1.1[0m" 500 -
11-06 19:15 werkzeug     INFO      * Detected change in '/home/tony/flaskprojects/melamineapi/api/api.py', reloading
11-06 19:15 werkzeug     INFO      * Restarting with stat
11-06 19:15 werkzeug     WARNING   * Debugger is active!
11-06 19:15 werkzeug     INFO      * Debugger PIN: 863-880-111
11-06 19:16 werkzeug     INFO     127.0.0.1 - - [06/Nov/2022 19:16:02] "[35m[1mPOST /api/users/login HTTP/1.1[0m" 500 -
11-06 19:17 werkzeug     INFO      * Detected change in '/home/tony/flaskprojects/melamineapi/api/resources/users_resource.py', reloading
11-06 19:17 werkzeug     INFO      * Restarting with stat
11-06 19:17 werkzeug     WARNING   * Debugger is active!
11-06 19:17 werkzeug     INFO      * Debugger PIN: 863-880-111
11-06 19:17 werkzeug     INFO     127.0.0.1 - - [06/Nov/2022 19:17:17] "[35m[1mPOST /api/users/login HTTP/1.1[0m" 500 -
11-06 19:19 werkzeug     INFO      * Detected change in '/home/tony/flaskprojects/melamineapi/api/resources/users_resource.py', reloading
11-06 19:19 werkzeug     INFO      * Restarting with stat
11-06 19:19 werkzeug     WARNING   * Debugger is active!
11-06 19:19 werkzeug     INFO      * Debugger PIN: 863-880-111
11-06 19:19 werkzeug     INFO     127.0.0.1 - - [06/Nov/2022 19:19:07] "[35m[1mPOST /api/users/login HTTP/1.1[0m" 500 -
11-06 19:20 werkzeug     INFO      * Detected change in '/home/tony/flaskprojects/melamineapi/api/resources/users_resource.py', reloading
11-06 19:20 werkzeug     INFO      * Restarting with stat
11-06 19:20 werkzeug     WARNING   * Debugger is active!
11-06 19:20 werkzeug     INFO      * Debugger PIN: 863-880-111
11-06 19:20 werkzeug     INFO     127.0.0.1 - - [06/Nov/2022 19:20:15] "POST /api/users/login HTTP/1.1" 200 -
11-06 19:20 werkzeug     INFO      * Detected change in '/home/tony/flaskprojects/melamineapi/api/api.py', reloading
11-06 19:20 werkzeug     INFO      * Restarting with stat
11-06 19:20 werkzeug     WARNING   * Debugger is active!
11-06 19:20 werkzeug     INFO      * Debugger PIN: 863-880-111
11-06 19:20 werkzeug     INFO     127.0.0.1 - - [06/Nov/2022 19:20:36] "POST /api/users/login HTTP/1.1" 200 -
11-06 19:20 werkzeug     INFO     127.0.0.1 - - [06/Nov/2022 19:20:40] "[35m[1mPOST /api/users/logout HTTP/1.1[0m" 500 -
11-06 21:07 werkzeug     INFO     127.0.0.1 - - [06/Nov/2022 21:07:17] "[35m[1mPOST /api/users/logout HTTP/1.1[0m" 500 -
11-06 21:08 werkzeug     INFO      * Detected change in '/home/tony/flaskprojects/melamineapi/api/resources/users_resource.py', reloading
11-06 21:08 werkzeug     INFO      * Restarting with stat
11-06 21:08 werkzeug     WARNING   * Debugger is active!
11-06 21:08 werkzeug     INFO      * Debugger PIN: 863-880-111
11-06 21:08 werkzeug     INFO     127.0.0.1 - - [06/Nov/2022 21:08:19] "[35m[1mPOST /api/users/logout HTTP/1.1[0m" 500 -
11-06 21:08 werkzeug     INFO      * Detected change in '/home/tony/flaskprojects/melamineapi/api/resources/users_resource.py', reloading
11-06 21:08 werkzeug     INFO      * Restarting with stat
11-06 21:08 werkzeug     WARNING   * Debugger is active!
11-06 21:08 werkzeug     INFO      * Debugger PIN: 863-880-111
11-06 21:08 werkzeug     INFO     127.0.0.1 - - [06/Nov/2022 21:08:47] "[35m[1mPOST /api/users/logout HTTP/1.1[0m" 500 -
11-06 21:09 werkzeug     INFO      * Detected change in '/home/tony/flaskprojects/melamineapi/api/resources/users_resource.py', reloading
11-06 21:09 werkzeug     INFO      * Restarting with stat
11-06 21:09 werkzeug     WARNING   * Debugger is active!
11-06 21:09 werkzeug     INFO      * Debugger PIN: 863-880-111
11-06 21:09 werkzeug     INFO     127.0.0.1 - - [06/Nov/2022 21:09:29] "POST /api/users/logout HTTP/1.1" 200 -
11-06 21:09 werkzeug     INFO      * Detected change in '/home/tony/flaskprojects/melamineapi/api/resources/users_resource.py', reloading
11-06 21:09 werkzeug     INFO      * Restarting with stat
11-06 21:09 werkzeug     WARNING   * Debugger is active!
11-06 21:09 werkzeug     INFO      * Debugger PIN: 863-880-111
11-06 21:09 werkzeug     INFO     127.0.0.1 - - [06/Nov/2022 21:09:37] "[35m[1mPOST /api/users/logout HTTP/1.1[0m" 500 -
11-06 21:14 werkzeug     INFO      * Detected change in '/home/tony/flaskprojects/melamineapi/api/resources/users_resource.py', reloading
11-06 21:14 werkzeug     INFO      * Restarting with stat
11-06 21:14 werkzeug     WARNING   * Debugger is active!
11-06 21:14 werkzeug     INFO      * Debugger PIN: 863-880-111
11-06 21:14 werkzeug     INFO     127.0.0.1 - - [06/Nov/2022 21:14:58] "[31m[1mPOST /api/users/logout HTTP/1.1[0m" 401 -
11-06 21:17 werkzeug     INFO     127.0.0.1 - - [06/Nov/2022 21:17:11] "POST /api/users/login HTTP/1.1" 200 -
11-06 21:17 werkzeug     INFO     127.0.0.1 - - [06/Nov/2022 21:17:14] "POST /api/users/login HTTP/1.1" 200 -
11-06 21:17 werkzeug     INFO     127.0.0.1 - - [06/Nov/2022 21:17:47] "POST /api/users/logout HTTP/1.1" 200 -
11-06 21:18 werkzeug     INFO     127.0.0.1 - - [06/Nov/2022 21:18:01] "POST /api/users/logout HTTP/1.1" 200 -
11-06 21:18 werkzeug     INFO     127.0.0.1 - - [06/Nov/2022 21:18:04] "POST /api/users/logout HTTP/1.1" 200 -
11-06 21:18 werkzeug     INFO     127.0.0.1 - - [06/Nov/2022 21:18:05] "POST /api/users/logout HTTP/1.1" 200 -
11-06 21:18 werkzeug     INFO     127.0.0.1 - - [06/Nov/2022 21:18:12] "[31m[1mPOST /api/users/logout HTTP/1.1[0m" 422 -
11-06 21:18 werkzeug     INFO     127.0.0.1 - - [06/Nov/2022 21:18:12] "[31m[1mPOST /api/users/logout HTTP/1.1[0m" 422 -
11-06 21:18 werkzeug     INFO     127.0.0.1 - - [06/Nov/2022 21:18:24] "[31m[1mPOST /api/users/logout HTTP/1.1[0m" 422 -
11-06 21:18 werkzeug     INFO     127.0.0.1 - - [06/Nov/2022 21:18:27] "[31m[1mPOST /api/users/logout HTTP/1.1[0m" 422 -
11-06 21:31 werkzeug     INFO      * Detected change in '/home/tony/flaskprojects/melamineapi/api/resources/users_resource.py', reloading
11-06 21:31 werkzeug     INFO      * Restarting with stat
11-06 21:31 werkzeug     WARNING   * Debugger is active!
11-06 21:31 werkzeug     INFO      * Debugger PIN: 863-880-111
11-06 21:31 werkzeug     INFO     127.0.0.1 - - [06/Nov/2022 21:31:45] "[31m[1mPOST /api/users/logout HTTP/1.1[0m" 422 -
11-06 21:31 werkzeug     INFO     127.0.0.1 - - [06/Nov/2022 21:31:50] "POST /api/users/logout HTTP/1.1" 200 -
11-06 21:32 werkzeug     INFO      * Detected change in '/home/tony/flaskprojects/melamineapi/api/resources/users_resource.py', reloading
11-06 21:32 werkzeug     INFO      * Restarting with stat
11-06 21:32 werkzeug     WARNING   * Debugger is active!
11-06 21:32 werkzeug     INFO      * Debugger PIN: 863-880-111
11-06 21:37 werkzeug     INFO      * Detected change in '/home/tony/flaskprojects/melamineapi/api/resources/users_resource.py', reloading
11-06 21:37 werkzeug     INFO      * Restarting with stat
11-06 21:49 werkzeug     INFO     [31m[1mWARNING: This is a development server. Do not use it in a production deployment. Use a production WSGI server instead.[0m
 * Running on http://127.0.0.1:5000
11-06 21:49 werkzeug     INFO     [33mPress CTRL+C to quit[0m
11-06 21:49 werkzeug     INFO      * Restarting with stat
11-06 21:49 werkzeug     WARNING   * Debugger is active!
11-06 21:49 werkzeug     INFO      * Debugger PIN: 863-880-111
11-06 21:49 werkzeug     INFO     127.0.0.1 - - [06/Nov/2022 21:49:03] "[31m[1mPOST /api/users/login HTTP/1.1[0m" 401 -
11-06 21:49 werkzeug     INFO     127.0.0.1 - - [06/Nov/2022 21:49:26] "[35m[1mPOST /api/users/signup HTTP/1.1[0m" 201 -
11-06 21:49 werkzeug     INFO     127.0.0.1 - - [06/Nov/2022 21:49:35] "POST /api/users/login HTTP/1.1" 200 -
11-06 21:49 werkzeug     INFO     127.0.0.1 - - [06/Nov/2022 21:49:42] "[31m[1mPOST /api/users/logout HTTP/1.1[0m" 405 -
11-06 21:49 werkzeug     INFO     127.0.0.1 - - [06/Nov/2022 21:49:47] "[31m[1mDELETE /api/users/logout HTTP/1.1[0m" 401 -
11-06 21:50 werkzeug     INFO     127.0.0.1 - - [06/Nov/2022 21:50:02] "[31m[1mDELETE /api/users/logout HTTP/1.1[0m" 422 -
11-06 21:50 werkzeug     INFO     127.0.0.1 - - [06/Nov/2022 21:50:07] "[35m[1mDELETE /api/users/logout HTTP/1.1[0m" 500 -
11-06 21:50 werkzeug     INFO      * Detected change in '/home/tony/flaskprojects/melamineapi/api/api.py', reloading
11-06 21:50 werkzeug     INFO      * Restarting with stat
11-06 21:50 werkzeug     WARNING   * Debugger is active!
11-06 21:50 werkzeug     INFO      * Debugger PIN: 863-880-111
11-06 21:50 werkzeug     INFO     127.0.0.1 - - [06/Nov/2022 21:50:52] "[35m[1mDELETE /api/users/logout HTTP/1.1[0m" 500 -
11-06 21:51 werkzeug     INFO      * Detected change in '/home/tony/flaskprojects/melamineapi/api/models/tokenblocklist.py', reloading
11-06 21:51 werkzeug     INFO      * Restarting with stat
11-06 21:51 werkzeug     WARNING   * Debugger is active!
11-06 21:51 werkzeug     INFO      * Debugger PIN: 863-880-111
11-06 21:51 werkzeug     INFO     127.0.0.1 - - [06/Nov/2022 21:51:54] "DELETE /api/users/logout HTTP/1.1" 200 -
11-06 21:51 werkzeug     INFO     127.0.0.1 - - [06/Nov/2022 21:51:57] "[31m[1mDELETE /api/users/logout HTTP/1.1[0m" 401 -
11-06 21:52 werkzeug     INFO     127.0.0.1 - - [06/Nov/2022 21:52:05] "[31m[1mPOST /api/users/signup HTTP/1.1[0m" 403 -
11-06 21:52 werkzeug     INFO     127.0.0.1 - - [06/Nov/2022 21:52:13] "[35m[1mPOST /api/users/signup HTTP/1.1[0m" 201 -
11-06 21:52 werkzeug     INFO     127.0.0.1 - - [06/Nov/2022 21:52:19] "POST /api/users/login HTTP/1.1" 200 -
11-06 21:52 werkzeug     INFO     127.0.0.1 - - [06/Nov/2022 21:52:29] "DELETE /api/users/logout HTTP/1.1" 200 -
11-06 21:52 werkzeug     INFO     127.0.0.1 - - [06/Nov/2022 21:52:36] "POST /api/users/login HTTP/1.1" 200 -
11-06 21:52 werkzeug     INFO     127.0.0.1 - - [06/Nov/2022 21:52:45] "[31m[1mDELETE /api/users/logout HTTP/1.1[0m" 401 -
11-06 21:52 werkzeug     INFO     127.0.0.1 - - [06/Nov/2022 21:52:49] "[31m[1mDELETE /api/users/logout HTTP/1.1[0m" 401 -
11-06 21:56 werkzeug     INFO      * Detected change in '/home/tony/flaskprojects/melamineapi/api/resources/lesions_resource.py', reloading
11-06 21:56 werkzeug     INFO      * Restarting with stat
11-06 21:56 werkzeug     WARNING   * Debugger is active!
11-06 21:56 werkzeug     INFO      * Debugger PIN: 863-880-111
11-06 21:58 werkzeug     INFO      * Detected change in '/home/tony/flaskprojects/melamineapi/api/resources/lesions_resource.py', reloading
11-06 21:58 werkzeug     INFO      * Restarting with stat
11-06 21:58 werkzeug     WARNING   * Debugger is active!
11-06 21:58 werkzeug     INFO      * Debugger PIN: 863-880-111
11-06 22:01 werkzeug     INFO      * Detected change in '/home/tony/flaskprojects/melamineapi/api/resources/users_resource.py', reloading
11-06 22:01 werkzeug     INFO      * Restarting with stat
11-06 22:01 werkzeug     WARNING   * Debugger is active!
11-06 22:01 werkzeug     INFO      * Debugger PIN: 863-880-111
11-06 22:02 werkzeug     INFO      * Detected change in '/home/tony/flaskprojects/melamineapi/api/resources/lesions_resource.py', reloading
11-06 22:02 werkzeug     INFO      * Restarting with stat
11-06 22:02 werkzeug     WARNING   * Debugger is active!
11-06 22:02 werkzeug     INFO      * Debugger PIN: 863-880-111
11-06 22:05 werkzeug     INFO      * Detected change in '/home/tony/flaskprojects/melamineapi/api/resources/lesions_resource.py', reloading
11-06 22:05 werkzeug     INFO      * Restarting with stat
11-06 22:05 werkzeug     WARNING   * Debugger is active!
11-06 22:05 werkzeug     INFO      * Debugger PIN: 863-880-111
11-06 22:10 werkzeug     INFO      * Detected change in '/home/tony/flaskprojects/melamineapi/api/resources/lesions_resource.py', reloading
11-06 22:10 werkzeug     INFO      * Restarting with stat
11-06 22:10 werkzeug     WARNING   * Debugger is active!
11-06 22:10 werkzeug     INFO      * Debugger PIN: 863-880-111
11-06 22:11 werkzeug     INFO      * Detected change in '/home/tony/flaskprojects/melamineapi/api/api.py', reloading
11-06 22:11 werkzeug     INFO      * Restarting with stat
11-06 22:13 werkzeug     INFO      * Restarting with stat
11-06 22:14 werkzeug     INFO      * Restarting with stat
11-06 22:14 werkzeug     INFO      * Restarting with stat
11-06 22:14 werkzeug     WARNING   * Debugger is active!
11-06 22:14 werkzeug     INFO      * Debugger PIN: 863-880-111
11-06 22:14 werkzeug     INFO     127.0.0.1 - - [06/Nov/2022 22:14:33] "POST /api/lesions HTTP/1.1" 200 -
11-06 22:15 werkzeug     INFO      * Detected change in '/home/tony/flaskprojects/melamineapi/api/resources/lesions_resource.py', reloading
11-06 22:15 werkzeug     INFO      * Restarting with stat
11-06 22:15 werkzeug     WARNING   * Debugger is active!
11-06 22:15 werkzeug     INFO      * Debugger PIN: 863-880-111
11-06 22:15 werkzeug     INFO     127.0.0.1 - - [06/Nov/2022 22:15:20] "POST /api/lesions HTTP/1.1" 200 -
11-06 22:17 werkzeug     INFO      * Detected change in '/home/tony/flaskprojects/melamineapi/api/resources/lesions_resource.py', reloading
11-06 22:17 werkzeug     INFO      * Restarting with stat
11-06 22:17 werkzeug     WARNING   * Debugger is active!
11-06 22:17 werkzeug     INFO      * Debugger PIN: 863-880-111
11-06 22:19 werkzeug     INFO      * Detected change in '/home/tony/flaskprojects/melamineapi/api/api.py', reloading
11-06 22:19 werkzeug     INFO      * Restarting with stat
11-06 22:19 werkzeug     WARNING   * Debugger is active!
11-06 22:19 werkzeug     INFO      * Debugger PIN: 863-880-111
11-06 22:20 werkzeug     INFO      * Detected change in '/home/tony/flaskprojects/melamineapi/api/api.py', reloading
11-06 22:20 werkzeug     INFO      * Restarting with stat
11-06 22:20 werkzeug     WARNING   * Debugger is active!
11-06 22:20 werkzeug     INFO      * Debugger PIN: 863-880-111
11-06 22:22 werkzeug     INFO      * Detected change in '/home/tony/flaskprojects/melamineapi/api/resources/lesions_resource.py', reloading
11-06 22:22 werkzeug     INFO      * Restarting with stat
11-06 22:22 werkzeug     WARNING   * Debugger is active!
11-06 22:22 werkzeug     INFO      * Debugger PIN: 863-880-111
11-06 22:22 werkzeug     INFO     127.0.0.1 - - [06/Nov/2022 22:22:33] "POST /api/lesions HTTP/1.1" 200 -
11-06 22:23 werkzeug     INFO     127.0.0.1 - - [06/Nov/2022 22:23:09] "[31m[1mPOST /api/lesions HTTP/1.1[0m" 400 -
11-06 22:24 werkzeug     INFO      * Detected change in '/home/tony/flaskprojects/melamineapi/api/resources/lesions_resource.py', reloading
11-06 22:24 werkzeug     INFO      * Restarting with stat
11-06 22:24 werkzeug     WARNING   * Debugger is active!
11-06 22:24 werkzeug     INFO      * Debugger PIN: 863-880-111
11-06 22:24 werkzeug     INFO      * Detected change in '/home/tony/flaskprojects/melamineapi/api/resources/lesions_resource.py', reloading
11-06 22:24 werkzeug     INFO      * Restarting with stat
11-06 22:24 werkzeug     WARNING   * Debugger is active!
11-06 22:24 werkzeug     INFO      * Debugger PIN: 863-880-111
11-06 22:24 werkzeug     INFO     127.0.0.1 - - [06/Nov/2022 22:24:20] "[31m[1mPOST /api/lesions HTTP/1.1[0m" 400 -
11-06 22:24 werkzeug     INFO     127.0.0.1 - - [06/Nov/2022 22:24:27] "[31m[1mPOST /api/lesions HTTP/1.1[0m" 400 -
11-06 22:30 werkzeug     INFO      * Detected change in '/home/tony/flaskprojects/melamineapi/api/resources/lesions_resource.py', reloading
11-06 22:30 werkzeug     INFO      * Restarting with stat
11-06 22:30 werkzeug     WARNING   * Debugger is active!
11-06 22:30 werkzeug     INFO      * Debugger PIN: 863-880-111
11-06 22:34 werkzeug     INFO      * Detected change in '/home/tony/flaskprojects/melamineapi/api/resources/lesions_resource.py', reloading
11-06 22:34 werkzeug     INFO      * Restarting with stat
11-06 22:34 werkzeug     WARNING   * Debugger is active!
11-06 22:34 werkzeug     INFO      * Debugger PIN: 863-880-111
11-06 22:36 werkzeug     INFO      * Detected change in '/home/tony/flaskprojects/melamineapi/api/resources/lesions_resource.py', reloading
11-06 22:36 werkzeug     INFO      * Restarting with stat
11-06 22:36 werkzeug     WARNING   * Debugger is active!
11-06 22:36 werkzeug     INFO      * Debugger PIN: 863-880-111
11-06 22:37 werkzeug     INFO      * Detected change in '/home/tony/flaskprojects/melamineapi/api/resources/lesions_resource.py', reloading
11-06 22:37 werkzeug     INFO      * Restarting with stat
11-06 22:37 werkzeug     WARNING   * Debugger is active!
11-06 22:37 werkzeug     INFO      * Debugger PIN: 863-880-111
11-06 22:40 werkzeug     INFO      * Detected change in '/home/tony/flaskprojects/melamineapi/api/resources/lesions_resource.py', reloading
11-06 22:40 werkzeug     INFO      * Restarting with stat
11-06 22:40 werkzeug     WARNING   * Debugger is active!
11-06 22:40 werkzeug     INFO      * Debugger PIN: 863-880-111
11-07 09:16 werkzeug     INFO     [31m[1mWARNING: This is a development server. Do not use it in a production deployment. Use a production WSGI server instead.[0m
 * Running on http://127.0.0.1:5000
11-07 09:16 werkzeug     INFO     [33mPress CTRL+C to quit[0m
11-07 09:16 werkzeug     INFO      * Restarting with stat
11-07 09:16 werkzeug     WARNING   * Debugger is active!
11-07 09:16 werkzeug     INFO      * Debugger PIN: 863-880-111
11-07 09:17 werkzeug     INFO     127.0.0.1 - - [07/Nov/2022 09:17:14] "[33mGET /api/lesions HTTP/1.1[0m" 404 -
11-07 09:17 werkzeug     INFO     127.0.0.1 - - [07/Nov/2022 09:17:41] "[33mGET /api/lesions/ HTTP/1.1[0m" 404 -
11-07 09:17 werkzeug     INFO     127.0.0.1 - - [07/Nov/2022 09:17:47] "[35m[1mGET /api/lesions/1 HTTP/1.1[0m" 500 -
11-07 09:19 werkzeug     INFO      * Detected change in '/home/tony/flaskprojects/melamineapi/api/api.py', reloading
11-07 09:19 werkzeug     INFO      * Restarting with stat
11-07 09:19 werkzeug     WARNING   * Debugger is active!
11-07 09:19 werkzeug     INFO      * Debugger PIN: 646-771-619
11-07 09:19 werkzeug     INFO      * Detected change in '/home/tony/flaskprojects/melamineapi/api/resources/lesions_resource.py', reloading
11-07 09:19 werkzeug     INFO      * Restarting with stat
11-07 09:19 werkzeug     WARNING   * Debugger is active!
11-07 09:19 werkzeug     INFO      * Debugger PIN: 863-880-111
11-07 09:19 werkzeug     INFO     127.0.0.1 - - [07/Nov/2022 09:19:23] "[35m[1mGET /api/lesions HTTP/1.1[0m" 500 -
11-07 09:20 werkzeug     INFO      * Detected change in '/home/tony/flaskprojects/melamineapi/api/resources/lesions_resource.py', reloading
11-07 09:20 werkzeug     INFO      * Restarting with stat
11-07 09:20 werkzeug     WARNING   * Debugger is active!
11-07 09:20 werkzeug     INFO      * Debugger PIN: 863-880-111
11-07 09:20 werkzeug     INFO      * Detected change in '/home/tony/flaskprojects/melamineapi/api/resources/lesions_resource.py', reloading
11-07 09:20 werkzeug     INFO      * Restarting with stat
11-07 09:20 werkzeug     WARNING   * Debugger is active!
11-07 09:20 werkzeug     INFO      * Debugger PIN: 863-880-111
11-07 09:20 werkzeug     INFO     127.0.0.1 - - [07/Nov/2022 09:20:36] "[35m[1mGET /api/lesions HTTP/1.1[0m" 500 -
11-07 09:21 werkzeug     INFO      * Detected change in '/home/tony/flaskprojects/melamineapi/api/resources/lesions_resource.py', reloading
11-07 09:21 werkzeug     INFO      * Restarting with stat
11-07 09:21 werkzeug     WARNING   * Debugger is active!
11-07 09:21 werkzeug     INFO      * Debugger PIN: 863-880-111
11-07 09:21 werkzeug     INFO     127.0.0.1 - - [07/Nov/2022 09:21:04] "[31m[1mGET /api/lesions HTTP/1.1[0m" 401 -
11-07 09:21 werkzeug     INFO     127.0.0.1 - - [07/Nov/2022 09:21:13] "POST /api/users/login HTTP/1.1" 200 -
11-07 09:21 werkzeug     INFO     127.0.0.1 - - [07/Nov/2022 09:21:30] "[35m[1mGET /api/lesions HTTP/1.1[0m" 500 -
11-07 09:21 werkzeug     INFO      * Detected change in '/home/tony/flaskprojects/melamineapi/api/resources/lesions_resource.py', reloading
11-07 09:21 werkzeug     INFO      * Restarting with stat
11-07 09:21 werkzeug     WARNING   * Debugger is active!
11-07 09:21 werkzeug     INFO      * Debugger PIN: 863-880-111
11-07 09:21 werkzeug     INFO     127.0.0.1 - - [07/Nov/2022 09:21:53] "[35m[1mGET /api/lesions HTTP/1.1[0m" 500 -
11-07 09:24 werkzeug     INFO      * Detected change in '/home/tony/flaskprojects/melamineapi/api/resources/lesions_resource.py', reloading
11-07 09:24 werkzeug     INFO      * Restarting with stat
11-07 09:24 werkzeug     WARNING   * Debugger is active!
11-07 09:24 werkzeug     INFO      * Debugger PIN: 863-880-111
11-07 09:24 werkzeug     INFO     127.0.0.1 - - [07/Nov/2022 09:24:29] "[35m[1mGET /api/lesions HTTP/1.1[0m" 500 -
11-07 09:24 werkzeug     INFO      * Detected change in '/home/tony/flaskprojects/melamineapi/api/resources/lesions_resource.py', reloading
11-07 09:24 werkzeug     INFO      * Restarting with stat
11-07 09:24 werkzeug     WARNING   * Debugger is active!
11-07 09:24 werkzeug     INFO      * Debugger PIN: 863-880-111
11-07 09:24 werkzeug     INFO     127.0.0.1 - - [07/Nov/2022 09:24:37] "[35m[1mGET /api/lesions HTTP/1.1[0m" 500 -
11-07 09:25 werkzeug     INFO      * Detected change in '/home/tony/flaskprojects/melamineapi/api/resources/lesions_resource.py', reloading
11-07 09:25 werkzeug     INFO      * Restarting with stat
11-07 09:25 werkzeug     WARNING   * Debugger is active!
11-07 09:25 werkzeug     INFO      * Debugger PIN: 863-880-111
11-07 09:25 werkzeug     INFO     127.0.0.1 - - [07/Nov/2022 09:25:26] "GET /api/lesions HTTP/1.1" 200 -
11-07 09:25 werkzeug     INFO     127.0.0.1 - - [07/Nov/2022 09:25:37] "GET /api/lesions HTTP/1.1" 200 -
11-07 09:25 werkzeug     INFO     127.0.0.1 - - [07/Nov/2022 09:25:41] "GET /api/lesions HTTP/1.1" 200 -
11-07 09:25 werkzeug     INFO     127.0.0.1 - - [07/Nov/2022 09:25:41] "GET /api/lesions HTTP/1.1" 200 -
11-07 09:26 werkzeug     INFO      * Detected change in '/home/tony/flaskprojects/melamineapi/api/resources/lesions_resource.py', reloading
11-07 09:26 werkzeug     INFO      * Restarting with stat
11-07 09:26 werkzeug     WARNING   * Debugger is active!
11-07 09:26 werkzeug     INFO      * Debugger PIN: 863-880-111
11-07 09:26 werkzeug     INFO      * Detected change in '/home/tony/flaskprojects/melamineapi/api/resources/lesions_resource.py', reloading
11-07 09:26 werkzeug     INFO      * Restarting with stat
11-07 09:26 werkzeug     WARNING   * Debugger is active!
11-07 09:26 werkzeug     INFO      * Debugger PIN: 863-880-111
11-07 09:27 werkzeug     INFO     127.0.0.1 - - [07/Nov/2022 09:27:44] "[31m[1mPOST /api/lesions HTTP/1.1[0m" 400 -
11-07 09:27 PIL.Image    DEBUG    Importing BlpImagePlugin
11-07 09:27 PIL.Image    DEBUG    Importing BmpImagePlugin
11-07 09:27 PIL.Image    DEBUG    Importing BufrStubImagePlugin
11-07 09:27 PIL.Image    DEBUG    Importing CurImagePlugin
11-07 09:27 PIL.Image    DEBUG    Importing DcxImagePlugin
11-07 09:27 PIL.Image    DEBUG    Importing DdsImagePlugin
11-07 09:27 PIL.Image    DEBUG    Importing EpsImagePlugin
11-07 09:27 PIL.Image    DEBUG    Importing FitsImagePlugin
11-07 09:27 PIL.Image    DEBUG    Importing FitsStubImagePlugin
11-07 09:27 PIL.Image    DEBUG    Importing FliImagePlugin
11-07 09:27 PIL.Image    DEBUG    Importing FpxImagePlugin
11-07 09:27 PIL.Image    DEBUG    Image: failed to import FpxImagePlugin: No module named 'olefile'
11-07 09:27 PIL.Image    DEBUG    Importing FtexImagePlugin
11-07 09:27 PIL.Image    DEBUG    Importing GbrImagePlugin
11-07 09:27 PIL.Image    DEBUG    Importing GifImagePlugin
11-07 09:27 PIL.Image    DEBUG    Importing GribStubImagePlugin
11-07 09:27 PIL.Image    DEBUG    Importing Hdf5StubImagePlugin
11-07 09:27 PIL.Image    DEBUG    Importing IcnsImagePlugin
11-07 09:27 PIL.Image    DEBUG    Importing IcoImagePlugin
11-07 09:27 PIL.Image    DEBUG    Importing ImImagePlugin
11-07 09:27 PIL.Image    DEBUG    Importing ImtImagePlugin
11-07 09:27 PIL.Image    DEBUG    Importing IptcImagePlugin
11-07 09:27 PIL.Image    DEBUG    Importing JpegImagePlugin
11-07 09:27 PIL.Image    DEBUG    Importing Jpeg2KImagePlugin
11-07 09:27 PIL.Image    DEBUG    Importing McIdasImagePlugin
11-07 09:27 PIL.Image    DEBUG    Importing MicImagePlugin
11-07 09:27 PIL.Image    DEBUG    Image: failed to import MicImagePlugin: No module named 'olefile'
11-07 09:27 PIL.Image    DEBUG    Importing MpegImagePlugin
11-07 09:27 PIL.Image    DEBUG    Importing MpoImagePlugin
11-07 09:27 PIL.Image    DEBUG    Importing MspImagePlugin
11-07 09:27 PIL.Image    DEBUG    Importing PalmImagePlugin
11-07 09:27 PIL.Image    DEBUG    Importing PcdImagePlugin
11-07 09:27 PIL.Image    DEBUG    Importing PcxImagePlugin
11-07 09:27 PIL.Image    DEBUG    Importing PdfImagePlugin
11-07 09:27 PIL.Image    DEBUG    Importing PixarImagePlugin
11-07 09:27 PIL.Image    DEBUG    Importing PngImagePlugin
11-07 09:27 PIL.Image    DEBUG    Importing PpmImagePlugin
11-07 09:27 PIL.Image    DEBUG    Importing PsdImagePlugin
11-07 09:27 PIL.Image    DEBUG    Importing SgiImagePlugin
11-07 09:27 PIL.Image    DEBUG    Importing SpiderImagePlugin
11-07 09:27 PIL.Image    DEBUG    Importing SunImagePlugin
11-07 09:27 PIL.Image    DEBUG    Importing TgaImagePlugin
11-07 09:27 PIL.Image    DEBUG    Importing TiffImagePlugin
11-07 09:27 PIL.Image    DEBUG    Importing WebPImagePlugin
11-07 09:27 PIL.Image    DEBUG    Importing WmfImagePlugin
11-07 09:27 PIL.Image    DEBUG    Importing XbmImagePlugin
11-07 09:27 PIL.Image    DEBUG    Importing XpmImagePlugin
11-07 09:27 PIL.Image    DEBUG    Importing XVThumbImagePlugin
11-07 09:27 werkzeug     INFO     127.0.0.1 - - [07/Nov/2022 09:27:56] "[35m[1mPOST /api/lesions/1 HTTP/1.1[0m" 500 -
11-07 09:29 werkzeug     INFO      * Detected change in '/home/tony/flaskprojects/melamineapi/api/resources/lesions_resource.py', reloading
11-07 09:29 werkzeug     INFO      * Restarting with stat
11-07 09:29 werkzeug     WARNING   * Debugger is active!
11-07 09:29 werkzeug     INFO      * Debugger PIN: 863-880-111
11-07 09:30 PIL.Image    DEBUG    Importing BlpImagePlugin
11-07 09:30 PIL.Image    DEBUG    Importing BmpImagePlugin
11-07 09:30 PIL.Image    DEBUG    Importing BufrStubImagePlugin
11-07 09:30 PIL.Image    DEBUG    Importing CurImagePlugin
11-07 09:30 PIL.Image    DEBUG    Importing DcxImagePlugin
11-07 09:30 PIL.Image    DEBUG    Importing DdsImagePlugin
11-07 09:30 PIL.Image    DEBUG    Importing EpsImagePlugin
11-07 09:30 PIL.Image    DEBUG    Importing FitsImagePlugin
11-07 09:30 PIL.Image    DEBUG    Importing FitsStubImagePlugin
11-07 09:30 PIL.Image    DEBUG    Importing FliImagePlugin
11-07 09:30 PIL.Image    DEBUG    Importing FpxImagePlugin
11-07 09:30 PIL.Image    DEBUG    Image: failed to import FpxImagePlugin: No module named 'olefile'
11-07 09:30 PIL.Image    DEBUG    Importing FtexImagePlugin
11-07 09:30 PIL.Image    DEBUG    Importing GbrImagePlugin
11-07 09:30 PIL.Image    DEBUG    Importing GifImagePlugin
11-07 09:30 PIL.Image    DEBUG    Importing GribStubImagePlugin
11-07 09:30 PIL.Image    DEBUG    Importing Hdf5StubImagePlugin
11-07 09:30 PIL.Image    DEBUG    Importing IcnsImagePlugin
11-07 09:30 PIL.Image    DEBUG    Importing IcoImagePlugin
11-07 09:30 PIL.Image    DEBUG    Importing ImImagePlugin
11-07 09:30 PIL.Image    DEBUG    Importing ImtImagePlugin
11-07 09:30 PIL.Image    DEBUG    Importing IptcImagePlugin
11-07 09:30 PIL.Image    DEBUG    Importing JpegImagePlugin
11-07 09:30 PIL.Image    DEBUG    Importing Jpeg2KImagePlugin
11-07 09:30 PIL.Image    DEBUG    Importing McIdasImagePlugin
11-07 09:30 PIL.Image    DEBUG    Importing MicImagePlugin
11-07 09:30 PIL.Image    DEBUG    Image: failed to import MicImagePlugin: No module named 'olefile'
11-07 09:30 PIL.Image    DEBUG    Importing MpegImagePlugin
11-07 09:30 PIL.Image    DEBUG    Importing MpoImagePlugin
11-07 09:30 PIL.Image    DEBUG    Importing MspImagePlugin
11-07 09:30 PIL.Image    DEBUG    Importing PalmImagePlugin
11-07 09:30 PIL.Image    DEBUG    Importing PcdImagePlugin
11-07 09:30 PIL.Image    DEBUG    Importing PcxImagePlugin
11-07 09:30 PIL.Image    DEBUG    Importing PdfImagePlugin
11-07 09:30 PIL.Image    DEBUG    Importing PixarImagePlugin
11-07 09:30 PIL.Image    DEBUG    Importing PngImagePlugin
11-07 09:30 PIL.Image    DEBUG    Importing PpmImagePlugin
11-07 09:30 PIL.Image    DEBUG    Importing PsdImagePlugin
11-07 09:30 PIL.Image    DEBUG    Importing SgiImagePlugin
11-07 09:30 PIL.Image    DEBUG    Importing SpiderImagePlugin
11-07 09:30 PIL.Image    DEBUG    Importing SunImagePlugin
11-07 09:30 PIL.Image    DEBUG    Importing TgaImagePlugin
11-07 09:30 PIL.Image    DEBUG    Importing TiffImagePlugin
11-07 09:30 PIL.Image    DEBUG    Importing WebPImagePlugin
11-07 09:30 PIL.Image    DEBUG    Importing WmfImagePlugin
11-07 09:30 PIL.Image    DEBUG    Importing XbmImagePlugin
11-07 09:30 PIL.Image    DEBUG    Importing XpmImagePlugin
11-07 09:30 PIL.Image    DEBUG    Importing XVThumbImagePlugin
11-07 09:30 werkzeug     INFO     127.0.0.1 - - [07/Nov/2022 09:30:35] "[35m[1mPOST /api/lesions/1 HTTP/1.1[0m" 500 -
11-07 09:33 werkzeug     INFO      * Detected change in '/home/tony/flaskprojects/melamineapi/api/resources/lesions_resource.py', reloading
11-07 09:33 werkzeug     INFO      * Restarting with stat
11-07 09:33 werkzeug     WARNING   * Debugger is active!
11-07 09:33 werkzeug     INFO      * Debugger PIN: 863-880-111
11-07 09:33 PIL.Image    DEBUG    Importing BlpImagePlugin
11-07 09:33 PIL.Image    DEBUG    Importing BmpImagePlugin
11-07 09:33 PIL.Image    DEBUG    Importing BufrStubImagePlugin
11-07 09:33 PIL.Image    DEBUG    Importing CurImagePlugin
11-07 09:33 PIL.Image    DEBUG    Importing DcxImagePlugin
11-07 09:33 PIL.Image    DEBUG    Importing DdsImagePlugin
11-07 09:33 PIL.Image    DEBUG    Importing EpsImagePlugin
11-07 09:33 PIL.Image    DEBUG    Importing FitsImagePlugin
11-07 09:33 PIL.Image    DEBUG    Importing FitsStubImagePlugin
11-07 09:33 PIL.Image    DEBUG    Importing FliImagePlugin
11-07 09:33 PIL.Image    DEBUG    Importing FpxImagePlugin
11-07 09:33 PIL.Image    DEBUG    Image: failed to import FpxImagePlugin: No module named 'olefile'
11-07 09:33 PIL.Image    DEBUG    Importing FtexImagePlugin
11-07 09:33 PIL.Image    DEBUG    Importing GbrImagePlugin
11-07 09:33 PIL.Image    DEBUG    Importing GifImagePlugin
11-07 09:33 PIL.Image    DEBUG    Importing GribStubImagePlugin
11-07 09:33 PIL.Image    DEBUG    Importing Hdf5StubImagePlugin
11-07 09:33 PIL.Image    DEBUG    Importing IcnsImagePlugin
11-07 09:33 PIL.Image    DEBUG    Importing IcoImagePlugin
11-07 09:33 PIL.Image    DEBUG    Importing ImImagePlugin
11-07 09:33 PIL.Image    DEBUG    Importing ImtImagePlugin
11-07 09:33 PIL.Image    DEBUG    Importing IptcImagePlugin
11-07 09:33 PIL.Image    DEBUG    Importing JpegImagePlugin
11-07 09:33 PIL.Image    DEBUG    Importing Jpeg2KImagePlugin
11-07 09:33 PIL.Image    DEBUG    Importing McIdasImagePlugin
11-07 09:33 PIL.Image    DEBUG    Importing MicImagePlugin
11-07 09:33 PIL.Image    DEBUG    Image: failed to import MicImagePlugin: No module named 'olefile'
11-07 09:33 PIL.Image    DEBUG    Importing MpegImagePlugin
11-07 09:33 PIL.Image    DEBUG    Importing MpoImagePlugin
11-07 09:33 PIL.Image    DEBUG    Importing MspImagePlugin
11-07 09:33 PIL.Image    DEBUG    Importing PalmImagePlugin
11-07 09:33 PIL.Image    DEBUG    Importing PcdImagePlugin
11-07 09:33 PIL.Image    DEBUG    Importing PcxImagePlugin
11-07 09:33 PIL.Image    DEBUG    Importing PdfImagePlugin
11-07 09:33 PIL.Image    DEBUG    Importing PixarImagePlugin
11-07 09:33 PIL.Image    DEBUG    Importing PngImagePlugin
11-07 09:33 PIL.Image    DEBUG    Importing PpmImagePlugin
11-07 09:33 PIL.Image    DEBUG    Importing PsdImagePlugin
11-07 09:33 PIL.Image    DEBUG    Importing SgiImagePlugin
11-07 09:33 PIL.Image    DEBUG    Importing SpiderImagePlugin
11-07 09:33 PIL.Image    DEBUG    Importing SunImagePlugin
11-07 09:33 PIL.Image    DEBUG    Importing TgaImagePlugin
11-07 09:33 PIL.Image    DEBUG    Importing TiffImagePlugin
11-07 09:33 PIL.Image    DEBUG    Importing WebPImagePlugin
11-07 09:33 PIL.Image    DEBUG    Importing WmfImagePlugin
11-07 09:33 PIL.Image    DEBUG    Importing XbmImagePlugin
11-07 09:33 PIL.Image    DEBUG    Importing XpmImagePlugin
11-07 09:33 PIL.Image    DEBUG    Importing XVThumbImagePlugin
11-07 09:33 werkzeug     INFO     127.0.0.1 - - [07/Nov/2022 09:33:09] "[35m[1mPOST /api/lesions/1 HTTP/1.1[0m" 500 -
11-07 09:36 werkzeug     INFO      * Detected change in '/home/tony/flaskprojects/melamineapi/api/resources/lesions_resource.py', reloading
11-07 09:36 werkzeug     INFO      * Restarting with stat
11-07 09:36 werkzeug     WARNING   * Debugger is active!
11-07 09:36 werkzeug     INFO      * Debugger PIN: 863-880-111
11-07 09:36 werkzeug     INFO     127.0.0.1 - - [07/Nov/2022 09:36:07] "[35m[1mPOST /api/lesions/1 HTTP/1.1[0m" 500 -
11-07 09:36 werkzeug     INFO      * Detected change in '/home/tony/flaskprojects/melamineapi/api/resources/lesions_resource.py', reloading
11-07 09:36 werkzeug     INFO      * Restarting with stat
11-07 09:36 werkzeug     WARNING   * Debugger is active!
11-07 09:36 werkzeug     INFO      * Debugger PIN: 863-880-111
11-07 09:36 werkzeug     INFO     127.0.0.1 - - [07/Nov/2022 09:36:22] "[31m[1mPOST /api/lesions/1 HTTP/1.1[0m" 401 -
11-07 09:36 werkzeug     INFO     127.0.0.1 - - [07/Nov/2022 09:36:38] "POST /api/users/login HTTP/1.1" 200 -
11-07 09:36 werkzeug     INFO     127.0.0.1 - - [07/Nov/2022 09:36:51] "[35m[1mPOST /api/lesions/1 HTTP/1.1[0m" 500 -
11-07 09:37 werkzeug     INFO      * Detected change in '/home/tony/flaskprojects/melamineapi/api/resources/lesions_resource.py', reloading
11-07 09:37 werkzeug     INFO      * Restarting with stat
11-07 09:37 werkzeug     WARNING   * Debugger is active!
11-07 09:37 werkzeug     INFO      * Debugger PIN: 863-880-111
11-07 09:37 werkzeug     INFO     127.0.0.1 - - [07/Nov/2022 09:37:24] "[35m[1mPOST /api/lesions/1 HTTP/1.1[0m" 500 -
11-07 09:37 werkzeug     INFO      * Detected change in '/home/tony/flaskprojects/melamineapi/api/resources/lesions_resource.py', reloading
11-07 09:37 werkzeug     INFO      * Restarting with stat
11-07 09:37 werkzeug     INFO      * Restarting with stat
11-07 09:37 werkzeug     WARNING   * Debugger is active!
11-07 09:37 werkzeug     INFO      * Debugger PIN: 863-880-111
11-07 09:37 werkzeug     INFO     127.0.0.1 - - [07/Nov/2022 09:37:57] "POST /api/lesions/1 HTTP/1.1" 200 -
11-07 09:39 werkzeug     INFO      * Detected change in '/home/tony/flaskprojects/melamineapi/api/resources/lesions_resource.py', reloading
11-07 09:39 werkzeug     INFO      * Restarting with stat
11-07 09:39 werkzeug     WARNING   * Debugger is active!
11-07 09:39 werkzeug     INFO      * Debugger PIN: 863-880-111
11-07 09:39 werkzeug     INFO     127.0.0.1 - - [07/Nov/2022 09:39:24] "POST /api/lesions/1 HTTP/1.1" 200 -
11-07 09:40 werkzeug     INFO      * Detected change in '/home/tony/flaskprojects/melamineapi/api/resources/lesions_resource.py', reloading
11-07 09:40 werkzeug     INFO      * Restarting with stat
11-07 09:40 werkzeug     WARNING   * Debugger is active!
11-07 09:40 werkzeug     INFO      * Debugger PIN: 863-880-111
11-07 09:41 werkzeug     INFO     127.0.0.1 - - [07/Nov/2022 09:41:01] "[35m[1mPOST /api/lesions/1 HTTP/1.1[0m" 500 -
11-07 09:41 werkzeug     INFO      * Detected change in '/home/tony/flaskprojects/melamineapi/api/resources/lesions_resource.py', reloading
11-07 09:41 werkzeug     INFO      * Restarting with stat
11-07 09:41 werkzeug     WARNING   * Debugger is active!
11-07 09:41 werkzeug     INFO      * Debugger PIN: 863-880-111
11-07 09:42 werkzeug     INFO      * Detected change in '/home/tony/flaskprojects/melamineapi/api/resources/lesions_resource.py', reloading
11-07 09:42 werkzeug     INFO      * Restarting with stat
11-07 09:42 werkzeug     WARNING   * Debugger is active!
11-07 09:42 werkzeug     INFO      * Debugger PIN: 863-880-111
11-07 09:42 werkzeug     INFO     127.0.0.1 - - [07/Nov/2022 09:42:25] "POST /api/lesions/1 HTTP/1.1" 200 -
11-07 09:42 werkzeug     INFO      * Detected change in '/home/tony/flaskprojects/melamineapi/api/resources/lesions_resource.py', reloading
11-07 09:42 werkzeug     INFO      * Restarting with stat
11-07 09:42 werkzeug     WARNING   * Debugger is active!
11-07 09:42 werkzeug     INFO      * Debugger PIN: 863-880-111
11-07 09:42 PIL.PngImagePlugin DEBUG    STREAM b'IHDR' 16 13
11-07 09:42 PIL.PngImagePlugin DEBUG    STREAM b'sBIT' 41 4
11-07 09:42 PIL.PngImagePlugin DEBUG    b'sBIT' 41 4 (unknown)
11-07 09:42 PIL.PngImagePlugin DEBUG    STREAM b'tEXt' 57 25
11-07 09:42 PIL.PngImagePlugin DEBUG    STREAM b'IDAT' 94 4081
11-07 09:42 werkzeug     INFO     127.0.0.1 - - [07/Nov/2022 09:42:44] "[35m[1mPOST /api/lesions/1 HTTP/1.1[0m" 500 -
11-07 09:44 werkzeug     INFO      * Detected change in '/home/tony/flaskprojects/melamineapi/api/resources/lesions_resource.py', reloading
11-07 09:44 werkzeug     INFO      * Restarting with stat
11-07 09:44 werkzeug     WARNING   * Debugger is active!
11-07 09:44 werkzeug     INFO      * Debugger PIN: 863-880-111
11-07 09:44 PIL.PngImagePlugin DEBUG    STREAM b'IHDR' 16 13
11-07 09:44 PIL.PngImagePlugin DEBUG    STREAM b'sBIT' 41 4
11-07 09:44 PIL.PngImagePlugin DEBUG    b'sBIT' 41 4 (unknown)
11-07 09:44 PIL.PngImagePlugin DEBUG    STREAM b'tEXt' 57 25
11-07 09:44 PIL.PngImagePlugin DEBUG    STREAM b'IDAT' 94 4081
11-07 09:44 werkzeug     INFO     127.0.0.1 - - [07/Nov/2022 09:44:49] "[35m[1mPOST /api/lesions/1 HTTP/1.1[0m" 500 -
11-07 09:45 werkzeug     INFO      * Detected change in '/home/tony/flaskprojects/melamineapi/api/resources/lesions_resource.py', reloading
11-07 09:45 werkzeug     INFO      * Restarting with stat
11-07 09:45 werkzeug     WARNING   * Debugger is active!
11-07 09:45 werkzeug     INFO      * Debugger PIN: 863-880-111
11-07 10:31 werkzeug     INFO      * Detected change in '/home/tony/flaskprojects/melamineapi/api/resources/lesions_resource.py', reloading
11-07 10:31 werkzeug     INFO      * Restarting with stat
11-07 10:31 werkzeug     WARNING   * Debugger is active!
11-07 10:31 werkzeug     INFO      * Debugger PIN: 863-880-111
11-07 10:31 werkzeug     INFO     127.0.0.1 - - [07/Nov/2022 10:31:15] "[31m[1mPOST /api/lesions/1 HTTP/1.1[0m" 401 -
11-07 10:32 werkzeug     INFO      * Detected change in '/home/tony/flaskprojects/melamineapi/api/api.py', reloading
11-07 10:32 werkzeug     INFO      * Restarting with stat
11-07 10:32 werkzeug     WARNING   * Debugger is active!
11-07 10:32 werkzeug     INFO      * Debugger PIN: 863-880-111
11-07 10:32 werkzeug     INFO      * Detected change in '/home/tony/flaskprojects/melamineapi/api/api.py', reloading
11-07 10:32 werkzeug     INFO      * Restarting with stat
11-07 10:33 werkzeug     WARNING   * Debugger is active!
11-07 10:33 werkzeug     INFO      * Debugger PIN: 863-880-111
11-07 10:33 werkzeug     INFO     127.0.0.1 - - [07/Nov/2022 10:33:04] "POST /api/users/login HTTP/1.1" 200 -
11-07 10:33 PIL.PngImagePlugin DEBUG    STREAM b'IHDR' 16 13
11-07 10:33 PIL.PngImagePlugin DEBUG    STREAM b'sBIT' 41 4
11-07 10:33 PIL.PngImagePlugin DEBUG    b'sBIT' 41 4 (unknown)
11-07 10:33 PIL.PngImagePlugin DEBUG    STREAM b'tEXt' 57 25
11-07 10:33 PIL.PngImagePlugin DEBUG    STREAM b'IDAT' 94 4081
11-07 10:33 werkzeug     INFO     127.0.0.1 - - [07/Nov/2022 10:33:17] "[35m[1mPOST /api/lesions/1 HTTP/1.1[0m" 500 -
11-07 10:33 werkzeug     INFO      * Detected change in '/home/tony/flaskprojects/melamineapi/api/resources/lesions_resource.py', reloading
11-07 10:33 werkzeug     INFO      * Restarting with stat
11-07 10:33 werkzeug     WARNING   * Debugger is active!
11-07 10:33 werkzeug     INFO      * Debugger PIN: 863-880-111
11-07 10:33 PIL.PngImagePlugin DEBUG    STREAM b'IHDR' 16 13
11-07 10:33 PIL.PngImagePlugin DEBUG    STREAM b'sBIT' 41 4
11-07 10:33 PIL.PngImagePlugin DEBUG    b'sBIT' 41 4 (unknown)
11-07 10:33 PIL.PngImagePlugin DEBUG    STREAM b'tEXt' 57 25
11-07 10:33 PIL.PngImagePlugin DEBUG    STREAM b'IDAT' 94 4081
11-07 10:33 api.api      ERROR    Exception on /api/lesions/1 [POST]
Traceback (most recent call last):
  File "/home/tony/flaskprojects/melamineapi/api/resources/lesions_resource.py", line 86, in post
    db.session.commit()
  File "<string>", line 2, in commit
  File "/home/tony/flaskprojects/melamineapi/venv/lib/python3.8/site-packages/sqlalchemy/orm/session.py", line 1451, in commit
    self._transaction.commit(_to_root=self.future)
  File "/home/tony/flaskprojects/melamineapi/venv/lib/python3.8/site-packages/sqlalchemy/orm/session.py", line 829, in commit
    self._prepare_impl()
  File "/home/tony/flaskprojects/melamineapi/venv/lib/python3.8/site-packages/sqlalchemy/orm/session.py", line 808, in _prepare_impl
    self.session.flush()
  File "/home/tony/flaskprojects/melamineapi/venv/lib/python3.8/site-packages/sqlalchemy/orm/session.py", line 3444, in flush
    self._flush(objects)
  File "/home/tony/flaskprojects/melamineapi/venv/lib/python3.8/site-packages/sqlalchemy/orm/session.py", line 3584, in _flush
    transaction.rollback(_capture_exception=True)
  File "/home/tony/flaskprojects/melamineapi/venv/lib/python3.8/site-packages/sqlalchemy/util/langhelpers.py", line 70, in __exit__
    compat.raise_(
  File "/home/tony/flaskprojects/melamineapi/venv/lib/python3.8/site-packages/sqlalchemy/util/compat.py", line 208, in raise_
    raise exception
  File "/home/tony/flaskprojects/melamineapi/venv/lib/python3.8/site-packages/sqlalchemy/orm/session.py", line 3544, in _flush
    flush_context.execute()
  File "/home/tony/flaskprojects/melamineapi/venv/lib/python3.8/site-packages/sqlalchemy/orm/unitofwork.py", line 456, in execute
    rec.execute(self)
  File "/home/tony/flaskprojects/melamineapi/venv/lib/python3.8/site-packages/sqlalchemy/orm/unitofwork.py", line 630, in execute
    util.preloaded.orm_persistence.save_obj(
  File "/home/tony/flaskprojects/melamineapi/venv/lib/python3.8/site-packages/sqlalchemy/orm/persistence.py", line 228, in save_obj
    for table, mapper in base_mapper._sorted_tables.items():
  File "/home/tony/flaskprojects/melamineapi/venv/lib/python3.8/site-packages/sqlalchemy/util/langhelpers.py", line 1184, in __get__
    obj.__dict__[self.__name__] = result = self.fget(obj)
  File "/home/tony/flaskprojects/melamineapi/venv/lib/python3.8/site-packages/sqlalchemy/orm/mapper.py", line 3386, in _sorted_tables
    sorted_ = sql_util.sort_tables(
  File "/home/tony/flaskprojects/melamineapi/venv/lib/python3.8/site-packages/sqlalchemy/sql/ddl.py", line 1213, in sort_tables
    for (t, fkcs) in sort_tables_and_constraints(
  File "/home/tony/flaskprojects/melamineapi/venv/lib/python3.8/site-packages/sqlalchemy/sql/ddl.py", line 1285, in sort_tables_and_constraints
    filtered = filter_fn(fkc)
  File "/home/tony/flaskprojects/melamineapi/venv/lib/python3.8/site-packages/sqlalchemy/sql/ddl.py", line 1203, in _skip_fn
    if skip_fn(fk):
  File "/home/tony/flaskprojects/melamineapi/venv/lib/python3.8/site-packages/sqlalchemy/orm/mapper.py", line 3369, in skip
    dep = table_to_mapper.get(fk.column.table)
  File "/home/tony/flaskprojects/melamineapi/venv/lib/python3.8/site-packages/sqlalchemy/util/langhelpers.py", line 1113, in __get__
    obj.__dict__[self.__name__] = result = self.fget(obj)
  File "/home/tony/flaskprojects/melamineapi/venv/lib/python3.8/site-packages/sqlalchemy/sql/schema.py", line 2519, in column
    return self._resolve_column()
  File "/home/tony/flaskprojects/melamineapi/venv/lib/python3.8/site-packages/sqlalchemy/sql/schema.py", line 2530, in _resolve_column
    raise exc.NoReferencedTableError(
sqlalchemy.exc.NoReferencedTableError: Foreign key associated with column 'lesion.user_id' could not find table 'players' with which to generate a foreign key to target column 'player_id'

During handling of the above exception, another exception occurred:

Traceback (most recent call last):
  File "/home/tony/flaskprojects/melamineapi/venv/lib/python3.8/site-packages/flask/app.py", line 1820, in full_dispatch_request
    rv = self.dispatch_request()
  File "/home/tony/flaskprojects/melamineapi/venv/lib/python3.8/site-packages/flask/app.py", line 1796, in dispatch_request
    return self.ensure_sync(self.view_functions[rule.endpoint])(**view_args)
  File "/home/tony/flaskprojects/melamineapi/venv/lib/python3.8/site-packages/flask_restful/__init__.py", line 467, in wrapper
    resp = resource(*args, **kwargs)
  File "/home/tony/flaskprojects/melamineapi/venv/lib/python3.8/site-packages/flask/views.py", line 107, in view
    return current_app.ensure_sync(self.dispatch_request)(**kwargs)
  File "/home/tony/flaskprojects/melamineapi/venv/lib/python3.8/site-packages/flask_restful/__init__.py", line 582, in dispatch_request
    resp = meth(*args, **kwargs)
  File "/home/tony/flaskprojects/melamineapi/venv/lib/python3.8/site-packages/flask_jwt_extended/view_decorators.py", line 154, in decorator
    return current_app.ensure_sync(fn)(*args, **kwargs)
  File "/home/tony/flaskprojects/melamineapi/api/resources/lesions_resource.py", line 88, in post
    abort(500, message="Failed to process image.")
  File "/home/tony/flaskprojects/melamineapi/venv/lib/python3.8/site-packages/flask_restful/__init__.py", line 31, in abort
    original_flask_abort(http_status_code)
  File "/home/tony/flaskprojects/melamineapi/venv/lib/python3.8/site-packages/flask/helpers.py", line 310, in abort
    current_app.aborter(code, *args, **kwargs)
  File "/home/tony/flaskprojects/melamineapi/venv/lib/python3.8/site-packages/werkzeug/exceptions.py", line 864, in __call__
    raise self.mapping[code](*args, **kwargs)
werkzeug.exceptions.InternalServerError: 500 Internal Server Error: The server encountered an internal error and was unable to complete your request. Either the server is overloaded or there is an error in the application.
11-07 10:33 werkzeug     INFO     127.0.0.1 - - [07/Nov/2022 10:33:41] "[35m[1mPOST /api/lesions/1 HTTP/1.1[0m" 500 -
11-07 10:35 werkzeug     INFO      * Detected change in '/home/tony/flaskprojects/melamineapi/api/resources/lesions_resource.py', reloading
11-07 10:35 werkzeug     INFO      * Restarting with stat
11-07 10:35 werkzeug     WARNING   * Debugger is active!
11-07 10:35 werkzeug     INFO      * Debugger PIN: 863-880-111
11-07 10:35 PIL.PngImagePlugin DEBUG    STREAM b'IHDR' 16 13
11-07 10:35 PIL.PngImagePlugin DEBUG    STREAM b'sBIT' 41 4
11-07 10:35 PIL.PngImagePlugin DEBUG    b'sBIT' 41 4 (unknown)
11-07 10:35 PIL.PngImagePlugin DEBUG    STREAM b'tEXt' 57 25
11-07 10:35 PIL.PngImagePlugin DEBUG    STREAM b'IDAT' 94 4081
11-07 10:35 api.api      ERROR    Exception on /api/lesions/1 [POST]
Traceback (most recent call last):
  File "/home/tony/flaskprojects/melamineapi/api/resources/lesions_resource.py", line 86, in post
    db.session.commit()
  File "<string>", line 2, in commit
  File "/home/tony/flaskprojects/melamineapi/venv/lib/python3.8/site-packages/sqlalchemy/orm/session.py", line 1451, in commit
    self._transaction.commit(_to_root=self.future)
  File "/home/tony/flaskprojects/melamineapi/venv/lib/python3.8/site-packages/sqlalchemy/orm/session.py", line 829, in commit
    self._prepare_impl()
  File "/home/tony/flaskprojects/melamineapi/venv/lib/python3.8/site-packages/sqlalchemy/orm/session.py", line 808, in _prepare_impl
    self.session.flush()
  File "/home/tony/flaskprojects/melamineapi/venv/lib/python3.8/site-packages/sqlalchemy/orm/session.py", line 3444, in flush
    self._flush(objects)
  File "/home/tony/flaskprojects/melamineapi/venv/lib/python3.8/site-packages/sqlalchemy/orm/session.py", line 3584, in _flush
    transaction.rollback(_capture_exception=True)
  File "/home/tony/flaskprojects/melamineapi/venv/lib/python3.8/site-packages/sqlalchemy/util/langhelpers.py", line 70, in __exit__
    compat.raise_(
  File "/home/tony/flaskprojects/melamineapi/venv/lib/python3.8/site-packages/sqlalchemy/util/compat.py", line 208, in raise_
    raise exception
  File "/home/tony/flaskprojects/melamineapi/venv/lib/python3.8/site-packages/sqlalchemy/orm/session.py", line 3544, in _flush
    flush_context.execute()
  File "/home/tony/flaskprojects/melamineapi/venv/lib/python3.8/site-packages/sqlalchemy/orm/unitofwork.py", line 456, in execute
    rec.execute(self)
  File "/home/tony/flaskprojects/melamineapi/venv/lib/python3.8/site-packages/sqlalchemy/orm/unitofwork.py", line 630, in execute
    util.preloaded.orm_persistence.save_obj(
  File "/home/tony/flaskprojects/melamineapi/venv/lib/python3.8/site-packages/sqlalchemy/orm/persistence.py", line 228, in save_obj
    for table, mapper in base_mapper._sorted_tables.items():
  File "/home/tony/flaskprojects/melamineapi/venv/lib/python3.8/site-packages/sqlalchemy/util/langhelpers.py", line 1184, in __get__
    obj.__dict__[self.__name__] = result = self.fget(obj)
  File "/home/tony/flaskprojects/melamineapi/venv/lib/python3.8/site-packages/sqlalchemy/orm/mapper.py", line 3386, in _sorted_tables
    sorted_ = sql_util.sort_tables(
  File "/home/tony/flaskprojects/melamineapi/venv/lib/python3.8/site-packages/sqlalchemy/sql/ddl.py", line 1213, in sort_tables
    for (t, fkcs) in sort_tables_and_constraints(
  File "/home/tony/flaskprojects/melamineapi/venv/lib/python3.8/site-packages/sqlalchemy/sql/ddl.py", line 1285, in sort_tables_and_constraints
    filtered = filter_fn(fkc)
  File "/home/tony/flaskprojects/melamineapi/venv/lib/python3.8/site-packages/sqlalchemy/sql/ddl.py", line 1203, in _skip_fn
    if skip_fn(fk):
  File "/home/tony/flaskprojects/melamineapi/venv/lib/python3.8/site-packages/sqlalchemy/orm/mapper.py", line 3369, in skip
    dep = table_to_mapper.get(fk.column.table)
  File "/home/tony/flaskprojects/melamineapi/venv/lib/python3.8/site-packages/sqlalchemy/util/langhelpers.py", line 1113, in __get__
    obj.__dict__[self.__name__] = result = self.fget(obj)
  File "/home/tony/flaskprojects/melamineapi/venv/lib/python3.8/site-packages/sqlalchemy/sql/schema.py", line 2519, in column
    return self._resolve_column()
  File "/home/tony/flaskprojects/melamineapi/venv/lib/python3.8/site-packages/sqlalchemy/sql/schema.py", line 2530, in _resolve_column
    raise exc.NoReferencedTableError(
sqlalchemy.exc.NoReferencedTableError: Foreign key associated with column 'lesion.user_id' could not find table 'players' with which to generate a foreign key to target column 'player_id'

During handling of the above exception, another exception occurred:

Traceback (most recent call last):
  File "/home/tony/flaskprojects/melamineapi/venv/lib/python3.8/site-packages/flask/app.py", line 1820, in full_dispatch_request
    rv = self.dispatch_request()
  File "/home/tony/flaskprojects/melamineapi/venv/lib/python3.8/site-packages/flask/app.py", line 1796, in dispatch_request
    return self.ensure_sync(self.view_functions[rule.endpoint])(**view_args)
  File "/home/tony/flaskprojects/melamineapi/venv/lib/python3.8/site-packages/flask_restful/__init__.py", line 467, in wrapper
    resp = resource(*args, **kwargs)
  File "/home/tony/flaskprojects/melamineapi/venv/lib/python3.8/site-packages/flask/views.py", line 107, in view
    return current_app.ensure_sync(self.dispatch_request)(**kwargs)
  File "/home/tony/flaskprojects/melamineapi/venv/lib/python3.8/site-packages/flask_restful/__init__.py", line 582, in dispatch_request
    resp = meth(*args, **kwargs)
  File "/home/tony/flaskprojects/melamineapi/venv/lib/python3.8/site-packages/flask_jwt_extended/view_decorators.py", line 154, in decorator
    return current_app.ensure_sync(fn)(*args, **kwargs)
  File "/home/tony/flaskprojects/melamineapi/api/resources/lesions_resource.py", line 88, in post
    abort(500, message=f"Failed to process image.\n{e}")
  File "/home/tony/flaskprojects/melamineapi/venv/lib/python3.8/site-packages/flask_restful/__init__.py", line 31, in abort
    original_flask_abort(http_status_code)
  File "/home/tony/flaskprojects/melamineapi/venv/lib/python3.8/site-packages/flask/helpers.py", line 310, in abort
    current_app.aborter(code, *args, **kwargs)
  File "/home/tony/flaskprojects/melamineapi/venv/lib/python3.8/site-packages/werkzeug/exceptions.py", line 864, in __call__
    raise self.mapping[code](*args, **kwargs)
werkzeug.exceptions.InternalServerError: 500 Internal Server Error: The server encountered an internal error and was unable to complete your request. Either the server is overloaded or there is an error in the application.
11-07 10:35 werkzeug     INFO     127.0.0.1 - - [07/Nov/2022 10:35:12] "[35m[1mPOST /api/lesions/1 HTTP/1.1[0m" 500 -
11-07 10:36 werkzeug     INFO      * Detected change in '/home/tony/flaskprojects/melamineapi/api/models/lesion.py', reloading
11-07 10:36 werkzeug     INFO      * Restarting with stat
11-07 10:36 werkzeug     WARNING   * Debugger is active!
11-07 10:36 werkzeug     INFO      * Debugger PIN: 863-880-111
11-07 10:36 PIL.PngImagePlugin DEBUG    STREAM b'IHDR' 16 13
11-07 10:36 PIL.PngImagePlugin DEBUG    STREAM b'sBIT' 41 4
11-07 10:36 PIL.PngImagePlugin DEBUG    b'sBIT' 41 4 (unknown)
11-07 10:36 PIL.PngImagePlugin DEBUG    STREAM b'tEXt' 57 25
11-07 10:36 PIL.PngImagePlugin DEBUG    STREAM b'IDAT' 94 4081
11-07 10:36 werkzeug     INFO     127.0.0.1 - - [07/Nov/2022 10:36:09] "POST /api/lesions/1 HTTP/1.1" 200 -
11-07 10:36 werkzeug     INFO      * Detected change in '/home/tony/flaskprojects/melamineapi/api/resources/lesions_resource.py', reloading
11-07 10:36 werkzeug     INFO      * Restarting with stat
11-07 10:36 werkzeug     WARNING   * Debugger is active!
11-07 10:36 werkzeug     INFO      * Debugger PIN: 863-880-111
11-07 10:36 werkzeug     INFO      * Detected change in '/home/tony/flaskprojects/melamineapi/api/resources/lesions_resource.py', reloading
11-07 10:36 werkzeug     INFO      * Restarting with stat
11-07 10:36 werkzeug     WARNING   * Debugger is active!
11-07 10:36 werkzeug     INFO      * Debugger PIN: 863-880-111
11-07 10:36 PIL.PngImagePlugin DEBUG    STREAM b'IHDR' 16 13
11-07 10:36 PIL.PngImagePlugin DEBUG    STREAM b'sBIT' 41 4
11-07 10:36 PIL.PngImagePlugin DEBUG    b'sBIT' 41 4 (unknown)
11-07 10:36 PIL.PngImagePlugin DEBUG    STREAM b'tEXt' 57 25
11-07 10:36 PIL.PngImagePlugin DEBUG    STREAM b'IDAT' 94 4081
11-07 10:36 werkzeug     INFO     127.0.0.1 - - [07/Nov/2022 10:36:36] "POST /api/lesions/1 HTTP/1.1" 200 -
11-07 10:37 werkzeug     INFO      * Detected change in '/home/tony/flaskprojects/melamineapi/api/resources/lesions_resource.py', reloading
11-07 10:37 werkzeug     INFO      * Restarting with stat
11-07 10:37 werkzeug     WARNING   * Debugger is active!
11-07 10:37 werkzeug     INFO      * Debugger PIN: 863-880-111
11-07 10:37 PIL.PngImagePlugin DEBUG    STREAM b'IHDR' 16 13
11-07 10:37 PIL.PngImagePlugin DEBUG    STREAM b'sBIT' 41 4
11-07 10:37 PIL.PngImagePlugin DEBUG    b'sBIT' 41 4 (unknown)
11-07 10:37 PIL.PngImagePlugin DEBUG    STREAM b'tEXt' 57 25
11-07 10:37 PIL.PngImagePlugin DEBUG    STREAM b'IDAT' 94 4081
11-07 10:37 api.api      ERROR    Exception on /api/lesions/1 [POST]
Traceback (most recent call last):
  File "/home/tony/flaskprojects/melamineapi/api/resources/lesions_resource.py", line 88, in post
    return jsonify(pred)
  File "/home/tony/flaskprojects/melamineapi/venv/lib/python3.8/site-packages/flask/json/__init__.py", line 342, in jsonify
    return current_app.json.response(*args, **kwargs)
  File "/home/tony/flaskprojects/melamineapi/venv/lib/python3.8/site-packages/flask/json/provider.py", line 309, in response
    f"{self.dumps(obj, **dump_args)}\n", mimetype=mimetype
  File "/home/tony/flaskprojects/melamineapi/venv/lib/python3.8/site-packages/flask/json/provider.py", line 230, in dumps
    return json.dumps(obj, **kwargs)
  File "/usr/lib/python3.8/json/__init__.py", line 234, in dumps
    return cls(
  File "/usr/lib/python3.8/json/encoder.py", line 201, in encode
    chunks = list(chunks)
  File "/usr/lib/python3.8/json/encoder.py", line 438, in _iterencode
    o = _default(o)
  File "/home/tony/flaskprojects/melamineapi/venv/lib/python3.8/site-packages/flask/json/provider.py", line 122, in _default
    raise TypeError(f"Object of type {type(o).__name__} is not JSON serializable")
TypeError: Object of type Tensor is not JSON serializable

During handling of the above exception, another exception occurred:

Traceback (most recent call last):
  File "/home/tony/flaskprojects/melamineapi/venv/lib/python3.8/site-packages/flask/app.py", line 1820, in full_dispatch_request
    rv = self.dispatch_request()
  File "/home/tony/flaskprojects/melamineapi/venv/lib/python3.8/site-packages/flask/app.py", line 1796, in dispatch_request
    return self.ensure_sync(self.view_functions[rule.endpoint])(**view_args)
  File "/home/tony/flaskprojects/melamineapi/venv/lib/python3.8/site-packages/flask_restful/__init__.py", line 467, in wrapper
    resp = resource(*args, **kwargs)
  File "/home/tony/flaskprojects/melamineapi/venv/lib/python3.8/site-packages/flask/views.py", line 107, in view
    return current_app.ensure_sync(self.dispatch_request)(**kwargs)
  File "/home/tony/flaskprojects/melamineapi/venv/lib/python3.8/site-packages/flask_restful/__init__.py", line 582, in dispatch_request
    resp = meth(*args, **kwargs)
  File "/home/tony/flaskprojects/melamineapi/venv/lib/python3.8/site-packages/flask_jwt_extended/view_decorators.py", line 154, in decorator
    return current_app.ensure_sync(fn)(*args, **kwargs)
  File "/home/tony/flaskprojects/melamineapi/api/resources/lesions_resource.py", line 90, in post
    abort(500, message=f"Failed to process image.\n{e}")
  File "/home/tony/flaskprojects/melamineapi/venv/lib/python3.8/site-packages/flask_restful/__init__.py", line 31, in abort
    original_flask_abort(http_status_code)
  File "/home/tony/flaskprojects/melamineapi/venv/lib/python3.8/site-packages/flask/helpers.py", line 310, in abort
    current_app.aborter(code, *args, **kwargs)
  File "/home/tony/flaskprojects/melamineapi/venv/lib/python3.8/site-packages/werkzeug/exceptions.py", line 864, in __call__
    raise self.mapping[code](*args, **kwargs)
werkzeug.exceptions.InternalServerError: 500 Internal Server Error: The server encountered an internal error and was unable to complete your request. Either the server is overloaded or there is an error in the application.
11-07 10:37 werkzeug     INFO     127.0.0.1 - - [07/Nov/2022 10:37:09] "[35m[1mPOST /api/lesions/1 HTTP/1.1[0m" 500 -
11-07 10:37 werkzeug     INFO      * Detected change in '/home/tony/flaskprojects/melamineapi/api/resources/lesions_resource.py', reloading
11-07 10:37 werkzeug     INFO      * Restarting with stat
11-07 10:37 werkzeug     WARNING   * Debugger is active!
11-07 10:37 werkzeug     INFO      * Debugger PIN: 863-880-111
11-07 10:47 werkzeug     INFO      * Detected change in '/home/tony/flaskprojects/melamineapi/api/resources/lesions_resource.py', reloading
11-07 10:47 werkzeug     INFO      * Restarting with stat
11-07 10:47 werkzeug     WARNING   * Debugger is active!
11-07 10:47 werkzeug     INFO      * Debugger PIN: 863-880-111
11-07 10:47 PIL.PngImagePlugin DEBUG    STREAM b'IHDR' 16 13
11-07 10:47 PIL.PngImagePlugin DEBUG    STREAM b'sBIT' 41 4
11-07 10:47 PIL.PngImagePlugin DEBUG    b'sBIT' 41 4 (unknown)
11-07 10:47 PIL.PngImagePlugin DEBUG    STREAM b'tEXt' 57 25
11-07 10:47 PIL.PngImagePlugin DEBUG    STREAM b'IDAT' 94 4081
11-07 10:47 api.api      ERROR    Exception on /api/lesions/1 [POST]
Traceback (most recent call last):
  File "/home/tony/flaskprojects/melamineapi/api/resources/lesions_resource.py", line 87, in post
    return jsonify(pred)
  File "/home/tony/flaskprojects/melamineapi/venv/lib/python3.8/site-packages/flask/json/__init__.py", line 342, in jsonify
    return current_app.json.response(*args, **kwargs)
  File "/home/tony/flaskprojects/melamineapi/venv/lib/python3.8/site-packages/flask/json/provider.py", line 309, in response
    f"{self.dumps(obj, **dump_args)}\n", mimetype=mimetype
  File "/home/tony/flaskprojects/melamineapi/venv/lib/python3.8/site-packages/flask/json/provider.py", line 230, in dumps
    return json.dumps(obj, **kwargs)
  File "/usr/lib/python3.8/json/__init__.py", line 234, in dumps
    return cls(
  File "/usr/lib/python3.8/json/encoder.py", line 201, in encode
    chunks = list(chunks)
  File "/usr/lib/python3.8/json/encoder.py", line 438, in _iterencode
    o = _default(o)
  File "/home/tony/flaskprojects/melamineapi/venv/lib/python3.8/site-packages/flask/json/provider.py", line 122, in _default
    raise TypeError(f"Object of type {type(o).__name__} is not JSON serializable")
TypeError: Object of type Tensor is not JSON serializable

During handling of the above exception, another exception occurred:

Traceback (most recent call last):
  File "/home/tony/flaskprojects/melamineapi/venv/lib/python3.8/site-packages/flask/app.py", line 1820, in full_dispatch_request
    rv = self.dispatch_request()
  File "/home/tony/flaskprojects/melamineapi/venv/lib/python3.8/site-packages/flask/app.py", line 1796, in dispatch_request
    return self.ensure_sync(self.view_functions[rule.endpoint])(**view_args)
  File "/home/tony/flaskprojects/melamineapi/venv/lib/python3.8/site-packages/flask_restful/__init__.py", line 467, in wrapper
    resp = resource(*args, **kwargs)
  File "/home/tony/flaskprojects/melamineapi/venv/lib/python3.8/site-packages/flask/views.py", line 107, in view
    return current_app.ensure_sync(self.dispatch_request)(**kwargs)
  File "/home/tony/flaskprojects/melamineapi/venv/lib/python3.8/site-packages/flask_restful/__init__.py", line 582, in dispatch_request
    resp = meth(*args, **kwargs)
  File "/home/tony/flaskprojects/melamineapi/venv/lib/python3.8/site-packages/flask_jwt_extended/view_decorators.py", line 154, in decorator
    return current_app.ensure_sync(fn)(*args, **kwargs)
  File "/home/tony/flaskprojects/melamineapi/api/resources/lesions_resource.py", line 89, in post
    abort(500, message=f"Failed to process image.\n{e}")
  File "/home/tony/flaskprojects/melamineapi/venv/lib/python3.8/site-packages/flask_restful/__init__.py", line 31, in abort
    original_flask_abort(http_status_code)
  File "/home/tony/flaskprojects/melamineapi/venv/lib/python3.8/site-packages/flask/helpers.py", line 310, in abort
    current_app.aborter(code, *args, **kwargs)
  File "/home/tony/flaskprojects/melamineapi/venv/lib/python3.8/site-packages/werkzeug/exceptions.py", line 864, in __call__
    raise self.mapping[code](*args, **kwargs)
werkzeug.exceptions.InternalServerError: 500 Internal Server Error: The server encountered an internal error and was unable to complete your request. Either the server is overloaded or there is an error in the application.
11-07 10:47 werkzeug     INFO     127.0.0.1 - - [07/Nov/2022 10:47:24] "[35m[1mPOST /api/lesions/1 HTTP/1.1[0m" 500 -
11-07 10:47 werkzeug     INFO      * Detected change in '/home/tony/flaskprojects/melamineapi/api/resources/lesions_resource.py', reloading
11-07 10:47 werkzeug     INFO      * Restarting with stat
11-07 10:47 werkzeug     WARNING   * Debugger is active!
11-07 10:47 werkzeug     INFO      * Debugger PIN: 863-880-111
11-07 10:47 PIL.PngImagePlugin DEBUG    STREAM b'IHDR' 16 13
11-07 10:47 PIL.PngImagePlugin DEBUG    STREAM b'sBIT' 41 4
11-07 10:47 PIL.PngImagePlugin DEBUG    b'sBIT' 41 4 (unknown)
11-07 10:47 PIL.PngImagePlugin DEBUG    STREAM b'tEXt' 57 25
11-07 10:47 PIL.PngImagePlugin DEBUG    STREAM b'IDAT' 94 4081
11-07 10:47 werkzeug     INFO     127.0.0.1 - - [07/Nov/2022 10:47:43] "POST /api/lesions/1 HTTP/1.1" 200 -
11-07 10:50 PIL.PngImagePlugin DEBUG    STREAM b'IHDR' 16 13
11-07 10:50 PIL.PngImagePlugin DEBUG    STREAM b'sBIT' 41 4
11-07 10:50 PIL.PngImagePlugin DEBUG    b'sBIT' 41 4 (unknown)
11-07 10:50 PIL.PngImagePlugin DEBUG    STREAM b'tEXt' 57 25
11-07 10:50 PIL.PngImagePlugin DEBUG    STREAM b'IDAT' 94 4081
11-07 10:50 werkzeug     INFO     127.0.0.1 - - [07/Nov/2022 10:50:25] "POST /api/lesions/1 HTTP/1.1" 200 -
11-07 10:51 werkzeug     INFO      * Detected change in '/home/tony/flaskprojects/melamineapi/api/resources/lesions_resource.py', reloading
11-07 10:51 werkzeug     INFO      * Restarting with stat
11-07 10:51 werkzeug     WARNING   * Debugger is active!
11-07 10:51 werkzeug     INFO      * Debugger PIN: 863-880-111
11-07 10:51 PIL.PngImagePlugin DEBUG    STREAM b'IHDR' 16 13
11-07 10:51 PIL.PngImagePlugin DEBUG    STREAM b'sBIT' 41 4
11-07 10:51 PIL.PngImagePlugin DEBUG    b'sBIT' 41 4 (unknown)
11-07 10:51 PIL.PngImagePlugin DEBUG    STREAM b'tEXt' 57 25
11-07 10:51 PIL.PngImagePlugin DEBUG    STREAM b'IDAT' 94 4081
11-07 10:51 werkzeug     INFO     127.0.0.1 - - [07/Nov/2022 10:51:26] "POST /api/lesions/1 HTTP/1.1" 200 -
11-07 10:53 werkzeug     INFO      * Detected change in '/home/tony/flaskprojects/melamineapi/api/resources/lesions_resource.py', reloading
11-07 10:53 werkzeug     INFO      * Restarting with stat
11-07 10:53 werkzeug     WARNING   * Debugger is active!
11-07 10:53 werkzeug     INFO      * Debugger PIN: 863-880-111
11-07 10:53 werkzeug     INFO      * Detected change in '/home/tony/flaskprojects/melamineapi/api/resources/lesions_resource.py', reloading
11-07 10:53 werkzeug     INFO      * Restarting with stat
11-07 10:53 werkzeug     INFO      * Restarting with stat
11-07 10:53 werkzeug     WARNING   * Debugger is active!
11-07 10:53 werkzeug     INFO      * Debugger PIN: 863-880-111
11-07 10:53 PIL.PngImagePlugin DEBUG    STREAM b'IHDR' 16 13
11-07 10:53 PIL.PngImagePlugin DEBUG    STREAM b'sBIT' 41 4
11-07 10:53 PIL.PngImagePlugin DEBUG    b'sBIT' 41 4 (unknown)
11-07 10:53 PIL.PngImagePlugin DEBUG    STREAM b'tEXt' 57 25
11-07 10:53 PIL.PngImagePlugin DEBUG    STREAM b'IDAT' 94 4081
11-07 10:53 werkzeug     INFO     127.0.0.1 - - [07/Nov/2022 10:53:25] "POST /api/lesions/1 HTTP/1.1" 200 -
11-07 10:54 werkzeug     INFO      * Detected change in '/home/tony/flaskprojects/melamineapi/api/resources/lesions_resource.py', reloading
11-07 10:54 werkzeug     INFO      * Restarting with stat
11-07 10:54 werkzeug     WARNING   * Debugger is active!
11-07 10:54 werkzeug     INFO      * Debugger PIN: 863-880-111
11-07 10:54 werkzeug     INFO     127.0.0.1 - - [07/Nov/2022 10:54:08] "POST /api/lesions/1 HTTP/1.1" 200 -
11-07 10:54 werkzeug     INFO      * Detected change in '/home/tony/flaskprojects/melamineapi/api/resources/lesions_resource.py', reloading
11-07 10:54 werkzeug     INFO      * Restarting with stat
11-07 10:54 werkzeug     WARNING   * Debugger is active!
11-07 10:54 werkzeug     INFO      * Debugger PIN: 863-880-111
11-07 10:54 werkzeug     INFO     127.0.0.1 - - [07/Nov/2022 10:54:35] "POST /api/lesions/1 HTTP/1.1" 200 -
11-07 10:54 werkzeug     INFO      * Detected change in '/home/tony/flaskprojects/melamineapi/api/resources/lesions_resource.py', reloading
11-07 10:54 werkzeug     INFO      * Restarting with stat
11-07 10:54 werkzeug     WARNING   * Debugger is active!
11-07 10:54 werkzeug     INFO      * Debugger PIN: 863-880-111
11-07 10:55 PIL.PngImagePlugin DEBUG    STREAM b'IHDR' 16 13
11-07 10:55 PIL.PngImagePlugin DEBUG    STREAM b'sBIT' 41 4
11-07 10:55 PIL.PngImagePlugin DEBUG    b'sBIT' 41 4 (unknown)
11-07 10:55 PIL.PngImagePlugin DEBUG    STREAM b'tEXt' 57 25
11-07 10:55 PIL.PngImagePlugin DEBUG    STREAM b'IDAT' 94 4081
11-07 10:55 werkzeug     INFO     127.0.0.1 - - [07/Nov/2022 10:55:10] "POST /api/lesions/1 HTTP/1.1" 200 -
11-07 10:56 werkzeug     INFO      * Detected change in '/home/tony/flaskprojects/melamineapi/api/resources/lesions_resource.py', reloading
11-07 10:56 werkzeug     INFO      * Restarting with stat
11-07 10:56 werkzeug     WARNING   * Debugger is active!
11-07 10:56 werkzeug     INFO      * Debugger PIN: 863-880-111
11-07 10:56 PIL.PngImagePlugin DEBUG    STREAM b'IHDR' 16 13
11-07 10:56 PIL.PngImagePlugin DEBUG    STREAM b'sBIT' 41 4
11-07 10:56 PIL.PngImagePlugin DEBUG    b'sBIT' 41 4 (unknown)
11-07 10:56 PIL.PngImagePlugin DEBUG    STREAM b'tEXt' 57 25
11-07 10:56 PIL.PngImagePlugin DEBUG    STREAM b'IDAT' 94 4081
11-07 10:56 werkzeug     INFO     127.0.0.1 - - [07/Nov/2022 10:56:25] "POST /api/lesions/1 HTTP/1.1" 200 -
11-07 10:58 werkzeug     INFO      * Detected change in '/home/tony/flaskprojects/melamineapi/api/resources/lesions_resource.py', reloading
11-07 10:58 werkzeug     INFO      * Restarting with stat
11-07 10:58 werkzeug     WARNING   * Debugger is active!
11-07 10:58 werkzeug     INFO      * Debugger PIN: 863-880-111
11-07 10:59 werkzeug     INFO     127.0.0.1 - - [07/Nov/2022 10:59:20] "[35m[1mPOST /api/lesions/1 HTTP/1.1[0m" 500 -
11-07 11:03 werkzeug     INFO      * Detected change in '/home/tony/flaskprojects/melamineapi/api/resources/lesions_resource.py', reloading
11-07 11:03 werkzeug     INFO      * Restarting with stat
11-07 11:03 werkzeug     WARNING   * Debugger is active!
11-07 11:03 werkzeug     INFO      * Debugger PIN: 863-880-111
11-07 11:03 werkzeug     INFO     127.0.0.1 - - [07/Nov/2022 11:03:30] "[35m[1mPOST /api/lesions/1 HTTP/1.1[0m" 500 -
11-07 11:03 werkzeug     INFO      * Detected change in '/home/tony/flaskprojects/melamineapi/api/resources/lesions_resource.py', reloading
11-07 11:03 werkzeug     INFO      * Restarting with stat
11-07 11:03 werkzeug     WARNING   * Debugger is active!
11-07 11:03 werkzeug     INFO      * Debugger PIN: 863-880-111
11-07 11:03 PIL.PngImagePlugin DEBUG    STREAM b'IHDR' 16 13
11-07 11:03 PIL.PngImagePlugin DEBUG    STREAM b'sBIT' 41 4
11-07 11:03 PIL.PngImagePlugin DEBUG    b'sBIT' 41 4 (unknown)
11-07 11:03 PIL.PngImagePlugin DEBUG    STREAM b'tEXt' 57 25
11-07 11:03 PIL.PngImagePlugin DEBUG    STREAM b'IDAT' 94 4081
11-07 11:03 werkzeug     INFO     127.0.0.1 - - [07/Nov/2022 11:03:46] "POST /api/lesions/1 HTTP/1.1" 200 -
11-07 11:04 PIL.PngImagePlugin DEBUG    STREAM b'IHDR' 16 13
11-07 11:04 PIL.PngImagePlugin DEBUG    STREAM b'sBIT' 41 4
11-07 11:04 PIL.PngImagePlugin DEBUG    b'sBIT' 41 4 (unknown)
11-07 11:04 PIL.PngImagePlugin DEBUG    STREAM b'tEXt' 57 25
11-07 11:04 PIL.PngImagePlugin DEBUG    STREAM b'IDAT' 94 4081
11-07 11:04 werkzeug     INFO     127.0.0.1 - - [07/Nov/2022 11:04:18] "POST /api/lesions/1 HTTP/1.1" 200 -
11-07 11:37 werkzeug     INFO      * Detected change in '/home/tony/flaskprojects/melamineapi/api/resources/lesions_resource.py', reloading
11-07 11:37 werkzeug     INFO      * Restarting with stat
11-07 11:38 werkzeug     WARNING   * Debugger is active!
11-07 11:38 werkzeug     INFO      * Debugger PIN: 863-880-111
11-07 11:42 werkzeug     INFO      * Detected change in '/home/tony/flaskprojects/melamineapi/api/resources/lesions_resource.py', reloading
11-07 11:42 werkzeug     INFO      * Restarting with stat
11-07 11:42 werkzeug     WARNING   * Debugger is active!
11-07 11:42 werkzeug     INFO      * Debugger PIN: 863-880-111
11-07 11:43 werkzeug     INFO      * Detected change in '/home/tony/flaskprojects/melamineapi/api/resources/lesions_resource.py', reloading
11-07 11:43 werkzeug     INFO      * Restarting with stat
11-07 11:43 werkzeug     WARNING   * Debugger is active!
11-07 11:43 werkzeug     INFO      * Debugger PIN: 863-880-111
11-07 11:43 werkzeug     INFO      * Detected change in '/home/tony/flaskprojects/melamineapi/api/resources/lesions_resource.py', reloading
11-07 11:43 werkzeug     INFO      * Restarting with stat
11-07 11:43 werkzeug     WARNING   * Debugger is active!
11-07 11:43 werkzeug     INFO      * Debugger PIN: 863-880-111
11-07 11:45 PIL.PngImagePlugin DEBUG    STREAM b'IHDR' 16 13
11-07 11:45 PIL.PngImagePlugin DEBUG    STREAM b'sBIT' 41 4
11-07 11:45 PIL.PngImagePlugin DEBUG    b'sBIT' 41 4 (unknown)
11-07 11:45 PIL.PngImagePlugin DEBUG    STREAM b'tEXt' 57 25
11-07 11:45 PIL.PngImagePlugin DEBUG    STREAM b'IDAT' 94 4081
11-07 11:45 werkzeug     INFO     127.0.0.1 - - [07/Nov/2022 11:45:35] "[35m[1mPOST /api/lesions/1 HTTP/1.1[0m" 500 -
11-07 11:47 werkzeug     INFO      * Detected change in '/home/tony/flaskprojects/melamineapi/api/resources/lesions_resource.py', reloading
11-07 11:47 werkzeug     INFO      * Restarting with stat
11-07 11:47 werkzeug     WARNING   * Debugger is active!
11-07 11:47 werkzeug     INFO      * Debugger PIN: 863-880-111
11-07 11:47 PIL.PngImagePlugin DEBUG    STREAM b'IHDR' 16 13
11-07 11:47 PIL.PngImagePlugin DEBUG    STREAM b'sBIT' 41 4
11-07 11:47 PIL.PngImagePlugin DEBUG    b'sBIT' 41 4 (unknown)
11-07 11:47 PIL.PngImagePlugin DEBUG    STREAM b'tEXt' 57 25
11-07 11:47 PIL.PngImagePlugin DEBUG    STREAM b'IDAT' 94 4081
11-07 11:47 werkzeug     INFO     127.0.0.1 - - [07/Nov/2022 11:47:34] "POST /api/lesions/1 HTTP/1.1" 200 -
11-07 11:48 werkzeug     INFO      * Detected change in '/home/tony/flaskprojects/melamineapi/api/resources/lesions_resource.py', reloading
11-07 11:48 werkzeug     INFO      * Restarting with stat
11-07 11:48 werkzeug     WARNING   * Debugger is active!
11-07 11:48 werkzeug     INFO      * Debugger PIN: 863-880-111
11-07 11:48 PIL.PngImagePlugin DEBUG    STREAM b'IHDR' 16 13
11-07 11:48 PIL.PngImagePlugin DEBUG    STREAM b'sBIT' 41 4
11-07 11:48 PIL.PngImagePlugin DEBUG    b'sBIT' 41 4 (unknown)
11-07 11:48 PIL.PngImagePlugin DEBUG    STREAM b'tEXt' 57 25
11-07 11:48 PIL.PngImagePlugin DEBUG    STREAM b'IDAT' 94 4081
11-07 11:48 werkzeug     INFO     127.0.0.1 - - [07/Nov/2022 11:48:34] "POST /api/lesions/1 HTTP/1.1" 200 -
11-07 11:49 werkzeug     INFO     127.0.0.1 - - [07/Nov/2022 11:49:52] "POST /api/lesions/1 HTTP/1.1" 200 -
11-07 11:52 werkzeug     INFO     127.0.0.1 - - [07/Nov/2022 11:52:58] "POST /api/lesions/1 HTTP/1.1" 200 -
11-07 11:53 werkzeug     INFO      * Detected change in '/home/tony/flaskprojects/melamineapi/api/resources/lesions_resource.py', reloading
11-07 11:53 werkzeug     INFO      * Restarting with stat
11-07 11:53 werkzeug     WARNING   * Debugger is active!
11-07 11:53 werkzeug     INFO      * Debugger PIN: 863-880-111
11-07 11:53 werkzeug     INFO     127.0.0.1 - - [07/Nov/2022 11:53:36] "POST /api/lesions/1 HTTP/1.1" 200 -
11-07 11:54 werkzeug     INFO      * Detected change in '/home/tony/flaskprojects/melamineapi/api/resources/lesions_resource.py', reloading
11-07 11:54 werkzeug     INFO      * Restarting with stat
11-07 11:54 werkzeug     WARNING   * Debugger is active!
11-07 11:54 werkzeug     INFO      * Debugger PIN: 863-880-111
11-07 11:54 werkzeug     INFO     127.0.0.1 - - [07/Nov/2022 11:54:05] "POST /api/lesions/1 HTTP/1.1" 200 -
11-07 11:55 werkzeug     INFO      * Detected change in '/home/tony/flaskprojects/melamineapi/api/resources/lesions_resource.py', reloading
11-07 11:55 werkzeug     INFO      * Restarting with stat
11-07 11:55 werkzeug     WARNING   * Debugger is active!
11-07 11:55 werkzeug     INFO      * Debugger PIN: 863-880-111
11-07 11:55 werkzeug     INFO     127.0.0.1 - - [07/Nov/2022 11:55:17] "POST /api/lesions/1 HTTP/1.1" 200 -
11-07 11:55 werkzeug     INFO     127.0.0.1 - - [07/Nov/2022 11:55:19] "POST /api/lesions/1 HTTP/1.1" 200 -
11-07 11:55 werkzeug     INFO      * Detected change in '/home/tony/flaskprojects/melamineapi/api/resources/lesions_resource.py', reloading
11-07 11:55 werkzeug     INFO      * Restarting with stat
11-07 11:55 werkzeug     WARNING   * Debugger is active!
11-07 11:55 werkzeug     INFO      * Debugger PIN: 863-880-111
11-07 11:55 werkzeug     INFO     127.0.0.1 - - [07/Nov/2022 11:55:39] "POST /api/lesions/1 HTTP/1.1" 200 -
11-07 11:55 werkzeug     INFO      * Detected change in '/home/tony/flaskprojects/melamineapi/api/resources/lesions_resource.py', reloading
11-07 11:55 werkzeug     INFO      * Restarting with stat
11-07 11:55 werkzeug     WARNING   * Debugger is active!
11-07 11:55 werkzeug     INFO      * Debugger PIN: 863-880-111
11-07 11:55 werkzeug     INFO     127.0.0.1 - - [07/Nov/2022 11:55:48] "POST /api/lesions/1 HTTP/1.1" 200 -
11-07 11:55 werkzeug     INFO      * Detected change in '/home/tony/flaskprojects/melamineapi/api/resources/lesions_resource.py', reloading
11-07 11:55 werkzeug     INFO      * Restarting with stat
11-07 11:55 werkzeug     WARNING   * Debugger is active!
11-07 11:55 werkzeug     INFO      * Debugger PIN: 863-880-111
11-07 11:55 werkzeug     INFO     127.0.0.1 - - [07/Nov/2022 11:55:58] "POST /api/lesions/1 HTTP/1.1" 200 -
11-07 14:07 werkzeug     INFO      * Detected change in '/home/tony/flaskprojects/melamineapi/api/resources/lesions_resource.py', reloading
11-07 14:07 werkzeug     INFO      * Restarting with stat
11-07 14:07 werkzeug     WARNING   * Debugger is active!
11-07 14:07 werkzeug     INFO      * Debugger PIN: 863-880-111
11-07 14:07 werkzeug     INFO     127.0.0.1 - - [07/Nov/2022 14:07:31] "GET /api/lesions/1 HTTP/1.1" 200 -
11-07 14:07 werkzeug     INFO     127.0.0.1 - - [07/Nov/2022 14:07:39] "GET /api/lesions/10 HTTP/1.1" 200 -
11-07 14:07 werkzeug     INFO     127.0.0.1 - - [07/Nov/2022 14:07:43] "GET /api/lesions/15 HTTP/1.1" 200 -
11-07 14:07 werkzeug     INFO     127.0.0.1 - - [07/Nov/2022 14:07:47] "GET /api/lesions/17 HTTP/1.1" 200 -
11-07 14:07 werkzeug     INFO     127.0.0.1 - - [07/Nov/2022 14:07:52] "GET /api/lesions/19 HTTP/1.1" 200 -
11-07 14:07 werkzeug     INFO     127.0.0.1 - - [07/Nov/2022 14:07:58] "GET /api/lesions/25 HTTP/1.1" 200 -
11-07 14:11 werkzeug     INFO      * Detected change in '/home/tony/flaskprojects/melamineapi/api/resources/lesions_resource.py', reloading
11-07 14:11 werkzeug     INFO      * Restarting with stat
11-07 14:11 werkzeug     WARNING   * Debugger is active!
11-07 14:11 werkzeug     INFO      * Debugger PIN: 863-880-111
11-07 14:11 werkzeug     INFO     127.0.0.1 - - [07/Nov/2022 14:11:47] "[35m[1mGET /api/lesions/25 HTTP/1.1[0m" 500 -
11-07 14:12 werkzeug     INFO      * Detected change in '/home/tony/flaskprojects/melamineapi/api/resources/lesions_resource.py', reloading
11-07 14:12 werkzeug     INFO      * Restarting with stat
11-07 14:12 werkzeug     WARNING   * Debugger is active!
11-07 14:12 werkzeug     INFO      * Debugger PIN: 863-880-111
11-07 14:12 werkzeug     INFO     127.0.0.1 - - [07/Nov/2022 14:12:16] "[33mGET /api/lesions/25 HTTP/1.1[0m" 404 -
11-07 14:13 werkzeug     INFO      * Detected change in '/home/tony/flaskprojects/melamineapi/api/resources/lesions_resource.py', reloading
11-07 14:13 werkzeug     INFO      * Restarting with stat
11-07 14:13 werkzeug     WARNING   * Debugger is active!
11-07 14:13 werkzeug     INFO      * Debugger PIN: 863-880-111
11-07 14:13 werkzeug     INFO     127.0.0.1 - - [07/Nov/2022 14:13:08] "[33mGET /api/lesions/24 HTTP/1.1[0m" 404 -
11-07 14:13 werkzeug     INFO     127.0.0.1 - - [07/Nov/2022 14:13:13] "[33mGET /api/lesions/23 HTTP/1.1[0m" 404 -
11-07 14:13 werkzeug     INFO     127.0.0.1 - - [07/Nov/2022 14:13:17] "[33mGET /api/lesions/22 HTTP/1.1[0m" 404 -
11-07 14:13 werkzeug     INFO     127.0.0.1 - - [07/Nov/2022 14:13:18] "[33mGET /api/lesions/22 HTTP/1.1[0m" 404 -
11-07 14:13 werkzeug     INFO     127.0.0.1 - - [07/Nov/2022 14:13:22] "GET /api/lesions/21 HTTP/1.1" 200 -
11-07 14:15 werkzeug     INFO      * Detected change in '/home/tony/flaskprojects/melamineapi/api/api.py', reloading
11-07 14:15 werkzeug     INFO      * Restarting with stat
11-07 14:15 werkzeug     WARNING   * Debugger is active!
11-07 14:15 werkzeug     INFO      * Debugger PIN: 863-880-111
11-07 15:04 werkzeug     INFO      * Detected change in '/home/tony/flaskprojects/melamineapi/api/resources/lesions_resource.py', reloading
11-07 15:04 werkzeug     INFO      * Restarting with stat
11-07 15:04 werkzeug     WARNING   * Debugger is active!
11-07 15:04 werkzeug     INFO      * Debugger PIN: 863-880-111
11-07 15:04 werkzeug     INFO     127.0.0.1 - - [07/Nov/2022 15:04:46] "[35m[1mGET /api/lesions/21 HTTP/1.1[0m" 500 -
11-07 16:56 werkzeug     INFO      * Detected change in '/home/tony/flaskprojects/melamineapi/api/resources/lesions_resource.py', reloading
11-07 16:56 werkzeug     INFO      * Restarting with stat
11-07 16:56 werkzeug     WARNING   * Debugger is active!
11-07 16:56 werkzeug     INFO      * Debugger PIN: 863-880-111
11-07 16:57 werkzeug     INFO     127.0.0.1 - - [07/Nov/2022 16:57:01] "[35m[1mGET /api/lesions/21 HTTP/1.1[0m" 500 -
11-07 16:58 werkzeug     INFO      * Detected change in '/home/tony/flaskprojects/melamineapi/api/resources/lesions_resource.py', reloading
11-07 16:58 werkzeug     INFO      * Restarting with stat
11-07 16:58 werkzeug     WARNING   * Debugger is active!
11-07 16:58 werkzeug     INFO      * Debugger PIN: 863-880-111
11-07 16:58 werkzeug     INFO     127.0.0.1 - - [07/Nov/2022 16:58:06] "[35m[1mGET /api/lesions/21 HTTP/1.1[0m" 500 -
11-07 17:01 werkzeug     INFO     127.0.0.1 - - [07/Nov/2022 17:01:18] "[35m[1mGET /api/lesions/21 HTTP/1.1[0m" 500 -
11-07 17:01 werkzeug     INFO     127.0.0.1 - - [07/Nov/2022 17:01:46] "GET /api/lesions/1/21 HTTP/1.1" 200 -
11-07 17:01 werkzeug     INFO     127.0.0.1 - - [07/Nov/2022 17:01:53] "[35m[1mGET /api/lesions/1 HTTP/1.1[0m" 500 -
11-07 17:02 werkzeug     INFO      * Detected change in '/home/tony/flaskprojects/melamineapi/api/resources/lesions_resource.py', reloading
11-07 17:02 werkzeug     INFO      * Restarting with stat
11-07 17:02 werkzeug     WARNING   * Debugger is active!
11-07 17:02 werkzeug     INFO      * Debugger PIN: 863-880-111
11-07 17:02 werkzeug     INFO     127.0.0.1 - - [07/Nov/2022 17:02:52] "[35m[1mGET /api/lesions/1 HTTP/1.1[0m" 500 -
11-07 17:03 werkzeug     INFO      * Detected change in '/home/tony/flaskprojects/melamineapi/api/resources/lesions_resource.py', reloading
11-07 17:03 werkzeug     INFO      * Restarting with stat
11-07 17:03 werkzeug     WARNING   * Debugger is active!
11-07 17:03 werkzeug     INFO      * Debugger PIN: 863-880-111
11-07 17:03 werkzeug     INFO      * Detected change in '/home/tony/flaskprojects/melamineapi/api/resources/lesions_resource.py', reloading
11-07 17:03 werkzeug     INFO      * Restarting with stat
11-07 17:03 werkzeug     WARNING   * Debugger is active!
11-07 17:03 werkzeug     INFO      * Debugger PIN: 863-880-111
11-07 17:03 werkzeug     INFO     127.0.0.1 - - [07/Nov/2022 17:03:12] "GET /api/lesions/1 HTTP/1.1" 200 -
11-07 17:03 werkzeug     INFO     127.0.0.1 - - [07/Nov/2022 17:03:22] "GET /api/lesions/4 HTTP/1.1" 200 -
11-07 17:03 werkzeug     INFO     127.0.0.1 - - [07/Nov/2022 17:03:27] "GET /api/lesions/4 HTTP/1.1" 200 -
11-07 17:03 werkzeug     INFO     127.0.0.1 - - [07/Nov/2022 17:03:29] "GET /api/lesions/4/2 HTTP/1.1" 200 -
11-07 17:04 werkzeug     INFO      * Detected change in '/home/tony/flaskprojects/melamineapi/api/resources/lesions_resource.py', reloading
11-07 17:04 werkzeug     INFO      * Restarting with stat
11-07 17:04 werkzeug     WARNING   * Debugger is active!
11-07 17:04 werkzeug     INFO      * Debugger PIN: 863-880-111
11-07 17:04 werkzeug     INFO     127.0.0.1 - - [07/Nov/2022 17:04:54] "GET /api/lesions/4/2 HTTP/1.1" 200 -
11-07 17:04 werkzeug     INFO     127.0.0.1 - - [07/Nov/2022 17:04:57] "[33mGET /api/lesions/4/ HTTP/1.1[0m" 404 -
11-07 17:05 werkzeug     INFO     127.0.0.1 - - [07/Nov/2022 17:05:02] "GET /api/lesions/4 HTTP/1.1" 200 -
11-07 17:05 werkzeug     INFO      * Detected change in '/home/tony/flaskprojects/melamineapi/api/resources/lesions_resource.py', reloading
11-07 17:05 werkzeug     INFO      * Restarting with stat
11-07 17:05 werkzeug     WARNING   * Debugger is active!
11-07 17:05 werkzeug     INFO      * Debugger PIN: 863-880-111
11-07 17:05 werkzeug     INFO     127.0.0.1 - - [07/Nov/2022 17:05:55] "[33mGET /api/lesions/4 HTTP/1.1[0m" 404 -
11-07 17:06 werkzeug     INFO     127.0.0.1 - - [07/Nov/2022 17:06:18] "GET /api/lesions/1 HTTP/1.1" 200 -
11-07 17:07 werkzeug     INFO      * Detected change in '/home/tony/flaskprojects/melamineapi/api/api.py', reloading
11-07 17:07 werkzeug     INFO      * Restarting with stat
11-07 17:07 werkzeug     WARNING   * Debugger is active!
11-07 17:07 werkzeug     INFO      * Debugger PIN: 863-880-111
11-07 17:12 werkzeug     INFO      * Detected change in '/home/tony/flaskprojects/melamineapi/api/resources/lesions_resource.py', reloading
11-07 17:12 werkzeug     INFO      * Restarting with stat
11-07 17:12 werkzeug     WARNING   * Debugger is active!
11-07 17:12 werkzeug     INFO      * Debugger PIN: 863-880-111
11-07 17:13 werkzeug     INFO     127.0.0.1 - - [07/Nov/2022 17:13:04] "[35m[1mDELETE /api/lesions/6 HTTP/1.1[0m" 500 -
11-07 17:13 werkzeug     INFO      * Detected change in '/home/tony/flaskprojects/melamineapi/api/resources/lesions_resource.py', reloading
11-07 17:13 werkzeug     INFO      * Restarting with stat
11-07 17:13 werkzeug     WARNING   * Debugger is active!
11-07 17:13 werkzeug     INFO      * Debugger PIN: 863-880-111
11-07 17:13 api.api      ERROR    Exception on /api/lesions/6 [DELETE]
Traceback (most recent call last):
  File "/home/tony/flaskprojects/melamineapi/venv/lib/python3.8/site-packages/sqlalchemy/orm/session.py", line 2700, in delete
    state = attributes.instance_state(instance)
AttributeError: 'NoneType' object has no attribute '_sa_instance_state'

The above exception was the direct cause of the following exception:

Traceback (most recent call last):
  File "/home/tony/flaskprojects/melamineapi/api/resources/lesions_resource.py", line 115, in delete
    db.session.delete(lesion)
  File "<string>", line 2, in delete
  File "/home/tony/flaskprojects/melamineapi/venv/lib/python3.8/site-packages/sqlalchemy/orm/session.py", line 2702, in delete
    util.raise_(
  File "/home/tony/flaskprojects/melamineapi/venv/lib/python3.8/site-packages/sqlalchemy/util/compat.py", line 208, in raise_
    raise exception
sqlalchemy.orm.exc.UnmappedInstanceError: Class 'builtins.NoneType' is not mapped

During handling of the above exception, another exception occurred:

Traceback (most recent call last):
  File "/home/tony/flaskprojects/melamineapi/venv/lib/python3.8/site-packages/flask/app.py", line 1820, in full_dispatch_request
    rv = self.dispatch_request()
  File "/home/tony/flaskprojects/melamineapi/venv/lib/python3.8/site-packages/flask/app.py", line 1796, in dispatch_request
    return self.ensure_sync(self.view_functions[rule.endpoint])(**view_args)
  File "/home/tony/flaskprojects/melamineapi/venv/lib/python3.8/site-packages/flask_restful/__init__.py", line 467, in wrapper
    resp = resource(*args, **kwargs)
  File "/home/tony/flaskprojects/melamineapi/venv/lib/python3.8/site-packages/flask/views.py", line 107, in view
    return current_app.ensure_sync(self.dispatch_request)(**kwargs)
  File "/home/tony/flaskprojects/melamineapi/venv/lib/python3.8/site-packages/flask_restful/__init__.py", line 582, in dispatch_request
    resp = meth(*args, **kwargs)
  File "/home/tony/flaskprojects/melamineapi/venv/lib/python3.8/site-packages/flask_jwt_extended/view_decorators.py", line 154, in decorator
    return current_app.ensure_sync(fn)(*args, **kwargs)
  File "/home/tony/flaskprojects/melamineapi/api/resources/lesions_resource.py", line 118, in delete
    abort(500, message=f"Failed to delete entry.\n{e}")
  File "/home/tony/flaskprojects/melamineapi/venv/lib/python3.8/site-packages/flask_restful/__init__.py", line 31, in abort
    original_flask_abort(http_status_code)
  File "/home/tony/flaskprojects/melamineapi/venv/lib/python3.8/site-packages/flask/helpers.py", line 310, in abort
    current_app.aborter(code, *args, **kwargs)
  File "/home/tony/flaskprojects/melamineapi/venv/lib/python3.8/site-packages/werkzeug/exceptions.py", line 864, in __call__
    raise self.mapping[code](*args, **kwargs)
werkzeug.exceptions.InternalServerError: 500 Internal Server Error: The server encountered an internal error and was unable to complete your request. Either the server is overloaded or there is an error in the application.
11-07 17:13 werkzeug     INFO     127.0.0.1 - - [07/Nov/2022 17:13:39] "[35m[1mDELETE /api/lesions/6 HTTP/1.1[0m" 500 -
11-07 17:14 werkzeug     INFO     127.0.0.1 - - [07/Nov/2022 17:14:07] "GET /api/lesions/1 HTTP/1.1" 200 -
11-07 17:15 werkzeug     INFO      * Detected change in '/home/tony/flaskprojects/melamineapi/api/resources/lesions_resource.py', reloading
11-07 17:15 werkzeug     INFO      * Restarting with stat
11-07 17:15 werkzeug     WARNING   * Debugger is active!
11-07 17:15 werkzeug     INFO      * Debugger PIN: 863-880-111
11-07 17:15 werkzeug     INFO     127.0.0.1 - - [07/Nov/2022 17:15:02] "[31m[1mDELETE /api/lesions/6 HTTP/1.1[0m" 400 -
11-07 17:15 werkzeug     INFO     127.0.0.1 - - [07/Nov/2022 17:15:18] "[35m[1mDELETE /api/lesions/20 HTTP/1.1[0m" 201 -
11-07 17:15 werkzeug     INFO     127.0.0.1 - - [07/Nov/2022 17:15:21] "GET /api/lesions/1 HTTP/1.1" 200 -
11-11 16:40 werkzeug     INFO     [31m[1mWARNING: This is a development server. Do not use it in a production deployment. Use a production WSGI server instead.[0m
 * Running on http://127.0.0.1:5000
11-11 16:40 werkzeug     INFO     [33mPress CTRL+C to quit[0m
11-11 16:40 werkzeug     INFO      * Restarting with stat
11-11 16:40 werkzeug     WARNING   * Debugger is active!
11-11 16:40 werkzeug     INFO      * Debugger PIN: 737-821-134
11-12 09:32 werkzeug     INFO     [31m[1mWARNING: This is a development server. Do not use it in a production deployment. Use a production WSGI server instead.[0m
 * Running on http://127.0.0.1:5000
11-12 09:32 werkzeug     INFO     [33mPress CTRL+C to quit[0m
11-12 09:32 werkzeug     INFO      * Restarting with stat
11-12 09:32 werkzeug     WARNING   * Debugger is active!
11-12 09:32 werkzeug     INFO      * Debugger PIN: 454-902-922
11-12 09:45 werkzeug     INFO     127.0.0.1 - - [12/Nov/2022 09:45:20] "[31m[1mPOST /api/users/signup HTTP/1.1[0m" 403 -
11-12 10:02 werkzeug     INFO     [31m[1mWARNING: This is a development server. Do not use it in a production deployment. Use a production WSGI server instead.[0m
 * Running on all addresses (0.0.0.0)
 * Running on http://127.0.0.1:5000
 * Running on http://192.168.43.83:5000
11-12 10:02 werkzeug     INFO     [33mPress CTRL+C to quit[0m
11-12 10:02 werkzeug     INFO      * Restarting with stat
11-12 10:02 werkzeug     WARNING   * Debugger is active!
11-12 10:02 werkzeug     INFO      * Debugger PIN: 454-902-922
11-12 10:02 werkzeug     INFO     192.168.43.83 - - [12/Nov/2022 10:02:48] "[31m[1mPOST /api/users/signup HTTP/1.1[0m" 403 -
11-12 10:03 werkzeug     INFO     192.168.43.1 - - [12/Nov/2022 10:03:05] "[35m[1mPOST /api/users/signup HTTP/1.1[0m" 201 -
11-12 10:03 werkzeug     INFO     192.168.43.1 - - [12/Nov/2022 10:03:41] "[35m[1mPOST /api/users/signup HTTP/1.1[0m" 201 -
11-12 10:06 werkzeug     INFO     192.168.43.83 - - [12/Nov/2022 10:06:27] "[33mGET / HTTP/1.1[0m" 404 -
11-12 10:06 werkzeug     INFO     192.168.43.83 - - [12/Nov/2022 10:06:28] "[33mGET /favicon.ico HTTP/1.1[0m" 404 -
11-12 12:06 werkzeug     INFO     192.168.43.1 - - [12/Nov/2022 12:06:34] "[31m[1mPOST /api/users/signup HTTP/1.1[0m" 403 -
11-12 12:06 werkzeug     INFO     192.168.43.1 - - [12/Nov/2022 12:06:59] "[31m[1mPOST /api/users/signup HTTP/1.1[0m" 403 -
11-12 12:08 werkzeug     INFO      * Detected change in '/home/tony/flaskprojects/melamineapi/api/resources/users_resource.py', reloading
11-12 12:08 werkzeug     INFO      * Restarting with stat
11-12 12:08 werkzeug     WARNING   * Debugger is active!
11-12 12:08 werkzeug     INFO      * Debugger PIN: 454-902-922
11-12 12:08 werkzeug     INFO     192.168.43.1 - - [12/Nov/2022 12:08:20] "[31m[1mPOST /api/users/signup HTTP/1.1[0m" 403 -
11-12 12:08 werkzeug     INFO     192.168.43.1 - - [12/Nov/2022 12:08:20] "[31m[1mPOST /api/users/signup HTTP/1.1[0m" 403 -
11-12 12:09 werkzeug     INFO     192.168.43.1 - - [12/Nov/2022 12:09:11] "[31m[1mPOST /api/users/signup HTTP/1.1[0m" 403 -
11-12 12:10 werkzeug     INFO     192.168.43.1 - - [12/Nov/2022 12:10:45] "[31m[1mPOST /api/users/signup HTTP/1.1[0m" 403 -
11-12 12:17 werkzeug     INFO      * Detected change in '/home/tony/flaskprojects/melamineapi/api/resources/users_resource.py', reloading
11-12 12:17 werkzeug     INFO      * Restarting with stat
11-12 12:18 werkzeug     WARNING   * Debugger is active!
11-12 12:18 werkzeug     INFO      * Debugger PIN: 454-902-922
11-12 12:18 werkzeug     INFO     192.168.43.1 - - [12/Nov/2022 12:18:10] "[35m[1mPOST /api/users/signup HTTP/1.1[0m" 500 -
11-12 12:18 werkzeug     INFO     192.168.43.1 - - [12/Nov/2022 12:18:19] "[31m[1mPOST /api/users/signup HTTP/1.1[0m" 403 -
11-12 12:18 werkzeug     INFO     192.168.43.1 - - [12/Nov/2022 12:18:52] "[35m[1mPOST /api/users/signup HTTP/1.1[0m" 500 -
11-12 12:20 werkzeug     INFO      * Detected change in '/home/tony/flaskprojects/melamineapi/api/resources/users_resource.py', reloading
11-12 12:20 werkzeug     INFO      * Restarting with stat
11-12 12:20 werkzeug     WARNING   * Debugger is active!
11-12 12:20 werkzeug     INFO      * Debugger PIN: 454-902-922
11-12 12:20 werkzeug     INFO      * Detected change in '/home/tony/flaskprojects/melamineapi/api/resources/users_resource.py', reloading
11-12 12:20 werkzeug     INFO      * Restarting with stat
11-12 12:20 werkzeug     WARNING   * Debugger is active!
11-12 12:20 werkzeug     INFO      * Debugger PIN: 454-902-922
11-12 12:20 werkzeug     INFO     192.168.43.1 - - [12/Nov/2022 12:20:59] "POST /api/users/signup HTTP/1.1" 200 -
11-12 12:21 werkzeug     INFO     192.168.43.1 - - [12/Nov/2022 12:21:32] "POST /api/users/signup HTTP/1.1" 200 -
11-12 12:23 werkzeug     INFO      * Detected change in '/home/tony/flaskprojects/melamineapi/api/resources/users_resource.py', reloading
11-12 12:23 werkzeug     INFO      * Restarting with stat
11-12 12:23 werkzeug     WARNING   * Debugger is active!
11-12 12:23 werkzeug     INFO      * Debugger PIN: 454-902-922
11-12 12:23 werkzeug     INFO     192.168.43.1 - - [12/Nov/2022 12:23:07] "[35m[1mPOST /api/users/signup HTTP/1.1[0m" 500 -
11-12 12:23 werkzeug     INFO      * Detected change in '/home/tony/flaskprojects/melamineapi/api/resources/users_resource.py', reloading
11-12 12:23 werkzeug     INFO      * Restarting with stat
11-12 12:23 werkzeug     WARNING   * Debugger is active!
11-12 12:23 werkzeug     INFO      * Debugger PIN: 454-902-922
11-12 12:23 werkzeug     INFO     192.168.43.1 - - [12/Nov/2022 12:23:38] "POST /api/users/signup HTTP/1.1" 200 -
11-12 12:24 werkzeug     INFO      * Detected change in '/home/tony/flaskprojects/melamineapi/api/resources/users_resource.py', reloading
11-12 12:24 werkzeug     INFO      * Restarting with stat
11-12 12:24 werkzeug     WARNING   * Debugger is active!
11-12 12:24 werkzeug     INFO      * Debugger PIN: 454-902-922
11-12 12:25 werkzeug     INFO     192.168.43.1 - - [12/Nov/2022 12:25:01] "POST /api/users/signup HTTP/1.1" 200 -
11-12 12:25 werkzeug     INFO      * Detected change in '/home/tony/flaskprojects/melamineapi/api/resources/users_resource.py', reloading
11-12 12:25 werkzeug     INFO      * Restarting with stat
11-12 12:25 werkzeug     WARNING   * Debugger is active!
11-12 12:25 werkzeug     INFO      * Debugger PIN: 454-902-922
11-12 12:27 werkzeug     INFO      * Detected change in '/home/tony/flaskprojects/melamineapi/api/resources/users_resource.py', reloading
11-12 12:27 werkzeug     INFO      * Restarting with stat
11-12 12:27 werkzeug     WARNING   * Debugger is active!
11-12 12:27 werkzeug     INFO      * Debugger PIN: 454-902-922
11-12 12:27 werkzeug     INFO     192.168.43.1 - - [12/Nov/2022 12:27:05] "POST /api/users/signup HTTP/1.1" 200 -
11-12 12:27 werkzeug     INFO      * Detected change in '/home/tony/flaskprojects/melamineapi/api/resources/users_resource.py', reloading
11-12 12:27 werkzeug     INFO      * Restarting with stat
11-12 12:27 werkzeug     WARNING   * Debugger is active!
11-12 12:27 werkzeug     INFO      * Debugger PIN: 454-902-922
11-12 12:27 werkzeug     INFO     192.168.43.1 - - [12/Nov/2022 12:27:36] "POST /api/users/signup HTTP/1.1" 200 -
11-12 12:33 werkzeug     INFO     192.168.43.1 - - [12/Nov/2022 12:33:26] "POST /api/users/signup HTTP/1.1" 200 -
11-12 12:35 werkzeug     INFO     192.168.43.1 - - [12/Nov/2022 12:35:50] "POST /api/users/signup HTTP/1.1" 200 -
11-12 12:38 werkzeug     INFO     192.168.43.1 - - [12/Nov/2022 12:38:13] "POST /api/users/signup HTTP/1.1" 200 -
11-12 12:39 werkzeug     INFO     192.168.43.1 - - [12/Nov/2022 12:39:39] "POST /api/users/signup HTTP/1.1" 200 -
11-12 12:44 werkzeug     INFO     192.168.43.1 - - [12/Nov/2022 12:44:42] "POST /api/users/signup HTTP/1.1" 200 -
11-12 12:52 werkzeug     INFO     192.168.43.1 - - [12/Nov/2022 12:52:20] "POST /api/users/signup HTTP/1.1" 200 -
11-12 12:55 werkzeug     INFO     192.168.43.1 - - [12/Nov/2022 12:55:07] "POST /api/users/signup HTTP/1.1" 200 -
11-12 12:57 werkzeug     INFO     192.168.43.1 - - [12/Nov/2022 12:57:53] "POST /api/users/signup HTTP/1.1" 200 -
11-12 13:03 werkzeug     INFO     192.168.43.1 - - [12/Nov/2022 13:03:17] "POST /api/users/login HTTP/1.1" 200 -
11-13 11:15 werkzeug     INFO     [31m[1mWARNING: This is a development server. Do not use it in a production deployment. Use a production WSGI server instead.[0m
 * Running on all addresses (0.0.0.0)
 * Running on http://127.0.0.1:5000
 * Running on http://127.0.0.1:5000
11-13 11:15 werkzeug     INFO     [33mPress CTRL+C to quit[0m
11-13 11:15 werkzeug     INFO      * Restarting with stat
11-13 11:15 werkzeug     WARNING   * Debugger is active!
11-13 11:15 werkzeug     INFO      * Debugger PIN: 135-778-947
11-13 12:26 werkzeug     INFO     192.168.43.1 - - [13/Nov/2022 12:26:21] "POST /api/users/login HTTP/1.1" 200 -
11-13 12:27 werkzeug     INFO     192.168.43.1 - - [13/Nov/2022 12:27:03] "POST /api/users/login HTTP/1.1" 200 -
11-13 12:27 werkzeug     INFO     192.168.43.1 - - [13/Nov/2022 12:27:50] "POST /api/users/login HTTP/1.1" 200 -
11-13 12:30 werkzeug     INFO      * Detected change in '/home/tony/flaskprojects/melamineapi/api/resources/users_resource.py', reloading
11-13 12:30 werkzeug     INFO      * Restarting with stat
11-13 12:30 werkzeug     WARNING   * Debugger is active!
11-13 12:30 werkzeug     INFO      * Debugger PIN: 135-778-947
11-13 12:38 werkzeug     INFO     192.168.43.1 - - [13/Nov/2022 12:38:39] "[33mDELETE /api/users/logoutd HTTP/1.1[0m" 404 -
11-13 12:38 werkzeug     INFO     192.168.43.1 - - [13/Nov/2022 12:38:48] "[31m[1mDELETE /api/users/logout HTTP/1.1[0m" 401 -
11-13 12:40 werkzeug     INFO     192.168.43.1 - - [13/Nov/2022 12:40:14] "DELETE /api/users/logout HTTP/1.1" 200 -
11-13 12:40 werkzeug     INFO     192.168.43.1 - - [13/Nov/2022 12:40:30] "[31m[1mDELETE /api/users/logout HTTP/1.1[0m" 401 -
11-13 12:40 werkzeug     INFO     192.168.43.1 - - [13/Nov/2022 12:40:33] "[31m[1mDELETE /api/users/logout HTTP/1.1[0m" 401 -
11-13 12:42 werkzeug     INFO     192.168.43.1 - - [13/Nov/2022 12:42:00] "[31m[1mDELETE /api/users/logout HTTP/1.1[0m" 401 -
11-13 12:42 werkzeug     INFO     192.168.43.1 - - [13/Nov/2022 12:42:02] "[31m[1mDELETE /api/users/logout HTTP/1.1[0m" 401 -
11-13 12:42 werkzeug     INFO     192.168.43.1 - - [13/Nov/2022 12:42:22] "[31m[1mDELETE /api/users/logout HTTP/1.1[0m" 401 -
11-13 12:42 werkzeug     INFO     192.168.43.1 - - [13/Nov/2022 12:42:45] "POST /api/users/login HTTP/1.1" 200 -
11-13 12:42 werkzeug     INFO     192.168.43.1 - - [13/Nov/2022 12:42:48] "DELETE /api/users/logout HTTP/1.1" 200 -
11-13 12:43 werkzeug     INFO     192.168.43.1 - - [13/Nov/2022 12:43:32] "POST /api/users/login HTTP/1.1" 200 -
11-13 13:39 werkzeug     INFO     10.20.195.39 - - [13/Nov/2022 13:39:54] "[33mPOST /api/lesionds/undefined HTTP/1.1[0m" 404 -
11-13 13:40 werkzeug     INFO     10.20.195.39 - - [13/Nov/2022 13:40:04] "[31m[1mPOST /api/lesions/undefined HTTP/1.1[0m" 401 -
11-13 13:40 werkzeug     INFO     10.20.195.39 - - [13/Nov/2022 13:40:12] "[31m[1mPOST /api/lesions/undefined HTTP/1.1[0m" 401 -
11-13 13:40 werkzeug     INFO     10.20.195.39 - - [13/Nov/2022 13:40:19] "[31m[1mPOST /api/lesions/undefined HTTP/1.1[0m" 401 -
11-13 13:40 werkzeug     INFO     10.20.195.39 - - [13/Nov/2022 13:40:21] "[31m[1mPOST /api/lesions/undefined HTTP/1.1[0m" 401 -
11-13 13:40 werkzeug     INFO     10.20.195.39 - - [13/Nov/2022 13:40:23] "[31m[1mPOST /api/lesions/undefined HTTP/1.1[0m" 401 -
11-13 13:40 werkzeug     INFO     10.20.195.39 - - [13/Nov/2022 13:40:24] "[31m[1mPOST /api/lesions/undefined HTTP/1.1[0m" 401 -
11-13 13:40 werkzeug     INFO     10.20.195.39 - - [13/Nov/2022 13:40:25] "[31m[1mPOST /api/lesions/undefined HTTP/1.1[0m" 401 -
11-13 13:40 werkzeug     INFO     10.20.195.39 - - [13/Nov/2022 13:40:26] "[31m[1mPOST /api/lesions/undefined HTTP/1.1[0m" 401 -
11-13 13:41 werkzeug     INFO     10.20.195.39 - - [13/Nov/2022 13:41:12] "[35m[1mPOST /api/lesions/undefined HTTP/1.1[0m" 500 -
11-13 13:42 werkzeug     INFO      * Detected change in '/home/tony/flaskprojects/melamineapi/api/resources/lesions_resource.py', reloading
11-13 13:42 werkzeug     INFO      * Restarting with stat
11-13 13:43 werkzeug     WARNING   * Debugger is active!
11-13 13:43 werkzeug     INFO      * Debugger PIN: 135-778-947
11-13 13:43 werkzeug     INFO     10.20.195.39 - - [13/Nov/2022 13:43:20] "[35m[1mPOST /api/lesions/undefined HTTP/1.1[0m" 500 -
11-13 13:43 werkzeug     INFO      * Detected change in '/home/tony/flaskprojects/melamineapi/api/resources/lesions_resource.py', reloading
11-13 13:43 werkzeug     INFO      * Restarting with stat
11-13 13:43 werkzeug     WARNING   * Debugger is active!
11-13 13:43 werkzeug     INFO      * Debugger PIN: 135-778-947
11-13 13:44 werkzeug     INFO     10.20.195.39 - - [13/Nov/2022 13:44:08] "[35m[1mPOST /api/lesions/undefined HTTP/1.1[0m" 500 -
11-13 13:53 werkzeug     INFO     [31m[1mWARNING: This is a development server. Do not use it in a production deployment. Use a production WSGI server instead.[0m
 * Running on all addresses (0.0.0.0)
 * Running on http://127.0.0.1:5000
 * Running on http://10.20.195.120:5000
11-13 13:53 werkzeug     INFO     [33mPress CTRL+C to quit[0m
11-13 13:53 werkzeug     INFO      * Restarting with stat
11-13 13:53 werkzeug     WARNING   * Debugger is active!
11-13 13:53 werkzeug     INFO      * Debugger PIN: 135-778-947
11-13 13:53 werkzeug     INFO     10.20.195.39 - - [13/Nov/2022 13:53:57] "[35m[1mPOST /api/lesions/undefined HTTP/1.1[0m" 500 -
11-13 13:56 werkzeug     INFO     10.20.195.39 - - [13/Nov/2022 13:56:00] "[35m[1mPOST /api/lesions/undefined HTTP/1.1[0m" 500 -
11-13 13:57 werkzeug     INFO     10.20.195.39 - - [13/Nov/2022 13:57:20] "[35m[1mPOST /api/lesions/undefined HTTP/1.1[0m" 500 -
11-13 13:57 werkzeug     INFO     10.20.195.39 - - [13/Nov/2022 13:57:24] "[35m[1mPOST /api/lesions/undefined HTTP/1.1[0m" 500 -
11-13 13:58 werkzeug     INFO      * Detected change in '/home/tony/flaskprojects/melamineapi/api/resources/lesions_resource.py', reloading
11-13 13:58 werkzeug     INFO      * Restarting with stat
11-13 13:58 werkzeug     WARNING   * Debugger is active!
11-13 13:58 werkzeug     INFO      * Debugger PIN: 135-778-947
11-13 13:58 werkzeug     INFO     10.20.195.39 - - [13/Nov/2022 13:58:40] "[35m[1mPOST /api/lesions/undefined HTTP/1.1[0m" 500 -
11-13 13:58 werkzeug     INFO      * Detected change in '/home/tony/flaskprojects/melamineapi/api/resources/lesions_resource.py', reloading
11-13 13:58 werkzeug     INFO      * Restarting with stat
11-13 13:58 werkzeug     WARNING   * Debugger is active!
11-13 13:58 werkzeug     INFO      * Debugger PIN: 135-778-947
11-13 14:01 werkzeug     INFO      * Detected change in '/home/tony/flaskprojects/melamineapi/api/resources/lesions_resource.py', reloading
11-13 14:01 werkzeug     INFO      * Restarting with stat
11-13 14:01 werkzeug     WARNING   * Debugger is active!
11-13 14:01 werkzeug     INFO      * Debugger PIN: 135-778-947
11-13 14:01 werkzeug     INFO     10.20.195.39 - - [13/Nov/2022 14:01:13] "[35m[1mPOST /api/lesions/undefined HTTP/1.1[0m" 500 -
11-13 14:02 werkzeug     INFO      * Detected change in '/home/tony/flaskprojects/melamineapi/api/resources/lesions_resource.py', reloading
11-13 14:02 werkzeug     INFO      * Restarting with stat
11-13 14:02 werkzeug     WARNING   * Debugger is active!
11-13 14:02 werkzeug     INFO      * Debugger PIN: 135-778-947
11-13 14:02 werkzeug     INFO     10.20.195.39 - - [13/Nov/2022 14:02:05] "[35m[1mPOST /api/lesions/undefined HTTP/1.1[0m" 500 -
11-13 14:02 werkzeug     INFO      * Detected change in '/home/tony/flaskprojects/melamineapi/api/resources/lesions_resource.py', reloading
11-13 14:02 werkzeug     INFO      * Restarting with stat
11-13 14:02 werkzeug     WARNING   * Debugger is active!
11-13 14:02 werkzeug     INFO      * Debugger PIN: 135-778-947
11-13 14:06 werkzeug     INFO      * Detected change in '/home/tony/flaskprojects/melamineapi/api/resources/lesions_resource.py', reloading
11-13 14:06 werkzeug     INFO      * Restarting with stat
11-13 14:06 werkzeug     WARNING   * Debugger is active!
11-13 14:06 werkzeug     INFO      * Debugger PIN: 135-778-947
11-13 14:06 werkzeug     INFO     10.20.195.39 - - [13/Nov/2022 14:06:27] "[35m[1mPOST /api/lesions/undefined HTTP/1.1[0m" 500 -
11-13 14:06 werkzeug     INFO      * Detected change in '/home/tony/flaskprojects/melamineapi/api/resources/lesions_resource.py', reloading
11-13 14:06 werkzeug     INFO      * Restarting with stat
11-13 14:06 werkzeug     WARNING   * Debugger is active!
11-13 14:06 werkzeug     INFO      * Debugger PIN: 135-778-947
11-13 14:09 werkzeug     INFO     10.20.195.39 - - [13/Nov/2022 14:09:16] "[35m[1mPOST /api/lesions/undefined HTTP/1.1[0m" 500 -
11-13 14:10 werkzeug     INFO      * Detected change in '/home/tony/flaskprojects/melamineapi/api/api.py', reloading
11-13 14:10 werkzeug     INFO      * Restarting with stat
11-13 14:10 werkzeug     WARNING   * Debugger is active!
11-13 14:10 werkzeug     INFO      * Debugger PIN: 135-778-947
11-13 14:10 werkzeug     INFO     10.20.195.39 - - [13/Nov/2022 14:10:49] "[35m[1mPOST /api/lesions/undefined HTTP/1.1[0m" 500 -
11-13 14:16 werkzeug     INFO     10.20.195.39 - - [13/Nov/2022 14:16:05] "[35m[1mPOST /api/lesions/undefined HTTP/1.1[0m" 500 -
11-13 14:16 werkzeug     INFO     10.20.195.39 - - [13/Nov/2022 14:16:09] "[35m[1mPOST /api/lesions/undefined HTTP/1.1[0m" 500 -
11-13 14:17 werkzeug     INFO     10.20.195.39 - - [13/Nov/2022 14:17:33] "[35m[1mPOST /api/lesions/undefined HTTP/1.1[0m" 500 -
11-13 14:18 werkzeug     INFO     10.20.195.39 - - [13/Nov/2022 14:18:22] "[35m[1mPOST /api/lesions/undefined HTTP/1.1[0m" 500 -
11-13 14:23 werkzeug     INFO     127.0.0.1 - - [13/Nov/2022 14:23:20] "[31m[1mPOST /api/lesions/1 HTTP/1.1[0m" 401 -
11-13 14:24 werkzeug     INFO     127.0.0.1 - - [13/Nov/2022 14:24:32] "[31m[1mPOST /api/users/login HTTP/1.1[0m" 401 -
11-13 14:26 werkzeug     INFO     127.0.0.1 - - [13/Nov/2022 14:26:13] "POST /api/users/login HTTP/1.1" 200 -
11-13 14:26 werkzeug     INFO     127.0.0.1 - - [13/Nov/2022 14:26:20] "[31m[1mPOST /api/lesions/1 HTTP/1.1[0m" 401 -
11-13 14:26 werkzeug     INFO     127.0.0.1 - - [13/Nov/2022 14:26:40] "[35m[1mPOST /api/lesions/1 HTTP/1.1[0m" 500 -
11-13 14:27 werkzeug     INFO      * Detected change in '/home/tony/flaskprojects/melamineapi/api/resources/lesions_resource.py', reloading
11-13 14:27 werkzeug     INFO      * Restarting with stat
11-13 14:27 werkzeug     WARNING   * Debugger is active!
11-13 14:27 werkzeug     INFO      * Debugger PIN: 135-778-947
11-13 14:27 werkzeug     INFO     10.20.195.39 - - [13/Nov/2022 14:27:21] "[35m[1mPOST /api/lesions/undefined HTTP/1.1[0m" 500 -
11-13 14:27 werkzeug     INFO     10.20.195.39 - - [13/Nov/2022 14:27:26] "[35m[1mPOST /api/lesions/undefined HTTP/1.1[0m" 500 -
11-13 14:27 werkzeug     INFO      * Detected change in '/home/tony/flaskprojects/melamineapi/api/resources/lesions_resource.py', reloading
11-13 14:27 werkzeug     INFO      * Restarting with stat
11-13 14:27 werkzeug     WARNING   * Debugger is active!
11-13 14:27 werkzeug     INFO      * Debugger PIN: 135-778-947
11-13 14:27 werkzeug     INFO     10.20.195.39 - - [13/Nov/2022 14:27:35] "[35m[1mPOST /api/lesions/undefined HTTP/1.1[0m" 500 -
11-13 14:31 werkzeug     INFO     10.20.195.39 - - [13/Nov/2022 14:31:48] "[35m[1mPOST /api/lesions/undefined HTTP/1.1[0m" 500 -
11-13 14:31 werkzeug     INFO      * Detected change in '/home/tony/flaskprojects/melamineapi/api/resources/lesions_resource.py', reloading
11-13 14:31 werkzeug     INFO      * Restarting with stat
11-13 14:32 werkzeug     WARNING   * Debugger is active!
11-13 14:32 werkzeug     INFO      * Debugger PIN: 135-778-947
11-13 14:32 werkzeug     INFO     10.20.195.39 - - [13/Nov/2022 14:32:00] "[31m[1mPOST /api/lesions/undefined HTTP/1.1[0m" 400 -
11-13 14:32 werkzeug     INFO     10.20.195.39 - - [13/Nov/2022 14:32:37] "[31m[1mPOST /api/lesions/21 HTTP/1.1[0m" 400 -
11-13 14:33 werkzeug     INFO      * Detected change in '/home/tony/flaskprojects/melamineapi/api/api.py', reloading
11-13 14:33 werkzeug     INFO      * Restarting with stat
11-13 14:33 werkzeug     WARNING   * Debugger is active!
11-13 14:33 werkzeug     INFO      * Debugger PIN: 135-778-947
11-13 14:33 werkzeug     INFO      * Detected change in '/home/tony/flaskprojects/melamineapi/api/resources/lesions_resource.py', reloading
11-13 14:33 werkzeug     INFO      * Restarting with stat
11-13 14:33 werkzeug     WARNING   * Debugger is active!
11-13 14:33 werkzeug     INFO      * Debugger PIN: 135-778-947
11-13 14:33 werkzeug     INFO      * Detected change in '/home/tony/flaskprojects/melamineapi/api/resources/lesions_resource.py', reloading
11-13 14:33 werkzeug     INFO      * Restarting with stat
11-13 14:33 werkzeug     WARNING   * Debugger is active!
11-13 14:33 werkzeug     INFO      * Debugger PIN: 135-778-947
11-13 14:33 werkzeug     INFO     10.20.195.39 - - [13/Nov/2022 14:33:51] "[31m[1mPOST /api/lesions/21 HTTP/1.1[0m" 400 -
11-13 14:33 werkzeug     INFO     10.20.195.39 - - [13/Nov/2022 14:33:55] "[31m[1mPOST /api/lesions/21 HTTP/1.1[0m" 400 -
11-13 14:34 werkzeug     INFO     10.20.195.39 - - [13/Nov/2022 14:34:31] "[31m[1mPOST /api/lesions/21 HTTP/1.1[0m" 400 -
11-13 14:34 werkzeug     INFO      * Detected change in '/home/tony/flaskprojects/melamineapi/api/api.py', reloading
11-13 14:34 werkzeug     INFO      * Restarting with stat
11-13 14:34 werkzeug     WARNING   * Debugger is active!
11-13 14:34 werkzeug     INFO      * Debugger PIN: 135-778-947
11-13 14:34 werkzeug     INFO     10.20.195.39 - - [13/Nov/2022 14:34:46] "[31m[1mPOST /api/lesions/21 HTTP/1.1[0m" 400 -
11-13 14:34 werkzeug     INFO     [31m[1mWARNING: This is a development server. Do not use it in a production deployment. Use a production WSGI server instead.[0m
 * Running on all addresses (0.0.0.0)
 * Running on http://127.0.0.1:5000
 * Running on http://10.20.195.120:5000
11-13 14:34 werkzeug     INFO     [33mPress CTRL+C to quit[0m
11-13 14:34 werkzeug     INFO      * Restarting with stat
11-13 14:34 werkzeug     WARNING   * Debugger is active!
11-13 14:34 werkzeug     INFO      * Debugger PIN: 135-778-947
11-13 14:35 werkzeug     INFO     10.20.195.39 - - [13/Nov/2022 14:35:00] "[31m[1mPOST /api/lesions/21 HTTP/1.1[0m" 400 -
11-13 14:35 werkzeug     INFO     10.20.195.39 - - [13/Nov/2022 14:35:39] "[31m[1mPOST /api/lesions/21 HTTP/1.1[0m" 400 -
11-13 14:35 werkzeug     INFO     10.20.195.39 - - [13/Nov/2022 14:35:45] "[31m[1mPOST /api/lesions/21 HTTP/1.1[0m" 400 -
11-13 14:35 werkzeug     INFO     10.20.195.39 - - [13/Nov/2022 14:35:51] "[31m[1mPOST /api/lesions/21 HTTP/1.1[0m" 400 -
11-13 14:36 werkzeug     INFO     10.20.195.39 - - [13/Nov/2022 14:36:10] "[31m[1mPOST /api/lesions/21 HTTP/1.1[0m" 400 -
11-13 14:36 werkzeug     INFO     10.20.195.39 - - [13/Nov/2022 14:36:19] "[31m[1mPOST /api/lesions/21 HTTP/1.1[0m" 400 -
11-13 14:36 werkzeug     INFO     10.20.195.39 - - [13/Nov/2022 14:36:20] "[31m[1mPOST /api/lesions/21 HTTP/1.1[0m" 400 -
11-13 14:36 werkzeug     INFO     10.20.195.39 - - [13/Nov/2022 14:36:21] "[31m[1mPOST /api/lesions/21 HTTP/1.1[0m" 400 -
11-13 14:36 werkzeug     INFO     10.20.195.39 - - [13/Nov/2022 14:36:43] "[31m[1mPOST /api/lesions/21 HTTP/1.1[0m" 400 -
11-13 14:36 werkzeug     INFO     10.20.195.39 - - [13/Nov/2022 14:36:44] "[31m[1mPOST /api/lesions/21 HTTP/1.1[0m" 400 -
11-13 14:36 werkzeug     INFO     10.20.195.39 - - [13/Nov/2022 14:36:44] "[31m[1mPOST /api/lesions/21 HTTP/1.1[0m" 400 -
11-13 14:36 werkzeug     INFO     10.20.195.39 - - [13/Nov/2022 14:36:45] "[31m[1mPOST /api/lesions/21 HTTP/1.1[0m" 400 -
11-13 14:36 werkzeug     INFO     10.20.195.39 - - [13/Nov/2022 14:36:45] "[31m[1mPOST /api/lesions/21 HTTP/1.1[0m" 400 -
11-13 14:36 werkzeug     INFO     10.20.195.39 - - [13/Nov/2022 14:36:45] "[31m[1mPOST /api/lesions/21 HTTP/1.1[0m" 400 -
11-13 14:36 werkzeug     INFO     10.20.195.39 - - [13/Nov/2022 14:36:45] "[31m[1mPOST /api/lesions/21 HTTP/1.1[0m" 400 -
11-13 14:36 werkzeug     INFO     10.20.195.39 - - [13/Nov/2022 14:36:45] "[31m[1mPOST /api/lesions/21 HTTP/1.1[0m" 400 -
11-13 14:36 werkzeug     INFO     10.20.195.39 - - [13/Nov/2022 14:36:47] "[31m[1mPOST /api/lesions/21 HTTP/1.1[0m" 400 -
11-13 14:37 werkzeug     INFO     10.20.195.39 - - [13/Nov/2022 14:37:15] "[31m[1mPOST /api/lesions/21 HTTP/1.1[0m" 400 -
11-13 14:37 werkzeug     INFO     10.20.195.39 - - [13/Nov/2022 14:37:17] "[31m[1mPOST /api/lesions/21 HTTP/1.1[0m" 400 -
11-13 14:37 werkzeug     INFO     10.20.195.39 - - [13/Nov/2022 14:37:18] "[31m[1mPOST /api/lesions/21 HTTP/1.1[0m" 400 -
11-13 14:37 werkzeug     INFO      * Detected change in '/home/tony/flaskprojects/melamineapi/api/resources/lesions_resource.py', reloading
11-13 14:37 werkzeug     INFO      * Restarting with stat
11-13 14:38 werkzeug     WARNING   * Debugger is active!
11-13 14:38 werkzeug     INFO      * Debugger PIN: 135-778-947
11-13 14:38 werkzeug     INFO     10.20.195.39 - - [13/Nov/2022 14:38:03] "[31m[1mPOST /api/lesions/21 HTTP/1.1[0m" 400 -
11-13 14:38 werkzeug     INFO      * Detected change in '/home/tony/flaskprojects/melamineapi/api/resources/lesions_resource.py', reloading
11-13 14:38 werkzeug     INFO      * Restarting with stat
11-13 14:38 werkzeug     WARNING   * Debugger is active!
11-13 14:38 werkzeug     INFO      * Debugger PIN: 135-778-947
11-13 14:38 werkzeug     INFO      * Detected change in '/home/tony/flaskprojects/melamineapi/api/resources/lesions_resource.py', reloading
11-13 14:38 werkzeug     INFO      * Restarting with stat
11-13 14:38 werkzeug     WARNING   * Debugger is active!
11-13 14:38 werkzeug     INFO      * Debugger PIN: 135-778-947
11-13 14:38 werkzeug     INFO     10.20.195.39 - - [13/Nov/2022 14:38:37] "[31m[1mPOST /api/lesions/21 HTTP/1.1[0m" 400 -
11-13 14:38 werkzeug     INFO     10.20.195.39 - - [13/Nov/2022 14:38:39] "[31m[1mPOST /api/lesions/21 HTTP/1.1[0m" 400 -
11-13 14:38 werkzeug     INFO     10.20.195.39 - - [13/Nov/2022 14:38:40] "[31m[1mPOST /api/lesions/21 HTTP/1.1[0m" 400 -
11-13 14:38 werkzeug     INFO     10.20.195.39 - - [13/Nov/2022 14:38:41] "[31m[1mPOST /api/lesions/21 HTTP/1.1[0m" 400 -
11-13 14:38 werkzeug     INFO     10.20.195.39 - - [13/Nov/2022 14:38:42] "[31m[1mPOST /api/lesions/21 HTTP/1.1[0m" 400 -
11-13 14:39 werkzeug     INFO     10.20.195.39 - - [13/Nov/2022 14:39:09] "[33mPOST /api/lesionss/21 HTTP/1.1[0m" 404 -
11-13 14:39 werkzeug     INFO     10.20.195.39 - - [13/Nov/2022 14:39:10] "[33mPOST /api/lesionss/21 HTTP/1.1[0m" 404 -
11-13 14:39 werkzeug     INFO     10.20.195.39 - - [13/Nov/2022 14:39:18] "[31m[1mPOST /api/lesions/21 HTTP/1.1[0m" 400 -
11-13 14:39 werkzeug     INFO      * Detected change in '/home/tony/flaskprojects/melamineapi/api/resources/lesions_resource.py', reloading
11-13 14:39 werkzeug     INFO      * Restarting with stat
11-13 14:39 werkzeug     WARNING   * Debugger is active!
11-13 14:39 werkzeug     INFO      * Debugger PIN: 135-778-947
11-13 14:39 werkzeug     INFO     10.20.195.39 - - [13/Nov/2022 14:39:44] "[31m[1mPOST /api/lesions/21 HTTP/1.1[0m" 400 -
11-13 14:39 werkzeug     INFO     10.20.195.39 - - [13/Nov/2022 14:39:49] "[31m[1mPOST /api/lesions/21 HTTP/1.1[0m" 400 -
11-13 14:39 werkzeug     INFO      * Detected change in '/home/tony/flaskprojects/melamineapi/api/resources/lesions_resource.py', reloading
11-13 14:39 werkzeug     INFO      * Restarting with stat
11-13 14:39 werkzeug     WARNING   * Debugger is active!
11-13 14:39 werkzeug     INFO      * Debugger PIN: 135-778-947
11-13 14:39 werkzeug     INFO     10.20.195.39 - - [13/Nov/2022 14:39:58] "[31m[1mPOST /api/lesions/21 HTTP/1.1[0m" 400 -
11-13 14:41 werkzeug     INFO      * Detected change in '/home/tony/flaskprojects/melamineapi/api/resources/lesions_resource.py', reloading
11-13 14:41 werkzeug     INFO      * Restarting with stat
11-13 14:41 werkzeug     WARNING   * Debugger is active!
11-13 14:41 werkzeug     INFO      * Debugger PIN: 135-778-947
11-13 14:41 werkzeug     INFO     10.20.195.39 - - [13/Nov/2022 14:41:22] "[35m[1mPOST /api/lesions/21 HTTP/1.1[0m" 500 -
11-13 14:41 werkzeug     INFO      * Detected change in '/home/tony/flaskprojects/melamineapi/api/resources/lesions_resource.py', reloading
11-13 14:41 werkzeug     INFO      * Restarting with stat
11-13 14:41 werkzeug     WARNING   * Debugger is active!
11-13 14:41 werkzeug     INFO      * Debugger PIN: 135-778-947
11-13 14:41 werkzeug     INFO     10.20.195.39 - - [13/Nov/2022 14:41:42] "[31m[1mPOST /api/lesions/21 HTTP/1.1[0m" 400 -
11-13 14:41 werkzeug     INFO      * Detected change in '/home/tony/flaskprojects/melamineapi/api/resources/lesions_resource.py', reloading
11-13 14:41 werkzeug     INFO      * Restarting with stat
11-13 14:41 werkzeug     WARNING   * Debugger is active!
11-13 14:41 werkzeug     INFO      * Debugger PIN: 135-778-947
11-13 14:41 werkzeug     INFO     10.20.195.39 - - [13/Nov/2022 14:41:57] "[35m[1mPOST /api/lesions/21 HTTP/1.1[0m" 500 -
11-13 14:44 werkzeug     INFO     10.20.195.39 - - [13/Nov/2022 14:44:29] "[35m[1mPOST /api/lesions/21 HTTP/1.1[0m" 500 -
11-13 14:45 werkzeug     INFO      * Detected change in '/home/tony/flaskprojects/melamineapi/api/api.py', reloading
11-13 14:45 werkzeug     INFO      * Restarting with stat
11-13 14:45 werkzeug     WARNING   * Debugger is active!
11-13 14:45 werkzeug     INFO      * Debugger PIN: 135-778-947
11-13 14:45 werkzeug     INFO     10.20.195.39 - - [13/Nov/2022 14:45:49] "[35m[1mPOST /api/lesions/21 HTTP/1.1[0m" 500 -
11-13 14:45 werkzeug     INFO      * Detected change in '/home/tony/flaskprojects/melamineapi/api/api.py', reloading
11-13 14:45 werkzeug     INFO      * Restarting with stat
11-13 14:45 werkzeug     WARNING   * Debugger is active!
11-13 14:45 werkzeug     INFO      * Debugger PIN: 135-778-947
11-13 18:34 werkzeug     INFO     10.20.195.39 - - [13/Nov/2022 18:34:18] "[35m[1mPOST /api/lesions/21 HTTP/1.1[0m" 500 -
11-13 18:49 werkzeug     INFO     10.20.195.39 - - [13/Nov/2022 18:49:58] "[35m[1mPOST /api/lesions/21 HTTP/1.1[0m" 500 -
11-13 18:50 werkzeug     INFO     10.20.195.39 - - [13/Nov/2022 18:50:26] "[35m[1mPOST /api/lesions/21 HTTP/1.1[0m" 500 -
11-13 18:50 werkzeug     INFO     10.20.195.39 - - [13/Nov/2022 18:50:28] "[35m[1mPOST /api/lesions/21 HTTP/1.1[0m" 500 -
11-13 18:50 werkzeug     INFO     10.20.195.39 - - [13/Nov/2022 18:50:28] "[35m[1mPOST /api/lesions/21 HTTP/1.1[0m" 500 -
11-13 18:50 werkzeug     INFO     10.20.195.39 - - [13/Nov/2022 18:50:55] "[35m[1mPOST /api/lesions/21 HTTP/1.1[0m" 500 -
11-13 18:50 werkzeug     INFO     10.20.195.39 - - [13/Nov/2022 18:50:56] "[35m[1mPOST /api/lesions/21 HTTP/1.1[0m" 500 -
11-13 18:50 werkzeug     INFO     10.20.195.39 - - [13/Nov/2022 18:50:57] "[35m[1mPOST /api/lesions/21 HTTP/1.1[0m" 500 -
11-13 18:52 werkzeug     INFO     10.20.195.39 - - [13/Nov/2022 18:52:39] "[35m[1mPOST /api/lesions/21 HTTP/1.1[0m" 500 -
11-13 18:53 werkzeug     INFO     10.20.195.39 - - [13/Nov/2022 18:53:16] "[35m[1mPOST /api/lesions/21 HTTP/1.1[0m" 500 -
11-13 18:53 werkzeug     INFO     10.20.195.39 - - [13/Nov/2022 18:53:22] "[35m[1mPOST /api/lesions/21 HTTP/1.1[0m" 500 -
11-13 18:53 werkzeug     INFO     10.20.195.39 - - [13/Nov/2022 18:53:26] "[35m[1mPOST /api/lesions/21 HTTP/1.1[0m" 500 -
11-13 18:53 werkzeug     INFO     10.20.195.39 - - [13/Nov/2022 18:53:28] "[35m[1mPOST /api/lesions/21 HTTP/1.1[0m" 500 -
11-13 18:53 werkzeug     INFO     10.20.195.39 - - [13/Nov/2022 18:53:32] "[35m[1mPOST /api/lesions/21 HTTP/1.1[0m" 500 -
11-13 18:53 werkzeug     INFO     10.20.195.39 - - [13/Nov/2022 18:53:55] "[35m[1mPOST /api/lesions/21 HTTP/1.1[0m" 500 -
11-13 18:53 werkzeug     INFO     10.20.195.39 - - [13/Nov/2022 18:53:57] "[35m[1mPOST /api/lesions/21 HTTP/1.1[0m" 500 -
11-13 18:55 werkzeug     INFO     10.20.195.39 - - [13/Nov/2022 18:55:23] "[35m[1mPOST /api/lesions/21 HTTP/1.1[0m" 500 -
11-13 18:55 werkzeug     INFO     10.20.195.39 - - [13/Nov/2022 18:55:33] "[35m[1mPOST /api/lesions/21 HTTP/1.1[0m" 500 -
11-13 18:55 werkzeug     INFO     10.20.195.39 - - [13/Nov/2022 18:55:47] "[35m[1mPOST /api/lesions/21 HTTP/1.1[0m" 500 -
11-13 19:01 werkzeug     INFO     10.20.195.39 - - [13/Nov/2022 19:01:13] "[35m[1mPOST /api/lesions/21 HTTP/1.1[0m" 500 -
11-13 19:02 werkzeug     INFO     10.20.195.39 - - [13/Nov/2022 19:02:22] "[31m[1mPOST /api/lesions/21 HTTP/1.1[0m" 401 -
11-13 19:03 werkzeug     INFO     10.20.195.39 - - [13/Nov/2022 19:03:36] "[35m[1mPOST /api/lesions/21 HTTP/1.1[0m" 500 -
11-13 19:03 werkzeug     INFO     10.20.195.39 - - [13/Nov/2022 19:03:57] "[35m[1mPOST /api/lesions/21 HTTP/1.1[0m" 500 -
11-13 19:04 werkzeug     INFO      * Detected change in '/home/tony/flaskprojects/melamineapi/api/resources/lesions_resource.py', reloading
11-13 19:04 werkzeug     INFO      * Restarting with stat
11-13 19:04 werkzeug     WARNING   * Debugger is active!
11-13 19:04 werkzeug     INFO      * Debugger PIN: 135-778-947
11-13 19:04 werkzeug     INFO     10.20.195.39 - - [13/Nov/2022 19:04:43] "[35m[1mPOST /api/lesions/21 HTTP/1.1[0m" 500 -
11-13 19:04 werkzeug     INFO     10.20.195.39 - - [13/Nov/2022 19:04:43] "[35m[1mPOST /api/lesions/21 HTTP/1.1[0m" 500 -
11-13 19:04 werkzeug     INFO     10.20.195.39 - - [13/Nov/2022 19:04:43] "[35m[1mPOST /api/lesions/21 HTTP/1.1[0m" 500 -
11-13 19:04 werkzeug     INFO     10.20.195.39 - - [13/Nov/2022 19:04:43] "[35m[1mPOST /api/lesions/21 HTTP/1.1[0m" 500 -
11-13 19:04 werkzeug     INFO     10.20.195.39 - - [13/Nov/2022 19:04:43] "[35m[1mPOST /api/lesions/21 HTTP/1.1[0m" 500 -
11-13 19:04 werkzeug     INFO     10.20.195.39 - - [13/Nov/2022 19:04:43] "[35m[1mPOST /api/lesions/21 HTTP/1.1[0m" 500 -
11-13 19:04 werkzeug     INFO     10.20.195.39 - - [13/Nov/2022 19:04:44] "[35m[1mPOST /api/lesions/21 HTTP/1.1[0m" 500 -
11-13 19:04 werkzeug     INFO     10.20.195.39 - - [13/Nov/2022 19:04:44] "[35m[1mPOST /api/lesions/21 HTTP/1.1[0m" 500 -
11-13 19:04 werkzeug     INFO     10.20.195.39 - - [13/Nov/2022 19:04:44] "[35m[1mPOST /api/lesions/21 HTTP/1.1[0m" 500 -
11-13 19:04 werkzeug     INFO     10.20.195.39 - - [13/Nov/2022 19:04:44] "[35m[1mPOST /api/lesions/21 HTTP/1.1[0m" 500 -
11-13 19:05 werkzeug     INFO     10.20.195.39 - - [13/Nov/2022 19:05:53] "[35m[1mPOST /api/lesions/21 HTTP/1.1[0m" 500 -
11-13 19:05 werkzeug     INFO     10.20.195.39 - - [13/Nov/2022 19:05:54] "[35m[1mPOST /api/lesions/21 HTTP/1.1[0m" 500 -
11-13 19:05 werkzeug     INFO     10.20.195.39 - - [13/Nov/2022 19:05:55] "[35m[1mPOST /api/lesions/21 HTTP/1.1[0m" 500 -
11-13 19:06 werkzeug     INFO     10.20.195.39 - - [13/Nov/2022 19:06:00] "[35m[1mPOST /api/lesions/21 HTTP/1.1[0m" 500 -
11-13 19:06 werkzeug     INFO     [31m[1mWARNING: This is a development server. Do not use it in a production deployment. Use a production WSGI server instead.[0m
 * Running on all addresses (0.0.0.0)
 * Running on http://127.0.0.1:5000
 * Running on http://10.20.195.120:5000
11-13 19:06 werkzeug     INFO     [33mPress CTRL+C to quit[0m
11-13 19:06 werkzeug     INFO      * Restarting with stat
11-13 19:06 werkzeug     WARNING   * Debugger is active!
11-13 19:06 werkzeug     INFO      * Debugger PIN: 135-778-947
11-13 19:06 werkzeug     INFO     10.20.195.39 - - [13/Nov/2022 19:06:09] "[35m[1mPOST /api/lesions/21 HTTP/1.1[0m" 500 -
11-13 19:06 werkzeug     INFO      * Detected change in '/home/tony/flaskprojects/melamineapi/api/resources/lesions_resource.py', reloading
11-13 19:06 werkzeug     INFO      * Restarting with stat
11-13 19:06 werkzeug     WARNING   * Debugger is active!
11-13 19:06 werkzeug     INFO      * Debugger PIN: 135-778-947
11-13 19:06 werkzeug     INFO     10.20.195.39 - - [13/Nov/2022 19:06:20] "[35m[1mPOST /api/lesions/21 HTTP/1.1[0m" 500 -
11-13 19:06 werkzeug     INFO      * Detected change in '/home/tony/flaskprojects/melamineapi/api/resources/lesions_resource.py', reloading
11-13 19:06 werkzeug     INFO      * Restarting with stat
11-13 19:06 werkzeug     WARNING   * Debugger is active!
11-13 19:06 werkzeug     INFO      * Debugger PIN: 135-778-947
11-13 19:06 werkzeug     INFO     10.20.195.39 - - [13/Nov/2022 19:06:37] "POST /api/lesions/21 HTTP/1.1" 200 -
11-13 19:06 werkzeug     INFO     10.20.195.39 - - [13/Nov/2022 19:06:50] "POST /api/lesions/21 HTTP/1.1" 200 -
11-13 19:06 werkzeug     INFO     10.20.195.39 - - [13/Nov/2022 19:06:53] "POST /api/lesions/21 HTTP/1.1" 200 -
11-13 19:08 werkzeug     INFO     10.20.195.39 - - [13/Nov/2022 19:08:00] "[35m[1mPOST /api/lesions/21 HTTP/1.1[0m" 500 -
11-13 19:08 werkzeug     INFO      * Detected change in '/home/tony/flaskprojects/melamineapi/api/resources/lesions_resource.py', reloading
11-13 19:08 werkzeug     INFO      * Restarting with stat
11-13 19:08 werkzeug     WARNING   * Debugger is active!
11-13 19:08 werkzeug     INFO      * Debugger PIN: 135-778-947
11-13 19:08 werkzeug     INFO     10.20.195.39 - - [13/Nov/2022 19:08:23] "[35m[1mPOST /api/lesions/21 HTTP/1.1[0m" 500 -
11-13 19:08 werkzeug     INFO      * Detected change in '/home/tony/flaskprojects/melamineapi/api/resources/lesions_resource.py', reloading
11-13 19:08 werkzeug     INFO      * Restarting with stat
11-13 19:08 werkzeug     WARNING   * Debugger is active!
11-13 19:08 werkzeug     INFO      * Debugger PIN: 135-778-947
11-13 19:08 werkzeug     INFO     10.20.195.39 - - [13/Nov/2022 19:08:47] "[35m[1mPOST /api/lesions/21 HTTP/1.1[0m" 500 -
11-13 19:09 werkzeug     INFO      * Detected change in '/home/tony/flaskprojects/melamineapi/api/resources/lesions_resource.py', reloading
11-13 19:09 werkzeug     INFO      * Restarting with stat
11-13 19:09 werkzeug     WARNING   * Debugger is active!
11-13 19:09 werkzeug     INFO      * Debugger PIN: 135-778-947
11-13 19:09 werkzeug     INFO     10.20.195.39 - - [13/Nov/2022 19:09:05] "[35m[1mPOST /api/lesions/21 HTTP/1.1[0m" 500 -
11-13 19:10 werkzeug     INFO      * Detected change in '/home/tony/flaskprojects/melamineapi/api/resources/lesions_resource.py', reloading
11-13 19:10 werkzeug     INFO      * Restarting with stat
11-13 19:10 werkzeug     WARNING   * Debugger is active!
11-13 19:10 werkzeug     INFO      * Debugger PIN: 135-778-947
11-13 19:10 werkzeug     INFO     10.20.195.39 - - [13/Nov/2022 19:10:24] "POST /api/lesions/21 HTTP/1.1" 200 -
11-13 19:12 werkzeug     INFO      * Detected change in '/home/tony/flaskprojects/melamineapi/api/resources/lesions_resource.py', reloading
11-13 19:12 werkzeug     INFO      * Restarting with stat
11-13 19:12 werkzeug     WARNING   * Debugger is active!
11-13 19:12 werkzeug     INFO      * Debugger PIN: 135-778-947
11-13 19:12 werkzeug     INFO     10.20.195.39 - - [13/Nov/2022 19:12:40] "POST /api/lesions/21 HTTP/1.1" 200 -
11-13 19:15 werkzeug     INFO      * Detected change in '/home/tony/flaskprojects/melamineapi/api/resources/lesions_resource.py', reloading
11-13 19:15 werkzeug     INFO      * Restarting with stat
11-13 19:15 werkzeug     WARNING   * Debugger is active!
11-13 19:15 werkzeug     INFO      * Debugger PIN: 135-778-947
11-13 19:15 werkzeug     INFO     10.20.195.39 - - [13/Nov/2022 19:15:37] "[31m[1mPOST /api/lesions/21 HTTP/1.1[0m" 400 -
11-13 19:16 werkzeug     INFO      * Detected change in '/home/tony/flaskprojects/melamineapi/api/resources/lesions_resource.py', reloading
11-13 19:16 werkzeug     INFO      * Restarting with stat
11-13 19:16 werkzeug     WARNING   * Debugger is active!
11-13 19:16 werkzeug     INFO      * Debugger PIN: 135-778-947
11-13 19:16 werkzeug     INFO     10.20.195.39 - - [13/Nov/2022 19:16:28] "[31m[1mPOST /api/lesions/21 HTTP/1.1[0m" 400 -
11-13 19:16 werkzeug     INFO      * Detected change in '/home/tony/flaskprojects/melamineapi/api/resources/lesions_resource.py', reloading
11-13 19:16 werkzeug     INFO      * Restarting with stat
11-13 19:16 werkzeug     WARNING   * Debugger is active!
11-13 19:16 werkzeug     INFO      * Debugger PIN: 135-778-947
11-13 19:16 werkzeug     INFO     10.20.195.39 - - [13/Nov/2022 19:16:38] "POST /api/lesions/21 HTTP/1.1" 200 -
11-13 21:34 werkzeug     INFO      * Detected change in '/home/tony/flaskprojects/melamineapi/api/resources/lesions_resource.py', reloading
11-13 21:34 werkzeug     INFO      * Restarting with stat
11-13 21:34 werkzeug     WARNING   * Debugger is active!
11-13 21:34 werkzeug     INFO      * Debugger PIN: 135-778-947
11-13 21:37 werkzeug     INFO     192.168.100.205 - - [13/Nov/2022 21:37:04] "[31m[1mPOST /api/lesions/21 HTTP/1.1[0m" 413 -
11-13 21:37 PIL.TiffImagePlugin DEBUG    tag: Compression (259) - type: short (3) - value: b'\x00\x06'
11-13 21:37 PIL.TiffImagePlugin DEBUG    tag: JPEGInterchangeFormat (513) - type: long (4) - value: b'\x00\x00\x04\xf4'
11-13 21:37 PIL.TiffImagePlugin DEBUG    tag: JPEGInterchangeFormatLength (514) - type: long (4) - value: b'\x00\x00/\xea'
11-13 21:37 PIL.TiffImagePlugin DEBUG    tag: ImageLength (257) - type: long (4) - value: b'\x00\x00\x02\xd0'
11-13 21:37 PIL.TiffImagePlugin DEBUG    tag: Make (271) - type: string (2) Tag Location: 70 - Data Location: 206 - value: b'TECNO MOBILE LIMITED\x00'
11-13 21:37 PIL.TiffImagePlugin DEBUG    tag: Orientation (274) - type: long (4) - value: b'\x00\x00\x00\x00'
11-13 21:37 PIL.TiffImagePlugin DEBUG    tag: DateTime (306) - type: string (2) Tag Location: 94 - Data Location: 227 - value: b'2022:11:11 16:18:42\x00'
11-13 21:37 PIL.TiffImagePlugin DEBUG    tag: YResolution (283) - type: rational (5) Tag Location: 106 - Data Location: 247 - value: b'\x00\x00\x00H\x00\x00\x00\x01'
11-13 21:37 PIL.TiffImagePlugin DEBUG    tag: XResolution (282) - type: rational (5) Tag Location: 118 - Data Location: 255 - value: b'\x00\x00\x00H\x00\x00\x00\x01'
11-13 21:37 PIL.TiffImagePlugin DEBUG    tag: ImageWidth (256) - type: long (4) - value: b'\x00\x00\x03\xc0'
11-13 21:37 PIL.TiffImagePlugin DEBUG    tag: Model (272) - type: string (2) Tag Location: 142 - Data Location: 263 - value: b'TECNO SA1S Pro\x00'
11-13 21:37 PIL.TiffImagePlugin DEBUG    tag: Software (305) - type: string (2) Tag Location: 154 - Data Location: 278 - value: b'MediaTek Camera Application\x00'
11-13 21:37 PIL.TiffImagePlugin DEBUG    tag: ImageDescription (270) - type: string (2) - value: b'\x00'
11-13 21:37 PIL.TiffImagePlugin DEBUG    tag: YCbCrPositioning (531) - type: short (3) - value: b'\x00\x02'
11-13 21:37 PIL.TiffImagePlugin DEBUG    tag: ExifIFD (34665) - type: long (4) - value: b'\x00\x00\x012'
11-13 21:37 PIL.TiffImagePlugin DEBUG    tag: ResolutionUnit (296) - type: short (3) - value: b'\x00\x02'
11-13 21:37 werkzeug     INFO     192.168.100.205 - - [13/Nov/2022 21:37:50] "POST /api/lesions/21 HTTP/1.1" 200 -
11-13 21:40 PIL.TiffImagePlugin DEBUG    tag: Compression (259) - type: short (3) - value: b'\x00\x06'
11-13 21:40 PIL.TiffImagePlugin DEBUG    tag: JPEGInterchangeFormat (513) - type: long (4) - value: b'\x00\x00\x04\xf4'
11-13 21:40 PIL.TiffImagePlugin DEBUG    tag: JPEGInterchangeFormatLength (514) - type: long (4) - value: b'\x00\x00/\xea'
11-13 21:40 PIL.TiffImagePlugin DEBUG    tag: ImageLength (257) - type: long (4) - value: b'\x00\x00\x02\xd0'
11-13 21:40 PIL.TiffImagePlugin DEBUG    tag: Make (271) - type: string (2) Tag Location: 70 - Data Location: 206 - value: b'TECNO MOBILE LIMITED\x00'
11-13 21:40 PIL.TiffImagePlugin DEBUG    tag: Orientation (274) - type: long (4) - value: b'\x00\x00\x00\x00'
11-13 21:40 PIL.TiffImagePlugin DEBUG    tag: DateTime (306) - type: string (2) Tag Location: 94 - Data Location: 227 - value: b'2022:11:11 16:18:42\x00'
11-13 21:40 PIL.TiffImagePlugin DEBUG    tag: YResolution (283) - type: rational (5) Tag Location: 106 - Data Location: 247 - value: b'\x00\x00\x00H\x00\x00\x00\x01'
11-13 21:40 PIL.TiffImagePlugin DEBUG    tag: XResolution (282) - type: rational (5) Tag Location: 118 - Data Location: 255 - value: b'\x00\x00\x00H\x00\x00\x00\x01'
11-13 21:40 PIL.TiffImagePlugin DEBUG    tag: ImageWidth (256) - type: long (4) - value: b'\x00\x00\x03\xc0'
11-13 21:40 PIL.TiffImagePlugin DEBUG    tag: Model (272) - type: string (2) Tag Location: 142 - Data Location: 263 - value: b'TECNO SA1S Pro\x00'
11-13 21:40 PIL.TiffImagePlugin DEBUG    tag: Software (305) - type: string (2) Tag Location: 154 - Data Location: 278 - value: b'MediaTek Camera Application\x00'
11-13 21:40 PIL.TiffImagePlugin DEBUG    tag: ImageDescription (270) - type: string (2) - value: b'\x00'
11-13 21:40 PIL.TiffImagePlugin DEBUG    tag: YCbCrPositioning (531) - type: short (3) - value: b'\x00\x02'
11-13 21:40 PIL.TiffImagePlugin DEBUG    tag: ExifIFD (34665) - type: long (4) - value: b'\x00\x00\x012'
11-13 21:40 PIL.TiffImagePlugin DEBUG    tag: ResolutionUnit (296) - type: short (3) - value: b'\x00\x02'
11-13 21:40 werkzeug     INFO     192.168.100.205 - - [13/Nov/2022 21:40:41] "POST /api/lesions/21 HTTP/1.1" 200 -
11-13 21:42 PIL.TiffImagePlugin DEBUG    tag: Compression (259) - type: short (3) - value: b'\x00\x06'
11-13 21:42 PIL.TiffImagePlugin DEBUG    tag: JPEGInterchangeFormat (513) - type: long (4) - value: b'\x00\x00\x04\xf4'
11-13 21:42 PIL.TiffImagePlugin DEBUG    tag: JPEGInterchangeFormatLength (514) - type: long (4) - value: b'\x00\x00/\xea'
11-13 21:42 PIL.TiffImagePlugin DEBUG    tag: ImageLength (257) - type: long (4) - value: b'\x00\x00\x02\xd0'
11-13 21:42 PIL.TiffImagePlugin DEBUG    tag: Make (271) - type: string (2) Tag Location: 70 - Data Location: 206 - value: b'TECNO MOBILE LIMITED\x00'
11-13 21:42 PIL.TiffImagePlugin DEBUG    tag: Orientation (274) - type: long (4) - value: b'\x00\x00\x00\x00'
11-13 21:42 PIL.TiffImagePlugin DEBUG    tag: DateTime (306) - type: string (2) Tag Location: 94 - Data Location: 227 - value: b'2022:11:11 16:18:42\x00'
11-13 21:42 PIL.TiffImagePlugin DEBUG    tag: YResolution (283) - type: rational (5) Tag Location: 106 - Data Location: 247 - value: b'\x00\x00\x00H\x00\x00\x00\x01'
11-13 21:42 PIL.TiffImagePlugin DEBUG    tag: XResolution (282) - type: rational (5) Tag Location: 118 - Data Location: 255 - value: b'\x00\x00\x00H\x00\x00\x00\x01'
11-13 21:42 PIL.TiffImagePlugin DEBUG    tag: ImageWidth (256) - type: long (4) - value: b'\x00\x00\x03\xc0'
11-13 21:42 PIL.TiffImagePlugin DEBUG    tag: Model (272) - type: string (2) Tag Location: 142 - Data Location: 263 - value: b'TECNO SA1S Pro\x00'
11-13 21:42 PIL.TiffImagePlugin DEBUG    tag: Software (305) - type: string (2) Tag Location: 154 - Data Location: 278 - value: b'MediaTek Camera Application\x00'
11-13 21:42 PIL.TiffImagePlugin DEBUG    tag: ImageDescription (270) - type: string (2) - value: b'\x00'
11-13 21:42 PIL.TiffImagePlugin DEBUG    tag: YCbCrPositioning (531) - type: short (3) - value: b'\x00\x02'
11-13 21:42 PIL.TiffImagePlugin DEBUG    tag: ExifIFD (34665) - type: long (4) - value: b'\x00\x00\x012'
11-13 21:42 PIL.TiffImagePlugin DEBUG    tag: ResolutionUnit (296) - type: short (3) - value: b'\x00\x02'
11-13 21:42 werkzeug     INFO     192.168.100.205 - - [13/Nov/2022 21:42:34] "POST /api/lesions/21 HTTP/1.1" 200 -
11-13 21:45 PIL.TiffImagePlugin DEBUG    tag: Compression (259) - type: short (3) - value: b'\x00\x06'
11-13 21:45 PIL.TiffImagePlugin DEBUG    tag: JPEGInterchangeFormat (513) - type: long (4) - value: b'\x00\x00\x04\xf4'
11-13 21:45 PIL.TiffImagePlugin DEBUG    tag: JPEGInterchangeFormatLength (514) - type: long (4) - value: b'\x00\x00/\xea'
11-13 21:45 PIL.TiffImagePlugin DEBUG    tag: ImageLength (257) - type: long (4) - value: b'\x00\x00\x02\xd0'
11-13 21:45 PIL.TiffImagePlugin DEBUG    tag: Make (271) - type: string (2) Tag Location: 70 - Data Location: 206 - value: b'TECNO MOBILE LIMITED\x00'
11-13 21:45 PIL.TiffImagePlugin DEBUG    tag: Orientation (274) - type: long (4) - value: b'\x00\x00\x00\x00'
11-13 21:45 PIL.TiffImagePlugin DEBUG    tag: DateTime (306) - type: string (2) Tag Location: 94 - Data Location: 227 - value: b'2022:11:11 16:18:42\x00'
11-13 21:45 PIL.TiffImagePlugin DEBUG    tag: YResolution (283) - type: rational (5) Tag Location: 106 - Data Location: 247 - value: b'\x00\x00\x00H\x00\x00\x00\x01'
11-13 21:45 PIL.TiffImagePlugin DEBUG    tag: XResolution (282) - type: rational (5) Tag Location: 118 - Data Location: 255 - value: b'\x00\x00\x00H\x00\x00\x00\x01'
11-13 21:45 PIL.TiffImagePlugin DEBUG    tag: ImageWidth (256) - type: long (4) - value: b'\x00\x00\x03\xc0'
11-13 21:45 PIL.TiffImagePlugin DEBUG    tag: Model (272) - type: string (2) Tag Location: 142 - Data Location: 263 - value: b'TECNO SA1S Pro\x00'
11-13 21:45 PIL.TiffImagePlugin DEBUG    tag: Software (305) - type: string (2) Tag Location: 154 - Data Location: 278 - value: b'MediaTek Camera Application\x00'
11-13 21:45 PIL.TiffImagePlugin DEBUG    tag: ImageDescription (270) - type: string (2) - value: b'\x00'
11-13 21:45 PIL.TiffImagePlugin DEBUG    tag: YCbCrPositioning (531) - type: short (3) - value: b'\x00\x02'
11-13 21:45 PIL.TiffImagePlugin DEBUG    tag: ExifIFD (34665) - type: long (4) - value: b'\x00\x00\x012'
11-13 21:45 PIL.TiffImagePlugin DEBUG    tag: ResolutionUnit (296) - type: short (3) - value: b'\x00\x02'
11-13 21:45 werkzeug     INFO     192.168.100.205 - - [13/Nov/2022 21:45:54] "POST /api/lesions/21 HTTP/1.1" 200 -
11-13 21:47 PIL.TiffImagePlugin DEBUG    tag: Compression (259) - type: short (3) - value: b'\x00\x06'
11-13 21:47 PIL.TiffImagePlugin DEBUG    tag: JPEGInterchangeFormat (513) - type: long (4) - value: b'\x00\x00\x04\xf4'
11-13 21:47 PIL.TiffImagePlugin DEBUG    tag: JPEGInterchangeFormatLength (514) - type: long (4) - value: b'\x00\x00,\xea'
11-13 21:47 PIL.TiffImagePlugin DEBUG    tag: ImageLength (257) - type: long (4) - value: b'\x00\x00\x02\xd0'
11-13 21:47 PIL.TiffImagePlugin DEBUG    tag: Make (271) - type: string (2) Tag Location: 70 - Data Location: 206 - value: b'TECNO MOBILE LIMITED\x00'
11-13 21:47 PIL.TiffImagePlugin DEBUG    tag: Orientation (274) - type: long (4) - value: b'\x00\x00\x00\x00'
11-13 21:47 PIL.TiffImagePlugin DEBUG    tag: DateTime (306) - type: string (2) Tag Location: 94 - Data Location: 227 - value: b'2022:11:13 21:47:18\x00'
11-13 21:47 PIL.TiffImagePlugin DEBUG    tag: YResolution (283) - type: rational (5) Tag Location: 106 - Data Location: 247 - value: b'\x00\x00\x00H\x00\x00\x00\x01'
11-13 21:47 PIL.TiffImagePlugin DEBUG    tag: XResolution (282) - type: rational (5) Tag Location: 118 - Data Location: 255 - value: b'\x00\x00\x00H\x00\x00\x00\x01'
11-13 21:47 PIL.TiffImagePlugin DEBUG    tag: ImageWidth (256) - type: long (4) - value: b'\x00\x00\x03\xc0'
11-13 21:47 PIL.TiffImagePlugin DEBUG    tag: Model (272) - type: string (2) Tag Location: 142 - Data Location: 263 - value: b'TECNO SA1S Pro\x00'
11-13 21:47 PIL.TiffImagePlugin DEBUG    tag: Software (305) - type: string (2) Tag Location: 154 - Data Location: 278 - value: b'MediaTek Camera Application\x00'
11-13 21:47 PIL.TiffImagePlugin DEBUG    tag: ImageDescription (270) - type: string (2) - value: b'\x00'
11-13 21:47 PIL.TiffImagePlugin DEBUG    tag: YCbCrPositioning (531) - type: short (3) - value: b'\x00\x02'
11-13 21:47 PIL.TiffImagePlugin DEBUG    tag: ExifIFD (34665) - type: long (4) - value: b'\x00\x00\x012'
11-13 21:47 PIL.TiffImagePlugin DEBUG    tag: ResolutionUnit (296) - type: short (3) - value: b'\x00\x02'
11-13 21:47 werkzeug     INFO     192.168.100.205 - - [13/Nov/2022 21:47:27] "POST /api/lesions/21 HTTP/1.1" 200 -
11-13 21:47 PIL.TiffImagePlugin DEBUG    tag: Compression (259) - type: short (3) - value: b'\x00\x06'
11-13 21:47 PIL.TiffImagePlugin DEBUG    tag: JPEGInterchangeFormat (513) - type: long (4) - value: b'\x00\x00\x04\xf4'
11-13 21:47 PIL.TiffImagePlugin DEBUG    tag: JPEGInterchangeFormatLength (514) - type: long (4) - value: b'\x00\x00!\xc7'
11-13 21:47 PIL.TiffImagePlugin DEBUG    tag: ImageLength (257) - type: long (4) - value: b'\x00\x00\x02\xd0'
11-13 21:47 PIL.TiffImagePlugin DEBUG    tag: Make (271) - type: string (2) Tag Location: 70 - Data Location: 206 - value: b'TECNO MOBILE LIMITED\x00'
11-13 21:47 PIL.TiffImagePlugin DEBUG    tag: Orientation (274) - type: long (4) - value: b'\x00\x00\x00\x00'
11-13 21:47 PIL.TiffImagePlugin DEBUG    tag: DateTime (306) - type: string (2) Tag Location: 94 - Data Location: 227 - value: b'2022:11:13 21:47:47\x00'
11-13 21:47 PIL.TiffImagePlugin DEBUG    tag: YResolution (283) - type: rational (5) Tag Location: 106 - Data Location: 247 - value: b'\x00\x00\x00H\x00\x00\x00\x01'
11-13 21:47 PIL.TiffImagePlugin DEBUG    tag: XResolution (282) - type: rational (5) Tag Location: 118 - Data Location: 255 - value: b'\x00\x00\x00H\x00\x00\x00\x01'
11-13 21:47 PIL.TiffImagePlugin DEBUG    tag: ImageWidth (256) - type: long (4) - value: b'\x00\x00\x03\xc0'
11-13 21:47 PIL.TiffImagePlugin DEBUG    tag: Model (272) - type: string (2) Tag Location: 142 - Data Location: 263 - value: b'TECNO SA1S Pro\x00'
11-13 21:47 PIL.TiffImagePlugin DEBUG    tag: Software (305) - type: string (2) Tag Location: 154 - Data Location: 278 - value: b'MediaTek Camera Application\x00'
11-13 21:47 PIL.TiffImagePlugin DEBUG    tag: ImageDescription (270) - type: string (2) - value: b'\x00'
11-13 21:47 PIL.TiffImagePlugin DEBUG    tag: YCbCrPositioning (531) - type: short (3) - value: b'\x00\x02'
11-13 21:47 PIL.TiffImagePlugin DEBUG    tag: ExifIFD (34665) - type: long (4) - value: b'\x00\x00\x012'
11-13 21:47 PIL.TiffImagePlugin DEBUG    tag: ResolutionUnit (296) - type: short (3) - value: b'\x00\x02'
11-13 21:47 werkzeug     INFO     192.168.100.205 - - [13/Nov/2022 21:47:55] "POST /api/lesions/21 HTTP/1.1" 200 -
11-14 08:45 werkzeug     INFO     [31m[1mWARNING: This is a development server. Do not use it in a production deployment. Use a production WSGI server instead.[0m
 * Running on all addresses (0.0.0.0)
 * Running on http://127.0.0.1:5000
 * Running on http://10.20.195.120:5000
11-14 08:45 werkzeug     INFO     [33mPress CTRL+C to quit[0m
11-14 08:45 werkzeug     INFO      * Restarting with stat
11-14 08:45 werkzeug     WARNING   * Debugger is active!
11-14 08:45 werkzeug     INFO      * Debugger PIN: 801-250-735
11-14 08:46 werkzeug     INFO     127.0.0.1 - - [14/Nov/2022 08:46:22] "[33mGET / HTTP/1.1[0m" 404 -
11-14 08:46 werkzeug     INFO     127.0.0.1 - - [14/Nov/2022 08:46:23] "[33mGET /favicon.ico HTTP/1.1[0m" 404 -
11-14 08:46 werkzeug     INFO     127.0.0.1 - - [14/Nov/2022 08:46:29] "[33mGET /auth/register HTTP/1.1[0m" 404 -
11-14 08:46 werkzeug     INFO     127.0.0.1 - - [14/Nov/2022 08:46:31] "[33mGET /instance HTTP/1.1[0m" 404 -
11-14 08:46 werkzeug     INFO     127.0.0.1 - - [14/Nov/2022 08:46:37] "[33mGET /instance/uploads HTTP/1.1[0m" 404 -
11-14 08:58 werkzeug     INFO      * Detected change in '/home/tony/flaskprojects/melamineapi/api/api.py', reloading
11-14 08:58 werkzeug     INFO      * Restarting with stat
11-14 08:59 werkzeug     WARNING   * Debugger is active!
11-14 08:59 werkzeug     INFO      * Debugger PIN: 801-250-735
11-14 09:25 werkzeug     INFO      * Detected change in '/home/tony/flaskprojects/melamineapi/api/resources/lesions_resource.py', reloading
11-14 09:25 werkzeug     INFO      * Restarting with stat
11-14 09:25 werkzeug     WARNING   * Debugger is active!
11-14 09:25 werkzeug     INFO      * Debugger PIN: 801-250-735
11-14 09:29 PIL.TiffImagePlugin DEBUG    tag: Compression (259) - type: short (3) - value: b'\x00\x06'
11-14 09:29 PIL.TiffImagePlugin DEBUG    tag: JPEGInterchangeFormat (513) - type: long (4) - value: b'\x00\x00\x04\xf4'
11-14 09:29 PIL.TiffImagePlugin DEBUG    tag: JPEGInterchangeFormatLength (514) - type: long (4) - value: b'\x00\x00!\xc7'
11-14 09:29 PIL.TiffImagePlugin DEBUG    tag: ImageLength (257) - type: long (4) - value: b'\x00\x00\x02\xd0'
11-14 09:29 PIL.TiffImagePlugin DEBUG    tag: Make (271) - type: string (2) Tag Location: 70 - Data Location: 206 - value: b'TECNO MOBILE LIMITED\x00'
11-14 09:29 PIL.TiffImagePlugin DEBUG    tag: Orientation (274) - type: long (4) - value: b'\x00\x00\x00\x00'
11-14 09:29 PIL.TiffImagePlugin DEBUG    tag: DateTime (306) - type: string (2) Tag Location: 94 - Data Location: 227 - value: b'2022:11:13 21:47:47\x00'
11-14 09:29 PIL.TiffImagePlugin DEBUG    tag: YResolution (283) - type: rational (5) Tag Location: 106 - Data Location: 247 - value: b'\x00\x00\x00H\x00\x00\x00\x01'
11-14 09:29 PIL.TiffImagePlugin DEBUG    tag: XResolution (282) - type: rational (5) Tag Location: 118 - Data Location: 255 - value: b'\x00\x00\x00H\x00\x00\x00\x01'
11-14 09:29 PIL.TiffImagePlugin DEBUG    tag: ImageWidth (256) - type: long (4) - value: b'\x00\x00\x03\xc0'
11-14 09:29 PIL.TiffImagePlugin DEBUG    tag: Model (272) - type: string (2) Tag Location: 142 - Data Location: 263 - value: b'TECNO SA1S Pro\x00'
11-14 09:29 PIL.TiffImagePlugin DEBUG    tag: Software (305) - type: string (2) Tag Location: 154 - Data Location: 278 - value: b'MediaTek Camera Application\x00'
11-14 09:29 PIL.TiffImagePlugin DEBUG    tag: ImageDescription (270) - type: string (2) - value: b'\x00'
11-14 09:29 PIL.TiffImagePlugin DEBUG    tag: YCbCrPositioning (531) - type: short (3) - value: b'\x00\x02'
11-14 09:29 PIL.TiffImagePlugin DEBUG    tag: ExifIFD (34665) - type: long (4) - value: b'\x00\x00\x012'
11-14 09:29 PIL.TiffImagePlugin DEBUG    tag: ResolutionUnit (296) - type: short (3) - value: b'\x00\x02'
11-14 09:29 werkzeug     INFO     10.20.195.39 - - [14/Nov/2022 09:29:22] "POST /api/lesions/21 HTTP/1.1" 200 -
11-14 09:30 werkzeug     INFO     127.0.0.1 - - [14/Nov/2022 09:30:06] "[33mGET /uploads HTTP/1.1[0m" 404 -
11-14 09:30 werkzeug     INFO     127.0.0.1 - - [14/Nov/2022 09:30:17] "[33mGET /static HTTP/1.1[0m" 404 -
11-14 09:35 werkzeug     INFO      * Detected change in '/home/tony/flaskprojects/melamineapi/api/api.py', reloading
11-14 09:36 werkzeug     INFO      * Restarting with stat
11-14 09:36 werkzeug     WARNING   * Debugger is active!
11-14 09:36 werkzeug     INFO      * Debugger PIN: 801-250-735
11-14 09:36 werkzeug     INFO     127.0.0.1 - - [14/Nov/2022 09:36:27] "[33mGET /s HTTP/1.1[0m" 404 -
11-14 09:36 werkzeug     INFO     127.0.0.1 - - [14/Nov/2022 09:36:27] "GET / HTTP/1.1" 200 -
11-14 09:37 werkzeug     INFO      * Detected change in '/home/tony/flaskprojects/melamineapi/api/api.py', reloading
11-14 09:37 werkzeug     INFO      * Restarting with stat
11-14 09:37 werkzeug     WARNING   * Debugger is active!
11-14 09:37 werkzeug     INFO      * Debugger PIN: 801-250-735
11-14 09:37 werkzeug     INFO      * Detected change in '/home/tony/flaskprojects/melamineapi/api/api.py', reloading
11-14 09:37 werkzeug     INFO      * Restarting with stat
11-14 09:37 werkzeug     WARNING   * Debugger is active!
11-14 09:37 werkzeug     INFO      * Debugger PIN: 801-250-735
11-14 09:37 werkzeug     INFO     127.0.0.1 - - [14/Nov/2022 09:37:32] "GET / HTTP/1.1" 200 -
11-14 09:37 werkzeug     INFO     127.0.0.1 - - [14/Nov/2022 09:37:43] "GET //static/uploads/05ee2c8c-32d5-4ad9-a22e-075cec5f7c64.jpeg HTTP/1.1" 200 -
11-14 09:37 werkzeug     INFO     127.0.0.1 - - [14/Nov/2022 09:37:47] "GET /static/uploads/05ee2c8c-32d5-4ad9-a22e-075cec5f7c64.jpeg HTTP/1.1" 200 -
11-14 09:38 werkzeug     INFO      * Detected change in '/home/tony/flaskprojects/melamineapi/api/api.py', reloading
11-14 09:38 werkzeug     INFO      * Restarting with stat
11-14 09:38 werkzeug     WARNING   * Debugger is active!
11-14 09:38 werkzeug     INFO      * Debugger PIN: 801-250-735
11-14 10:23 werkzeug     INFO     10.51.14.91 - - [14/Nov/2022 10:23:44] "GET /api/lesions/21 HTTP/1.1" 200 -
11-14 10:26 werkzeug     INFO     10.51.14.91 - - [14/Nov/2022 10:26:27] "GET /api/lesions/21 HTTP/1.1" 200 -
11-14 10:27 werkzeug     INFO     10.51.14.91 - - [14/Nov/2022 10:27:28] "GET /api/lesions/21 HTTP/1.1" 200 -
11-14 10:27 werkzeug     INFO     10.51.14.91 - - [14/Nov/2022 10:27:57] "GET /api/lesions/21 HTTP/1.1" 200 -
11-14 10:28 werkzeug     INFO     10.51.14.91 - - [14/Nov/2022 10:28:19] "GET /api/lesions/21 HTTP/1.1" 200 -
11-14 10:29 werkzeug     INFO     10.51.14.91 - - [14/Nov/2022 10:29:57] "GET /api/lesions/21 HTTP/1.1" 200 -
11-14 10:30 werkzeug     INFO     10.51.14.91 - - [14/Nov/2022 10:30:11] "GET /api/lesions/21 HTTP/1.1" 200 -
11-14 10:30 werkzeug     INFO     10.51.14.91 - - [14/Nov/2022 10:30:29] "GET /api/lesions/21 HTTP/1.1" 200 -
11-14 10:30 werkzeug     INFO     10.51.14.91 - - [14/Nov/2022 10:30:38] "GET /api/lesions/21 HTTP/1.1" 200 -
11-14 10:33 werkzeug     INFO     10.51.14.91 - - [14/Nov/2022 10:33:22] "GET /api/lesions/21 HTTP/1.1" 200 -
11-14 10:34 werkzeug     INFO     10.51.14.91 - - [14/Nov/2022 10:34:11] "GET /api/lesions/21 HTTP/1.1" 200 -
11-14 10:34 werkzeug     INFO     10.51.14.91 - - [14/Nov/2022 10:34:25] "GET /api/lesions/21 HTTP/1.1" 200 -
11-14 10:34 werkzeug     INFO     10.51.14.91 - - [14/Nov/2022 10:34:48] "GET /api/lesions/21 HTTP/1.1" 200 -
11-14 10:35 werkzeug     INFO     10.51.14.91 - - [14/Nov/2022 10:35:31] "GET /api/lesions/21 HTTP/1.1" 200 -
11-14 10:35 werkzeug     INFO     10.51.14.91 - - [14/Nov/2022 10:35:40] "GET /api/lesions/21 HTTP/1.1" 200 -
11-14 10:35 werkzeug     INFO     10.51.14.91 - - [14/Nov/2022 10:35:54] "GET /api/lesions/21 HTTP/1.1" 200 -
11-14 12:06 werkzeug     INFO     10.51.14.91 - - [14/Nov/2022 12:06:02] "GET /api/lesions/21 HTTP/1.1" 200 -
11-14 12:08 werkzeug     INFO     10.51.14.91 - - [14/Nov/2022 12:08:44] "GET /api/lesions/21 HTTP/1.1" 200 -
11-14 12:09 werkzeug     INFO     10.51.14.91 - - [14/Nov/2022 12:09:43] "GET /api/lesions/21 HTTP/1.1" 200 -
11-14 12:09 werkzeug     INFO     10.51.14.91 - - [14/Nov/2022 12:09:50] "[33mGET /api//static/uploads/5f3608f3-5c11-4640-abdb-5fbab748de4a.jpeg HTTP/1.1[0m" 404 -
11-14 12:10 werkzeug     INFO     10.51.14.91 - - [14/Nov/2022 12:10:36] "GET /api/lesions/21 HTTP/1.1" 200 -
11-14 12:10 werkzeug     INFO     10.51.14.91 - - [14/Nov/2022 12:10:39] "[33mGET /api//static/uploads/5f3608f3-5c11-4640-abdb-5fbab748de4a.jpeg HTTP/1.1[0m" 404 -
11-14 12:11 werkzeug     INFO     10.51.14.91 - - [14/Nov/2022 12:11:29] "GET /api/lesions/21 HTTP/1.1" 200 -
11-14 12:11 werkzeug     INFO     10.51.14.91 - - [14/Nov/2022 12:11:42] "[33mGET //static/uploads/3df88011-93aa-429b-8be5-ac8fad0e76aa.jpeg HTTP/1.1[0m" 404 -
11-14 12:11 werkzeug     INFO     10.51.14.91 - - [14/Nov/2022 12:11:58] "GET /api/lesions/21 HTTP/1.1" 200 -
11-14 12:12 werkzeug     INFO     10.51.14.91 - - [14/Nov/2022 12:12:01] "[33mGET /static/uploads/5f3608f3-5c11-4640-abdb-5fbab748de4a.jpeg HTTP/1.1[0m" 404 -
11-14 12:12 werkzeug     INFO     10.51.56.54 - - [14/Nov/2022 12:12:33] "[33mGET /static/uploads/5f3608f3-5c11-4640-abdb-5fbab748de4a.jpeg HTTP/1.1[0m" 404 -
11-14 12:12 werkzeug     INFO     10.51.56.54 - - [14/Nov/2022 12:12:33] "[33mGET /favicon.ico HTTP/1.1[0m" 404 -
11-14 12:23 werkzeug     INFO     10.51.14.91 - - [14/Nov/2022 12:23:45] "GET /api/lesions/21 HTTP/1.1" 200 -
11-14 12:24 werkzeug     INFO     10.51.14.91 - - [14/Nov/2022 12:24:38] "GET /api/lesions/21 HTTP/1.1" 200 -
11-14 12:25 werkzeug     INFO     10.51.14.91 - - [14/Nov/2022 12:25:17] "GET /api/lesions/21 HTTP/1.1" 200 -
11-14 12:25 werkzeug     INFO     10.51.14.91 - - [14/Nov/2022 12:25:55] "GET /static/uploads/05ee2c8c-32d5-4ad9-a22e-075cec5f7c64.jpeg HTTP/1.1" 200 -
11-14 12:31 werkzeug     INFO     10.51.14.91 - - [14/Nov/2022 12:31:59] "GET /api/lesions/21 HTTP/1.1" 200 -
11-14 12:32 werkzeug     INFO     10.51.14.91 - - [14/Nov/2022 12:32:05] "[35m[1mDELETE /api/lesions/22 HTTP/1.1[0m" 201 -
11-14 12:32 werkzeug     INFO      * Detected change in '/home/tony/flaskprojects/melamineapi/api/resources/lesions_resource.py', reloading
11-14 12:32 werkzeug     INFO      * Restarting with stat
11-14 12:33 werkzeug     WARNING   * Debugger is active!
11-14 12:33 werkzeug     INFO      * Debugger PIN: 801-250-735
11-14 12:34 werkzeug     INFO     10.51.14.91 - - [14/Nov/2022 12:34:37] "GET /api/lesions/21 HTTP/1.1" 200 -
11-14 12:34 werkzeug     INFO     10.51.14.91 - - [14/Nov/2022 12:34:42] "[35m[1mDELETE /api/lesions/23 HTTP/1.1[0m" 201 -
11-14 12:35 werkzeug     INFO     10.51.14.91 - - [14/Nov/2022 12:35:12] "GET /api/lesions/21 HTTP/1.1" 200 -
11-14 12:35 werkzeug     INFO     10.51.14.91 - - [14/Nov/2022 12:35:17] "GET /api/lesions/21 HTTP/1.1" 200 -
11-14 12:35 werkzeug     INFO     10.51.14.91 - - [14/Nov/2022 12:35:19] "[35m[1mDELETE /api/lesions/24 HTTP/1.1[0m" 201 -
11-14 12:35 werkzeug     INFO     10.51.14.91 - - [14/Nov/2022 12:35:20] "GET /api/lesions/21 HTTP/1.1" 200 -
11-14 12:35 werkzeug     INFO     10.51.14.91 - - [14/Nov/2022 12:35:29] "[35m[1mDELETE /api/lesions/25 HTTP/1.1[0m" 201 -
11-14 12:35 werkzeug     INFO     10.51.14.91 - - [14/Nov/2022 12:35:31] "GET /api/lesions/21 HTTP/1.1" 200 -
11-14 12:35 werkzeug     INFO     10.51.14.91 - - [14/Nov/2022 12:35:35] "[35m[1mDELETE /api/lesions/26 HTTP/1.1[0m" 201 -
11-14 12:35 werkzeug     INFO     10.51.14.91 - - [14/Nov/2022 12:35:36] "GET /api/lesions/21 HTTP/1.1" 200 -
11-14 12:35 werkzeug     INFO     10.51.14.91 - - [14/Nov/2022 12:35:41] "[35m[1mDELETE /api/lesions/27 HTTP/1.1[0m" 201 -
11-14 12:35 werkzeug     INFO     10.51.14.91 - - [14/Nov/2022 12:35:41] "GET /api/lesions/21 HTTP/1.1" 200 -
11-14 12:41 werkzeug     INFO     10.51.14.91 - - [14/Nov/2022 12:41:28] "GET /api/lesions/21 HTTP/1.1" 200 -
11-14 12:41 PIL.TiffImagePlugin DEBUG    tag: ImageWidth (256) - type: long (4) - value: b'\x00\x00\x04b'
11-14 12:41 PIL.TiffImagePlugin DEBUG    tag: ImageLength (257) - type: long (4) - value: b'\x00\x00\x03J'
11-14 12:41 PIL.TiffImagePlugin DEBUG    tag: ExifIFD (34665) - type: long (4) - value: b'\x00\x00\x00>'
11-14 12:41 PIL.TiffImagePlugin DEBUG    tag: Orientation (274) - type: long (4) - value: b'\x00\x00\x00\x00'
11-14 12:41 werkzeug     INFO     10.51.14.91 - - [14/Nov/2022 12:41:51] "POST /api/lesions/21 HTTP/1.1" 200 -
11-14 12:41 werkzeug     INFO     10.51.14.91 - - [14/Nov/2022 12:41:56] "GET /api/lesions/21 HTTP/1.1" 200 -
11-14 12:42 werkzeug     INFO     10.51.14.91 - - [14/Nov/2022 12:42:55] "GET /api/lesions/21 HTTP/1.1" 200 -
11-14 12:43 werkzeug     INFO     10.51.14.91 - - [14/Nov/2022 12:43:05] "[35m[1mDELETE /api/lesions/29 HTTP/1.1[0m" 201 -
11-14 12:43 werkzeug     INFO     10.51.14.91 - - [14/Nov/2022 12:43:06] "GET /api/lesions/21 HTTP/1.1" 200 -
11-14 12:43 werkzeug     INFO     10.51.14.91 - - [14/Nov/2022 12:43:21] "[35m[1mDELETE /api/lesions/28 HTTP/1.1[0m" 201 -
11-14 12:43 werkzeug     INFO     10.51.14.91 - - [14/Nov/2022 12:43:21] "[33mGET /api/lesions/21 HTTP/1.1[0m" 404 -
11-14 12:43 werkzeug     INFO     10.51.14.91 - - [14/Nov/2022 12:43:30] "[33mGET /api/lesions/21 HTTP/1.1[0m" 404 -
11-14 12:44 werkzeug     INFO     10.51.14.91 - - [14/Nov/2022 12:44:12] "[31m[1mGET /api/lesions/21 HTTP/1.1[0m" 401 -
11-14 12:44 werkzeug     INFO     10.51.14.91 - - [14/Nov/2022 12:44:21] "[31m[1mPOST /api/lesions/21 HTTP/1.1[0m" 401 -
11-14 12:44 werkzeug     INFO     10.51.14.91 - - [14/Nov/2022 12:44:24] "[31m[1mPOST /api/lesions/21 HTTP/1.1[0m" 401 -
11-14 12:45 werkzeug     INFO     10.51.14.91 - - [14/Nov/2022 12:45:15] "[31m[1mPOST /api/lesions/21 HTTP/1.1[0m" 401 -
11-14 12:45 werkzeug     INFO     10.51.14.91 - - [14/Nov/2022 12:45:59] "[31m[1mPOST /api/lesions/21 HTTP/1.1[0m" 401 -
11-14 12:46 werkzeug     INFO     10.51.14.91 - - [14/Nov/2022 12:46:23] "[31m[1mDELETE /api/users/logout HTTP/1.1[0m" 401 -
11-14 12:46 werkzeug     INFO     10.51.14.91 - - [14/Nov/2022 12:46:31] "[31m[1mDELETE /api/users/logout HTTP/1.1[0m" 401 -
11-14 12:47 werkzeug     INFO     10.51.14.91 - - [14/Nov/2022 12:47:13] "[31m[1mDELETE /api/users/logout HTTP/1.1[0m" 401 -
11-14 12:47 werkzeug     INFO     10.51.14.91 - - [14/Nov/2022 12:47:40] "[31m[1mDELETE /api/users/logout HTTP/1.1[0m" 401 -
11-14 12:48 werkzeug     INFO     10.51.14.91 - - [14/Nov/2022 12:48:29] "[31m[1mDELETE /api/users/logout HTTP/1.1[0m" 401 -
11-14 12:48 werkzeug     INFO     10.51.14.91 - - [14/Nov/2022 12:48:36] "POST /api/users/login HTTP/1.1" 200 -
11-14 12:48 werkzeug     INFO     10.51.14.91 - - [14/Nov/2022 12:48:38] "[33mGET /api/lesions/21 HTTP/1.1[0m" 404 -
11-14 12:48 PIL.PngImagePlugin DEBUG    STREAM b'IHDR' 16 13
11-14 12:48 PIL.PngImagePlugin DEBUG    STREAM b'eXIf' 41 80
11-14 12:48 PIL.PngImagePlugin DEBUG    STREAM b'sBIT' 133 3
11-14 12:48 PIL.PngImagePlugin DEBUG    b'sBIT' 133 3 (unknown)
11-14 12:48 PIL.PngImagePlugin DEBUG    STREAM b'IDAT' 148 8192
11-14 12:48 werkzeug     INFO     10.51.14.91 - - [14/Nov/2022 12:48:50] "POST /api/lesions/21 HTTP/1.1" 200 -
11-14 12:49 werkzeug     INFO     10.51.14.91 - - [14/Nov/2022 12:49:00] "GET /api/lesions/21 HTTP/1.1" 200 -
11-14 12:49 werkzeug     INFO     10.51.14.91 - - [14/Nov/2022 12:49:31] "[35m[1mDELETE /api/lesions/30 HTTP/1.1[0m" 201 -
11-14 12:49 werkzeug     INFO     10.51.14.91 - - [14/Nov/2022 12:49:31] "[33mGET /api/lesions/21 HTTP/1.1[0m" 404 -
11-14 12:53 werkzeug     INFO     10.51.14.91 - - [14/Nov/2022 12:53:25] "[33mGET /api/lesions/21 HTTP/1.1[0m" 404 -
11-14 12:53 werkzeug     INFO     10.51.14.91 - - [14/Nov/2022 12:53:30] "DELETE /api/users/logout HTTP/1.1" 200 -
